15:00:26.942 [INFO] [org.gradle.launcher.daemon.server.Daemon] start() called on daemon - DefaultDaemonContext[uid=61b80363-eb9e-408a-84a6-b986365eac3b,javaHome=/usr/lib/jvm/java-8-openjdk-amd64,daemonRegistryDir=/home/mahsa/Tu Kl/Compiler/group11/ex1/gradle/daemon,pid=7720,idleTimeout=60000,daemonOpts=-XX:MaxPermSize=256m,-XX:+HeapDumpOnOutOfMemoryError,-Xmx1024m,-Dfile.encoding=UTF-8,-Duser.country=US,-Duser.language=en,-Duser.variant]
15:00:26.947 [DEBUG] [org.gradle.launcher.daemon.server.DaemonStateCoordinator] updating lastActivityAt to 1494334826947
15:00:26.959 [DEBUG] [org.gradle.messaging.remote.internal.inet.InetAddressFactory] Adding IP addresses for network interface wlp2s0
15:00:26.959 [DEBUG] [org.gradle.messaging.remote.internal.inet.InetAddressFactory] Is this a loopback interface? false
15:00:26.960 [DEBUG] [org.gradle.messaging.remote.internal.inet.InetAddressFactory] Is this a multicast interface? true
15:00:26.961 [DEBUG] [org.gradle.messaging.remote.internal.inet.InetAddressFactory] Adding remote address /fe80:0:0:0:6e6f:d075:b957:48a5%wlp2s0
15:00:26.961 [DEBUG] [org.gradle.messaging.remote.internal.inet.InetAddressFactory] Adding remote address /fe80:0:0:0:82e5:94a5:451c:80b8%wlp2s0
15:00:26.962 [DEBUG] [org.gradle.messaging.remote.internal.inet.InetAddressFactory] Adding remote address /fe80:0:0:0:6d0e:ae32:c9a2:9e22%wlp2s0
15:00:26.963 [DEBUG] [org.gradle.messaging.remote.internal.inet.InetAddressFactory] Adding remote address /131.246.175.212
15:00:26.964 [DEBUG] [org.gradle.messaging.remote.internal.inet.InetAddressFactory] Adding remote multicast interface wlp2s0
15:00:26.964 [DEBUG] [org.gradle.messaging.remote.internal.inet.InetAddressFactory] Adding IP addresses for network interface lo
15:00:26.965 [DEBUG] [org.gradle.messaging.remote.internal.inet.InetAddressFactory] Is this a loopback interface? true
15:00:26.965 [DEBUG] [org.gradle.messaging.remote.internal.inet.InetAddressFactory] Is this a multicast interface? false
15:00:26.965 [DEBUG] [org.gradle.messaging.remote.internal.inet.InetAddressFactory] Adding loopback address /0:0:0:0:0:0:0:1%lo
15:00:26.966 [DEBUG] [org.gradle.messaging.remote.internal.inet.InetAddressFactory] Adding loopback address /127.0.0.1
15:00:26.983 [DEBUG] [org.gradle.messaging.remote.internal.inet.TcpIncomingConnector] Listening on [8b85e1a1-ae9f-4584-89bb-79e0fac58b1a port:46545, addresses:[/0:0:0:0:0:0:0:1%lo, /127.0.0.1]].
15:00:26.990 [DEBUG] [org.gradle.launcher.daemon.server.Daemon] Daemon starting at: Tue May 09 15:00:26 CEST 2017, with address: [8b85e1a1-ae9f-4584-89bb-79e0fac58b1a port:46545, addresses:[/0:0:0:0:0:0:0:1%lo, /127.0.0.1]]
15:00:26.990 [INFO] [org.gradle.launcher.daemon.server.DomainRegistryUpdater] Advertising the daemon address to the clients: [8b85e1a1-ae9f-4584-89bb-79e0fac58b1a port:46545, addresses:[/0:0:0:0:0:0:0:1%lo, /127.0.0.1]]
15:00:26.991 [DEBUG] [org.gradle.launcher.daemon.server.DomainRegistryUpdater] Advertised daemon context: DefaultDaemonContext[uid=61b80363-eb9e-408a-84a6-b986365eac3b,javaHome=/usr/lib/jvm/java-8-openjdk-amd64,daemonRegistryDir=/home/mahsa/Tu Kl/Compiler/group11/ex1/gradle/daemon,pid=7720,idleTimeout=60000,daemonOpts=-XX:MaxPermSize=256m,-XX:+HeapDumpOnOutOfMemoryError,-Xmx1024m,-Dfile.encoding=UTF-8,-Duser.country=US,-Duser.language=en,-Duser.variant]
15:00:26.992 [DEBUG] [org.gradle.launcher.daemon.registry.PersistentDaemonRegistry] Storing daemon address: [8b85e1a1-ae9f-4584-89bb-79e0fac58b1a port:46545, addresses:[/0:0:0:0:0:0:0:1%lo, /127.0.0.1]], context: DefaultDaemonContext[uid=61b80363-eb9e-408a-84a6-b986365eac3b,javaHome=/usr/lib/jvm/java-8-openjdk-amd64,daemonRegistryDir=/home/mahsa/Tu Kl/Compiler/group11/ex1/gradle/daemon,pid=7720,idleTimeout=60000,daemonOpts=-XX:MaxPermSize=256m,-XX:+HeapDumpOnOutOfMemoryError,-Xmx1024m,-Dfile.encoding=UTF-8,-Duser.country=US,-Duser.language=en,-Duser.variant]
15:00:27.003 [DEBUG] [org.gradle.cache.internal.DefaultFileLockManager] Waiting to acquire exclusive lock on daemon addresses registry.
15:00:27.005 [DEBUG] [org.gradle.cache.internal.DefaultFileLockManager] Lock acquired.
15:00:27.132 [DEBUG] [org.gradle.cache.internal.DefaultFileLockManager] Releasing lock on daemon addresses registry.
15:00:27.133 [LIFECYCLE] [org.gradle.launcher.daemon.server.Daemon] Daemon server started.
15:00:27.137 [DEBUG] [org.gradle.launcher.daemon.bootstrap.DaemonStartupCommunication] Completed writing the daemon greeting. Closing streams...
15:00:27.138 [DEBUG] [org.gradle.launcher.daemon.server.Daemon] requestStopOnIdleTimeout(60000 MILLISECONDS) called on daemon
15:00:27.139 [DEBUG] [org.gradle.launcher.daemon.server.DaemonStateCoordinator] Idle timeout: waiting for daemon to stop or be idle for 60000ms
15:00:27.141 [DEBUG] [org.gradle.launcher.daemon.server.DaemonStateCoordinator] Daemon is idle, sleeping until state change or idle timeout at Tue May 09 15:01:26 CEST 2017
15:00:27.145 [DEBUG] [org.gradle.messaging.remote.internal.inet.TcpIncomingConnector] Accepted connection from /127.0.0.1:35844 to /127.0.0.1:46545.
15:00:27.251 [DEBUG] [org.gradle.launcher.daemon.server.SynchronizedDispatchConnection] thread 14: received class org.gradle.launcher.daemon.protocol.Build
15:00:27.252 [DEBUG] [org.gradle.launcher.daemon.server.DefaultDaemonConnection] Received non-IO message from client: Build{id=7e3c4e4e-afc2-4ae9-96c5-c30b221cfcfb.1, currentDir=/home/mahsa/Tu Kl/Compiler/group11/ex2}
15:00:27.253 [INFO] [org.gradle.launcher.daemon.server.DefaultIncomingConnectionHandler] Received command: Build{id=7e3c4e4e-afc2-4ae9-96c5-c30b221cfcfb.1, currentDir=/home/mahsa/Tu Kl/Compiler/group11/ex2}.
15:00:27.257 [DEBUG] [org.gradle.launcher.daemon.server.DefaultIncomingConnectionHandler] Starting executing command: Build{id=7e3c4e4e-afc2-4ae9-96c5-c30b221cfcfb.1, currentDir=/home/mahsa/Tu Kl/Compiler/group11/ex2} with connection: socket connection from /127.0.0.1:46545 to /127.0.0.1:35844.
15:00:27.294 [DEBUG] [org.gradle.launcher.daemon.server.DaemonStateCoordinator] Command execution: started DaemonCommandExecution[command = Build{id=7e3c4e4e-afc2-4ae9-96c5-c30b221cfcfb.1, currentDir=/home/mahsa/Tu Kl/Compiler/group11/ex2}, connection = org.gradle.launcher.daemon.server.DefaultDaemonConnection@19868420] after 0.0 minutes of idle
15:00:27.295 [INFO] [org.gradle.launcher.daemon.server.DomainRegistryUpdater] Marking the daemon as busy, address: [8b85e1a1-ae9f-4584-89bb-79e0fac58b1a port:46545, addresses:[/0:0:0:0:0:0:0:1%lo, /127.0.0.1]]
15:00:27.296 [DEBUG] [org.gradle.launcher.daemon.registry.PersistentDaemonRegistry] Marking busy by address: [8b85e1a1-ae9f-4584-89bb-79e0fac58b1a port:46545, addresses:[/0:0:0:0:0:0:0:1%lo, /127.0.0.1]]
15:00:27.298 [DEBUG] [org.gradle.cache.internal.DefaultFileLockManager] Waiting to acquire exclusive lock on daemon addresses registry.
15:00:27.299 [DEBUG] [org.gradle.cache.internal.DefaultFileLockManager] Lock acquired.
15:00:27.322 [DEBUG] [org.gradle.cache.internal.DefaultFileLockManager] Releasing lock on daemon addresses registry.
15:00:27.323 [DEBUG] [org.gradle.launcher.daemon.server.DaemonStateCoordinator] updating lastActivityAt to 1494334827323
15:00:27.324 [DEBUG] [org.gradle.launcher.daemon.server.DaemonStateCoordinator] Daemon is busy, sleeping until state changes.
15:00:27.332 [INFO] [org.gradle.launcher.daemon.server.exec.StartBuildOrRespondWithBusy] Daemon is about to start building Build{id=7e3c4e4e-afc2-4ae9-96c5-c30b221cfcfb.1, currentDir=/home/mahsa/Tu Kl/Compiler/group11/ex2}. Dispatching build started information...
15:00:27.334 [DEBUG] [org.gradle.launcher.daemon.server.SynchronizedDispatchConnection] thread 16: dispatching class org.gradle.launcher.daemon.protocol.BuildStarted
15:00:27.342 [DEBUG] [org.gradle.launcher.daemon.server.exec.EstablishBuildEnvironment] Configuring env variables: {PATH=/usr/local/gradle/bin:/usr/local/sbin:/usr/local/bin:/usr/sbin:/usr/bin:/sbin:/bin:/usr/games:/usr/local/games:/snap/bin:/home/mahsa/.rvm/bin, LC_MEASUREMENT=de_DE.UTF-8, XAUTHORITY=/home/mahsa/.Xauthority, XMODIFIERS=@im=ibus, LC_TELEPHONE=de_DE.UTF-8, XDG_DATA_DIRS=/usr/share/ubuntu:/usr/share/gnome:/usr/local/share/:/usr/share/:/var/lib/snapd/desktop, GDMSESSION=ubuntu, MANDATORY_PATH=/usr/share/gconf/ubuntu.mandatory.path, LC_TIME=de_DE.UTF-8, GTK_IM_MODULE=ibus, DBUS_SESSION_BUS_ADDRESS=unix:abstract=/tmp/dbus-ddvhlDCAEQ, DEFAULTS_PATH=/usr/share/gconf/ubuntu.default.path, XDG_CURRENT_DESKTOP=Unity, LD_LIBRARY_PATH=/home/mahsa/Downloads/idea-IC-171.4073.35/bin:, UPSTART_SESSION=unix:abstract=/com/ubuntu/upstart-session/1000/1690, QT4_IM_MODULE=xim, LC_PAPER=de_DE.UTF-8, SESSION_MANAGER=local/mahsa-VPCEA15FG:@/tmp/.ICE-unix/2015,unix/mahsa-VPCEA15FG:/tmp/.ICE-unix/2015, QT_LINUX_ACCESSIBILITY_ALWAYS_ON=1, LOGNAME=mahsa, JOB=unity-settings-daemon, PWD=/home/mahsa, IM_CONFIG_PHASE=1, LANGUAGE=en_US, SHELL=/bin/bash, LC_ADDRESS=de_DE.UTF-8, GIO_LAUNCHED_DESKTOP_FILE=/usr/share/applications/jetbrains-idea-ce.desktop, GTK2_MODULES=overlay-scrollbar, INSTANCE=, GNOME_DESKTOP_SESSION_ID=this-is-deprecated, UPSTART_INSTANCE=, GTK_MODULES=gail:atk-bridge:unity-gtk-module, CLUTTER_IM_MODULE=xim, XDG_SESSION_PATH=/org/freedesktop/DisplayManager/Session0, COMPIZ_BIN_PATH=/usr/bin/, SESSIONTYPE=gnome-session, XDG_SESSION_DESKTOP=ubuntu, SHLVL=0, LC_IDENTIFICATION=de_DE.UTF-8, LC_MONETARY=de_DE.UTF-8, COMPIZ_CONFIG_PROFILE=ubuntu, QT_IM_MODULE=ibus, UPSTART_JOB=unity7, XFILESEARCHPATH=/usr/dt/app-defaults/%L/Dt, XDG_CONFIG_DIRS=/etc/xdg/xdg-ubuntu:/usr/share/upstart/xdg:/etc/xdg, LANG=en_US.UTF-8, GNOME_KEYRING_CONTROL=, XDG_SEAT_PATH=/org/freedesktop/DisplayManager/Seat0, XDG_SESSION_ID=c2, XDG_SESSION_TYPE=x11, GRADLE_HOME=/usr/local/gradle, DISPLAY=:0, LC_NAME=de_DE.UTF-8, GDM_LANG=en_US, XDG_GREETER_DATA_DIR=/var/lib/lightdm-data/mahsa, UPSTART_EVENTS=xsession started, GPG_AGENT_INFO=/home/mahsa/.gnupg/S.gpg-agent:0:1, DESKTOP_SESSION=ubuntu, SESSION=ubuntu, USER=mahsa, XDG_MENU_PREFIX=gnome-, GIO_LAUNCHED_DESKTOP_FILE_PID=2480, QT_ACCESSIBILITY=1, LC_NUMERIC=de_DE.UTF-8, SSH_AUTH_SOCK=/run/user/1000/keyring/ssh, XDG_SEAT=seat0, NLSPATH=/usr/dt/lib/nls/msg/%L/%N.cat, QT_QPA_PLATFORMTHEME=appmenu-qt5, XDG_VTNR=7, XDG_RUNTIME_DIR=/run/user/1000, HOME=/home/mahsa, GNOME_KEYRING_PID=}
15:00:27.350 [DEBUG] [org.gradle.launcher.daemon.server.SynchronizedDispatchConnection] thread 14: received class org.gradle.launcher.daemon.protocol.CloseInput
15:00:27.351 [DEBUG] [org.gradle.launcher.daemon.server.DefaultDaemonConnection] Received IO message from client: org.gradle.launcher.daemon.protocol.CloseInput@70b0e8b9
15:00:27.370 [DEBUG] [org.gradle.launcher.daemon.server.exec.LogToClient] About to start relaying all logs to the client via the connection.
15:00:27.371 [INFO] [org.gradle.launcher.daemon.server.exec.LogToClient] The client will now receive all logging from the daemon (pid: 7720). The daemon log file: /home/mahsa/Tu Kl/Compiler/group11/ex1/gradle/daemon/2.12/daemon-7720.out.log
15:00:27.386 [INFO] [org.gradle.launcher.daemon.server.health.DaemonHealthTracker] Starting build in new daemon [memory: 954.7 MB]
15:00:27.392 [INFO] [org.gradle.launcher.daemon.server.exec.ForwardClientInput] Closing daemon's stdin at end of input.
15:00:27.393 [INFO] [org.gradle.launcher.daemon.server.exec.ForwardClientInput] The daemon will no longer process any standard input.
15:00:27.399 [DEBUG] [org.gradle.launcher.daemon.server.exec.ExecuteBuild] The daemon has started executing the build.
15:00:27.400 [INFO] [org.gradle.launcher.daemon.server.exec.ExecuteBuild] Executing build with daemon context: DefaultDaemonContext[uid=61b80363-eb9e-408a-84a6-b986365eac3b,javaHome=/usr/lib/jvm/java-8-openjdk-amd64,daemonRegistryDir=/home/mahsa/Tu Kl/Compiler/group11/ex1/gradle/daemon,pid=7720,idleTimeout=60000,daemonOpts=-XX:MaxPermSize=256m,-XX:+HeapDumpOnOutOfMemoryError,-Xmx1024m,-Dfile.encoding=UTF-8,-Duser.country=US,-Duser.language=en,-Duser.variant]
:genAst UP-TO-DATE
:genCupWarning : Terminal "SHORT" was declared but never used
Warning : Terminal "IMPLEMENTS" was declared but never used
Warning : Terminal "CONST" was declared but never used
Warning : Terminal "STRICTFP" was declared but never used
Warning : Terminal "ENUM" was declared but never used
Warning : Terminal "CATCH" was declared but never used
Warning : Terminal "THROW" was declared but never used
Warning : Terminal "DOUBLE" was declared but never used
Warning : Terminal "TRANSIENT" was declared but never used
Warning : Terminal "PROTECTED" was declared but never used
Warning : Terminal "FINAL" was declared but never used
Warning : Terminal "FLOAT" was declared but never used
Warning : Terminal "GOTO" was declared but never used
Warning : Terminal "PACKAGE" was declared but never used
Warning : Terminal "SUPER" was declared but never used
Warning : Terminal "ABSTRACT" was declared but never used
Warning : Terminal "NATIVE" was declared but never used
Warning : Terminal "LONG" was declared but never used
Warning : Terminal "INTERFACE" was declared but never used
Warning : Terminal "CHAR" was declared but never used
Warning : Terminal "SWITCH" was declared but never used
Warning : Terminal "DO" was declared but never used
Warning : Terminal "FOR" was declared but never used
Warning : Terminal "TRY" was declared but never used
Warning : Terminal "BREAK" was declared but never used
Warning : Terminal "THROWS" was declared but never used
Warning : Terminal "DEFAULT" was declared but never used
Warning : Terminal "IMPORT" was declared but never used
Warning : Terminal "SYNCHRONIZED" was declared but never used
Warning : Terminal "FINALLY" was declared but never used
Warning : Terminal "CONTINUE" was declared but never used
Warning : Terminal "INSTANCEOF" was declared but never used
Warning : Terminal "ASSERT" was declared but never used
Warning : Terminal "INVALID_TOKEN" was declared but never used
Warning : Terminal "VOLATILE" was declared but never used
Warning : Terminal "CASE" was declared but never used
Warning : Terminal "BYTE" was declared but never used
Warning : Terminal "PRIVATE" was declared but never used
Warning : Non terminal "exp" was declared but never used
Warning : *** Production "op ::= EQUALS " never reduced
Warning : *** Production "op ::= LESS " never reduced
Warning : *** Production "op ::= DIV " never reduced
Warning : *** Production "op ::= TIMES " never reduced
Warning : *** Production "op ::= MINUS " never reduced
Warning : *** Production "op ::= expr PLUS expr " never reduced
Warning : *** Production "op ::= AND " never reduced
Warning : *** Production "exprRest ::= COMMA expr " never reduced
Warning : *** Production "exprlist ::= expr exprRest " never reduced
Warning : *** Production "expr ::= LPAREN expr RPAREN " never reduced
Warning : *** Production "expr ::= NEW ID LPAREN RPAREN " never reduced
Warning : *** Production "expr ::= NEW INT LBRACKET expr RBRACKET " never reduced
Warning : *** Production "expr ::= NULL " never reduced
Warning : *** Production "expr ::= THIS " never reduced
Warning : *** Production "expr ::= NUMBER " never reduced
Warning : *** Production "expr ::= ID " never reduced
Warning : *** Production "expr ::= FALSE " never reduced
Warning : *** Production "expr ::= TRUE " never reduced
Warning : *** Production "expr ::= expr DOT ID LPAREN exprlist RPAREN " never reduced
Warning : *** Production "expr ::= expr DOT ID " never reduced
Warning : *** Production "expr ::= expr DOT ID " never reduced
Warning : *** Production "expr ::= expr DOT LENGTH " never reduced
Warning : *** Production "expr ::= expr LBRACKET expr RBRACKET " never reduced
Warning : *** Production "expr ::= MINUS expr " never reduced
Warning : *** Production "expr ::= NEG expr " never reduced
Warning : *** Production "expr ::= expr op expr " never reduced
Warning : *** Production "statement ::= expr EQ expr " never reduced
Warning : *** Production "statement ::= expr SEMI " never reduced
Warning : *** Production "statement ::= SYSTEM DOT OUT DOT PRINTLN LPAREN expr RPAREN " never reduced
Warning : *** Production "statement ::= RETURN expr " never reduced
Warning : *** Production "statement ::= WHILE LPAREN expr RPAREN statement " never reduced
Warning : *** Production "statement ::= IF LPAREN expr RPAREN statement ELSE statement " never reduced
Warning : *** Production "statement ::= block " never reduced
Warning : *** Production "type ::= ID " never reduced
Warning : *** Production "type ::= INT " never reduced
Warning : *** Production "type ::= BOOLEAN " never reduced
Warning : *** Production "type ::= INT LBRACKET RBRACKET " never reduced
Warning : *** Production "vardeclist ::= COMMA type ID " never reduced
Warning : *** Production "vardeclist ::= type ID vardeclist " never reduced
Warning : *** Production "methodecl ::= type ID LBRACE vardeclist RBRACE block " never reduced
Warning : *** Production "vardecl ::= type ID SEMI " never reduced
Warning : *** Production "memberdecl ::= methodecl " never reduced
Warning : *** Production "memberdecl ::= vardecl " never reduced
Warning : *** Production "classdecl ::= CLASS ID EXTENDS ID LBRACE memberdecllist RBRACE " never reduced
Warning : *** Production "classdecl ::= CLASS ID LBRACE memberdecllist RBRACE " never reduced
Warning : *** Production "mainclass ::= CLASS ID LBRACE PUBLIC STATIC VOID MAIN LPAREN STRING LBRACKET RBRACKET ID RPAREN block RBRACE " never reduced
------- CUP v0.11c 20160501 Parser Generation Summary -------
  0 errors and 85 warnings
  82 terminals, 17 non-terminals, and 48 productions declared, 
  producing 20 unique parse states.
  39 terminals declared but not used.
  0 non-terminals declared but not used.
  0 productions never reduced.
  0 conflicts detected (0 expected).
  Code written to "MiniJavaParser.java", and "MiniJavaParserSym.java".
---------------------------------------------------- (CUP v0.11c 20160501)

:genJflex UP-TO-DATE
:gen
:compileJava/home/mahsa/Tu Kl/Compiler/group11/ex2/src-generated/minijava/syntax/MiniJavaParser.java:271: error: cannot find symbol
		MJMemberDeclList mdl = (MJMemberDeclList)((java_cup.runtime.Symbol) CUP$MiniJavaParser$stack.elementAt(CUP$MiniJavaParser$top-1)).value;
		^
  symbol:   class MJMemberDeclList
  location: class MiniJavaParser.CUP$MiniJavaParser$actions
/home/mahsa/Tu Kl/Compiler/group11/ex2/src-generated/minijava/syntax/MiniJavaParser.java:271: error: cannot find symbol
		MJMemberDeclList mdl = (MJMemberDeclList)((java_cup.runtime.Symbol) CUP$MiniJavaParser$stack.elementAt(CUP$MiniJavaParser$top-1)).value;
		                        ^
  symbol:   class MJMemberDeclList
  location: class MiniJavaParser.CUP$MiniJavaParser$actions
/home/mahsa/Tu Kl/Compiler/group11/ex2/src-generated/minijava/syntax/MiniJavaParser.java:288: error: cannot find symbol
		MJMemberDeclList mdl = (MJMemberDeclList)((java_cup.runtime.Symbol) CUP$MiniJavaParser$stack.elementAt(CUP$MiniJavaParser$top-1)).value;
		^
  symbol:   class MJMemberDeclList
  location: class MiniJavaParser.CUP$MiniJavaParser$actions
/home/mahsa/Tu Kl/Compiler/group11/ex2/src-generated/minijava/syntax/MiniJavaParser.java:288: error: cannot find symbol
		MJMemberDeclList mdl = (MJMemberDeclList)((java_cup.runtime.Symbol) CUP$MiniJavaParser$stack.elementAt(CUP$MiniJavaParser$top-1)).value;
		                        ^
  symbol:   class MJMemberDeclList
  location: class MiniJavaParser.CUP$MiniJavaParser$actions
/home/mahsa/Tu Kl/Compiler/group11/ex2/src-generated/minijava/syntax/MiniJavaParser.java:303: error: cannot find symbol
		 RESULT=new MemberDecl(vd); 
		            ^
  symbol:   class MemberDecl
  location: class MiniJavaParser.CUP$MiniJavaParser$actions
/home/mahsa/Tu Kl/Compiler/group11/ex2/src-generated/minijava/syntax/MiniJavaParser.java:315: error: cannot find symbol
		 RESULT= MemberDecl(mtd); 
		         ^
  symbol:   method MemberDecl(MJMethodDecl)
  location: class MiniJavaParser.CUP$MiniJavaParser$actions
/home/mahsa/Tu Kl/Compiler/group11/ex2/src-generated/minijava/syntax/MiniJavaParser.java:371: error: method VarDeclList in class MJ cannot be applied to given types;
    RESULT =  VarDeclList(t,name,vdlrest);
              ^
  required: MJVarDecl[]
  found: MJType,String,MJVarDeclList
  reason: varargs mismatch; MJType cannot be converted to MJVarDecl
/home/mahsa/Tu Kl/Compiler/group11/ex2/src-generated/minijava/syntax/MiniJavaParser.java:387: error: method VarDeclList in class MJ cannot be applied to given types;
    RESULT =  VarDeclList(t,name); 
              ^
  required: MJVarDecl[]
  found: MJType,String
  reason: varargs mismatch; MJType cannot be converted to MJVarDecl
/home/mahsa/Tu Kl/Compiler/group11/ex2/src-generated/minijava/syntax/MiniJavaParser.java:540: error: cannot find symbol
		 RESULT =  Operator(e1,e2,op1); 
		           ^
  symbol:   method Operator(MJExpr,MJExpr,MJOperator)
  location: class MiniJavaParser.CUP$MiniJavaParser$actions
/home/mahsa/Tu Kl/Compiler/group11/ex2/src-generated/minijava/syntax/MiniJavaParser.java:552: error: method Negate in class MJ cannot be applied to given types;
		 RESULT =  Negate(e1); 
		           ^
  required: no arguments
  found: MJExpr
  reason: actual and formal argument lists differ in length
/home/mahsa/Tu Kl/Compiler/group11/ex2/src-generated/minijava/syntax/MiniJavaParser.java:564: error: method UnaryMinus in class MJ cannot be applied to given types;
		 RESULT =  UnaryMinus(e1); 
		           ^
  required: no arguments
  found: MJExpr
  reason: actual and formal argument lists differ in length
/home/mahsa/Tu Kl/Compiler/group11/ex2/src-generated/minijava/syntax/MiniJavaParser.java:621: error: method MethodCall in class MJ cannot be applied to given types;
		 RESULT =  MethodCall(e1,id); 
		           ^
  required: MJExpr,String,MJExprList
  found: MJExpr,String
  reason: actual and formal argument lists differ in length
/home/mahsa/Tu Kl/Compiler/group11/ex2/src-generated/minijava/syntax/MiniJavaParser.java:648: error: incompatible types: MJTypeBool cannot be converted to MJExpr
		 RESULT =  TypeBool(); 
		                   ^
/home/mahsa/Tu Kl/Compiler/group11/ex2/src-generated/minijava/syntax/MiniJavaParser.java:657: error: incompatible types: MJTypeBool cannot be converted to MJExpr
		 RESULT =  TypeBool(); 
		                   ^
/home/mahsa/Tu Kl/Compiler/group11/ex2/src-generated/minijava/syntax/MiniJavaParser.java:669: error: method VarDecl in class MJ cannot be applied to given types;
		 RESULT =  VarDecl(id);  
		           ^
  required: MJType,String
  found: String
  reason: actual and formal argument lists differ in length
/home/mahsa/Tu Kl/Compiler/group11/ex2/src-generated/minijava/syntax/MiniJavaParser.java:753: error: method ExprList in class MJ cannot be applied to given types;
		 RESULT =  ExprList(e1,er); 
		           ^
  required: MJExpr[]
  found: MJExpr,MJExprList
  reason: varargs mismatch; MJExprList cannot be converted to MJExpr
/home/mahsa/Tu Kl/Compiler/group11/ex2/src-generated/minijava/syntax/MiniJavaParser.java:789: error: incompatible types: MJExprBinary cannot be converted to MJOperator
		 RESULT = ExprBinary(el,Plus(),er); 
		                    ^
Note: Some input files use or override a deprecated API.
Note: Recompile with -Xlint:deprecation for details.
Note: Some messages have been simplified; recompile with -Xdiags:verbose to get full output
17 errors
 FAILED

FAILURE: Build failed with an exception.

* What went wrong:
Execution failed for task ':compileJava'.
> Compilation failed; see the compiler error output for details.

* Try:
Run with --stacktrace option to get the stack trace. Run with --info or --debug option to get more log output.

BUILD FAILED

Total time: 13.853 secs
15:00:39.739 [DEBUG] [org.gradle.cache.internal.btree.BTreePersistentIndexedCache] Closing cache fileSnapshots.bin (/home/mahsa/Tu Kl/Compiler/group11/ex2/.gradle/2.12/taskArtifacts/fileSnapshots.bin)
15:00:39.740 [DEBUG] [org.gradle.cache.internal.btree.BTreePersistentIndexedCache] Closing cache outputFileStates.bin (/home/mahsa/Tu Kl/Compiler/group11/ex2/.gradle/2.12/taskArtifacts/outputFileStates.bin)
15:00:39.740 [DEBUG] [org.gradle.cache.internal.btree.BTreePersistentIndexedCache] Closing cache fileHashes.bin (/home/mahsa/Tu Kl/Compiler/group11/ex2/.gradle/2.12/taskArtifacts/fileHashes.bin)
15:00:39.741 [DEBUG] [org.gradle.cache.internal.btree.BTreePersistentIndexedCache] Closing cache taskArtifacts.bin (/home/mahsa/Tu Kl/Compiler/group11/ex2/.gradle/2.12/taskArtifacts/taskArtifacts.bin)
15:00:39.741 [DEBUG] [org.gradle.cache.internal.DefaultFileLockManager] Releasing lock on task history cache (/home/mahsa/Tu Kl/Compiler/group11/ex2/.gradle/2.12/taskArtifacts).
15:00:39.742 [DEBUG] [org.gradle.cache.internal.DefaultFileLockManager] Releasing lock on cp_proj class cache for build file '/home/mahsa/Tu Kl/Compiler/group11/ex2/build.gradle' (/home/mahsa/Tu Kl/Compiler/group11/ex1/gradle/caches/2.12/scripts/build_8y80ghzyvtxk277vx77bwabpq/cp_proj).
15:00:39.743 [DEBUG] [org.gradle.cache.internal.DefaultFileLockManager] Releasing lock on proj class cache for build file '/home/mahsa/Tu Kl/Compiler/group11/ex2/build.gradle' (/home/mahsa/Tu Kl/Compiler/group11/ex1/gradle/caches/2.12/scripts/build_8y80ghzyvtxk277vx77bwabpq/proj).
15:00:39.744 [DEBUG] [org.gradle.cache.internal.btree.BTreePersistentIndexedCache] Closing cache artifact-at-repository.bin (/home/mahsa/Tu Kl/Compiler/group11/ex1/gradle/caches/modules-2/metadata-2.16/artifact-at-repository.bin)
15:00:39.744 [DEBUG] [org.gradle.cache.internal.btree.BTreePersistentIndexedCache] Closing cache module-metadata.bin (/home/mahsa/Tu Kl/Compiler/group11/ex1/gradle/caches/modules-2/metadata-2.16/module-metadata.bin)
15:00:39.745 [DEBUG] [org.gradle.cache.internal.DefaultFileLockManager] Releasing lock on artifact cache (/home/mahsa/Tu Kl/Compiler/group11/ex1/gradle/caches/modules-2).
15:00:39.746 [DEBUG] [org.gradle.api.internal.artifacts.ivyservice.ivyresolve.memcache.InMemoryCachedRepositoryFactory] In-memory dependency metadata cache closed. Repos cached: 2, cache instances: 1, modules served from cache: 8, artifacts: 8
15:00:39.747 [DEBUG] [org.gradle.api.internal.artifacts.ivyservice.resolveengine.store.CachedStoreFactory] Resolution result cache closed. Cache reads: 0, disk reads: 0 (avg: 0.0 secs, total: 0.0 secs)
15:00:39.748 [DEBUG] [org.gradle.api.internal.artifacts.ivyservice.resolveengine.store.CachedStoreFactory] Resolution result cache closed. Cache reads: 0, disk reads: 0 (avg: 0.0 secs, total: 0.0 secs)
15:00:39.749 [DEBUG] [org.gradle.api.internal.artifacts.ivyservice.resolveengine.store.ResolutionResultsStoreFactory] Deleted 2 resolution results binary files in 0.003 secs
15:00:39.749 [DEBUG] [org.gradle.cache.internal.DefaultCacheAccess] Cache Plugin Resolution Cache (/home/mahsa/Tu Kl/Compiler/group11/ex1/gradle/caches/2.12/plugin-resolution) was closed 0 times.
15:00:39.750 [DEBUG] [org.gradle.api.internal.tasks.compile.daemon.CompilerDaemonManager] Stopping 0 compiler daemon(s).
15:00:39.751 [INFO] [org.gradle.api.internal.tasks.compile.daemon.CompilerDaemonManager] Stopped 0 compiler daemon(s).
15:00:39.751 [DEBUG] [org.gradle.launcher.daemon.server.exec.ExecuteBuild] The daemon has finished executing the build.
15:00:40.105 [DEBUG] [org.gradle.launcher.daemon.server.DaemonStateCoordinator] Daemon is busy, sleeping until state changes.
15:00:40.106 [DEBUG] [org.gradle.launcher.daemon.server.DaemonStateCoordinator] Command execution: finished waiting for DaemonCommandExecution[command = Build{id=7e3c4e4e-afc2-4ae9-96c5-c30b221cfcfb.1, currentDir=/home/mahsa/Tu Kl/Compiler/group11/ex2}, connection = org.gradle.launcher.daemon.server.DefaultDaemonConnection@19868420]. Result org.gradle.launcher.daemon.server.DaemonStateCoordinator@1a7aa605 with state Running
15:00:40.107 [DEBUG] [org.gradle.launcher.daemon.server.DaemonStateCoordinator] Command execution: completed DaemonCommandExecution[command = Build{id=7e3c4e4e-afc2-4ae9-96c5-c30b221cfcfb.1, currentDir=/home/mahsa/Tu Kl/Compiler/group11/ex2}, connection = org.gradle.launcher.daemon.server.DefaultDaemonConnection@19868420]
15:00:40.108 [DEBUG] [org.gradle.launcher.daemon.server.DaemonStateCoordinator] updating lastActivityAt to 1494334840108
15:00:40.109 [INFO] [org.gradle.launcher.daemon.server.DomainRegistryUpdater] Marking the daemon as idle, address: [8b85e1a1-ae9f-4584-89bb-79e0fac58b1a port:46545, addresses:[/0:0:0:0:0:0:0:1%lo, /127.0.0.1]]
15:00:40.109 [DEBUG] [org.gradle.launcher.daemon.registry.PersistentDaemonRegistry] Marking idle by address: [8b85e1a1-ae9f-4584-89bb-79e0fac58b1a port:46545, addresses:[/0:0:0:0:0:0:0:1%lo, /127.0.0.1]]
15:00:40.112 [DEBUG] [org.gradle.cache.internal.DefaultFileLockManager] Waiting to acquire exclusive lock on daemon addresses registry.
15:00:40.115 [DEBUG] [org.gradle.cache.internal.DefaultFileLockManager] Lock acquired.
15:00:40.120 [DEBUG] [org.gradle.cache.internal.DefaultFileLockManager] Releasing lock on daemon addresses registry.
15:00:40.121 [DEBUG] [org.gradle.launcher.daemon.server.DaemonStateCoordinator] Daemon is idle, sleeping until state change or idle timeout at Tue May 09 15:01:40 CEST 2017
15:00:40.122 [DEBUG] [org.gradle.launcher.daemon.server.exec.ReturnResult] Daemon is dispatching the build result: Failure[value=org.gradle.initialization.ReportedException: org.gradle.internal.exceptions.LocationAwareException: Execution failed for task ':compileJava'.]
15:00:40.123 [DEBUG] [org.gradle.launcher.daemon.server.SynchronizedDispatchConnection] thread 13: dispatching class org.gradle.launcher.daemon.protocol.Failure
15:00:40.181 [DEBUG] [org.gradle.launcher.daemon.server.DefaultIncomingConnectionHandler] Finishing executing command: Build{id=7e3c4e4e-afc2-4ae9-96c5-c30b221cfcfb.1, currentDir=/home/mahsa/Tu Kl/Compiler/group11/ex2}
15:00:40.185 [DEBUG] [org.gradle.launcher.daemon.server.SynchronizedDispatchConnection] thread 14: received class org.gradle.launcher.daemon.protocol.Finished
15:00:40.186 [DEBUG] [org.gradle.launcher.daemon.server.DefaultDaemonConnection] Received non-IO message from client: org.gradle.launcher.daemon.protocol.Finished@74907ffb
15:00:40.187 [DEBUG] [org.gradle.messaging.remote.internal.inet.SocketConnection] Discarding EOFException: java.io.EOFException
15:00:40.187 [DEBUG] [org.gradle.launcher.daemon.server.SynchronizedDispatchConnection] thread 14: received null
15:00:40.188 [DEBUG] [org.gradle.launcher.daemon.server.DefaultDaemonConnection] Received end-of-input from client.
15:00:40.188 [DEBUG] [org.gradle.launcher.daemon.server.DefaultIncomingConnectionHandler] Received finished message: null
15:00:40.189 [DEBUG] [org.gradle.launcher.daemon.server.SynchronizedDispatchConnection] thread 13: stopping connection
15:00:40.190 [DEBUG] [org.gradle.launcher.daemon.server.SynchronizedDispatchConnection] thread 13: stopping connection
15:01:40.109 [DEBUG] [org.gradle.launcher.daemon.server.DaemonStateCoordinator] Idle timeout: daemon has been idle for requested period. Stopping now.
15:01:40.109 [DEBUG] [org.gradle.launcher.daemon.server.DaemonStateCoordinator] Marking daemon stopped due to idle timeout. The daemon is running a build: false
15:01:40.109 [DEBUG] [org.gradle.launcher.daemon.server.Daemon] stop() called on daemon
15:01:40.110 [INFO] [org.gradle.launcher.daemon.server.Daemon] Stop requested. Daemon is removing its presence from the registry...
15:01:40.111 [DEBUG] [org.gradle.launcher.daemon.server.DomainRegistryUpdater] Removing our presence to clients, eg. removing this address from the registry: [8b85e1a1-ae9f-4584-89bb-79e0fac58b1a port:46545, addresses:[/0:0:0:0:0:0:0:1%lo, /127.0.0.1]]
15:01:40.111 [DEBUG] [org.gradle.launcher.daemon.registry.PersistentDaemonRegistry] Removing daemon address: [8b85e1a1-ae9f-4584-89bb-79e0fac58b1a port:46545, addresses:[/0:0:0:0:0:0:0:1%lo, /127.0.0.1]]
15:01:40.113 [DEBUG] [org.gradle.cache.internal.DefaultFileLockManager] Waiting to acquire exclusive lock on daemon addresses registry.
15:01:40.114 [DEBUG] [org.gradle.cache.internal.DefaultFileLockManager] Lock acquired.
15:01:40.119 [DEBUG] [org.gradle.cache.internal.DefaultFileLockManager] Releasing lock on daemon addresses registry.
15:01:40.120 [DEBUG] [org.gradle.launcher.daemon.server.DomainRegistryUpdater] Address removed from registry.
Daemon vm is shutting down... The daemon has exited normally or was terminated in response to a user interrupt.
15:01:40.128 [DEBUG] [org.gradle.launcher.daemon.registry.PersistentDaemonRegistry] Removing daemon address: [8b85e1a1-ae9f-4584-89bb-79e0fac58b1a port:46545, addresses:[/0:0:0:0:0:0:0:1%lo, /127.0.0.1]]
15:01:40.129 [DEBUG] [org.gradle.cache.internal.DefaultFileLockManager] Waiting to acquire exclusive lock on daemon addresses registry.
15:01:40.130 [DEBUG] [org.gradle.cache.internal.DefaultFileLockManager] Lock acquired.
15:01:40.131 [DEBUG] [org.gradle.cache.internal.DefaultFileLockManager] Releasing lock on daemon addresses registry.
