14:10:42.384 [INFO] [org.gradle.launcher.daemon.server.Daemon] start() called on daemon - DefaultDaemonContext[uid=ca187714-1b9e-4c92-8679-6b192cdaa535,javaHome=/usr/lib/jvm/java-8-openjdk-amd64,daemonRegistryDir=/home/mahsa/Tu Kl/Compiler/group11/ex1/gradle/daemon,pid=10177,idleTimeout=60000,daemonOpts=-XX:MaxPermSize=256m,-XX:+HeapDumpOnOutOfMemoryError,-Xmx1024m,-Dfile.encoding=UTF-8,-Duser.country=US,-Duser.language=en,-Duser.variant]
14:10:42.395 [DEBUG] [org.gradle.launcher.daemon.server.DaemonStateCoordinator] updating lastActivityAt to 1495023042395
14:10:42.421 [DEBUG] [org.gradle.messaging.remote.internal.inet.InetAddressFactory] Adding IP addresses for network interface wlp2s0
14:10:42.423 [DEBUG] [org.gradle.messaging.remote.internal.inet.InetAddressFactory] Is this a loopback interface? false
14:10:42.426 [DEBUG] [org.gradle.messaging.remote.internal.inet.InetAddressFactory] Is this a multicast interface? true
14:10:42.428 [DEBUG] [org.gradle.messaging.remote.internal.inet.InetAddressFactory] Adding remote address /fe80:0:0:0:6e6f:d075:b957:48a5%wlp2s0
14:10:42.429 [DEBUG] [org.gradle.messaging.remote.internal.inet.InetAddressFactory] Adding remote address /fe80:0:0:0:82e5:94a5:451c:80b8%wlp2s0
14:10:42.433 [DEBUG] [org.gradle.messaging.remote.internal.inet.InetAddressFactory] Adding remote address /fe80:0:0:0:6d0e:ae32:c9a2:9e22%wlp2s0
14:10:42.434 [DEBUG] [org.gradle.messaging.remote.internal.inet.InetAddressFactory] Adding remote address /131.246.85.12
14:10:42.435 [DEBUG] [org.gradle.messaging.remote.internal.inet.InetAddressFactory] Adding remote multicast interface wlp2s0
14:10:42.436 [DEBUG] [org.gradle.messaging.remote.internal.inet.InetAddressFactory] Adding IP addresses for network interface lo
14:10:42.438 [DEBUG] [org.gradle.messaging.remote.internal.inet.InetAddressFactory] Is this a loopback interface? true
14:10:42.439 [DEBUG] [org.gradle.messaging.remote.internal.inet.InetAddressFactory] Is this a multicast interface? false
14:10:42.441 [DEBUG] [org.gradle.messaging.remote.internal.inet.InetAddressFactory] Adding loopback address /0:0:0:0:0:0:0:1%lo
14:10:42.451 [DEBUG] [org.gradle.messaging.remote.internal.inet.InetAddressFactory] Adding loopback address /127.0.0.1
14:10:42.485 [DEBUG] [org.gradle.messaging.remote.internal.inet.TcpIncomingConnector] Listening on [eb717ce7-b2af-4502-b906-b0630d98069a port:41754, addresses:[/0:0:0:0:0:0:0:1%lo, /127.0.0.1]].
14:10:42.492 [DEBUG] [org.gradle.launcher.daemon.server.Daemon] Daemon starting at: Wed May 17 14:10:42 CEST 2017, with address: [eb717ce7-b2af-4502-b906-b0630d98069a port:41754, addresses:[/0:0:0:0:0:0:0:1%lo, /127.0.0.1]]
14:10:42.493 [INFO] [org.gradle.launcher.daemon.server.DomainRegistryUpdater] Advertising the daemon address to the clients: [eb717ce7-b2af-4502-b906-b0630d98069a port:41754, addresses:[/0:0:0:0:0:0:0:1%lo, /127.0.0.1]]
14:10:42.495 [DEBUG] [org.gradle.launcher.daemon.server.DomainRegistryUpdater] Advertised daemon context: DefaultDaemonContext[uid=ca187714-1b9e-4c92-8679-6b192cdaa535,javaHome=/usr/lib/jvm/java-8-openjdk-amd64,daemonRegistryDir=/home/mahsa/Tu Kl/Compiler/group11/ex1/gradle/daemon,pid=10177,idleTimeout=60000,daemonOpts=-XX:MaxPermSize=256m,-XX:+HeapDumpOnOutOfMemoryError,-Xmx1024m,-Dfile.encoding=UTF-8,-Duser.country=US,-Duser.language=en,-Duser.variant]
14:10:42.498 [DEBUG] [org.gradle.launcher.daemon.registry.PersistentDaemonRegistry] Storing daemon address: [eb717ce7-b2af-4502-b906-b0630d98069a port:41754, addresses:[/0:0:0:0:0:0:0:1%lo, /127.0.0.1]], context: DefaultDaemonContext[uid=ca187714-1b9e-4c92-8679-6b192cdaa535,javaHome=/usr/lib/jvm/java-8-openjdk-amd64,daemonRegistryDir=/home/mahsa/Tu Kl/Compiler/group11/ex1/gradle/daemon,pid=10177,idleTimeout=60000,daemonOpts=-XX:MaxPermSize=256m,-XX:+HeapDumpOnOutOfMemoryError,-Xmx1024m,-Dfile.encoding=UTF-8,-Duser.country=US,-Duser.language=en,-Duser.variant]
14:10:42.516 [DEBUG] [org.gradle.cache.internal.DefaultFileLockManager] Waiting to acquire exclusive lock on daemon addresses registry.
14:10:42.520 [DEBUG] [org.gradle.cache.internal.DefaultFileLockManager] Lock acquired.
14:10:42.955 [DEBUG] [org.gradle.cache.internal.DefaultFileLockManager] Releasing lock on daemon addresses registry.
14:10:42.957 [LIFECYCLE] [org.gradle.launcher.daemon.server.Daemon] Daemon server started.
14:10:42.965 [DEBUG] [org.gradle.launcher.daemon.bootstrap.DaemonStartupCommunication] Completed writing the daemon greeting. Closing streams...
14:10:42.966 [DEBUG] [org.gradle.launcher.daemon.server.Daemon] requestStopOnIdleTimeout(60000 MILLISECONDS) called on daemon
14:10:42.973 [DEBUG] [org.gradle.messaging.remote.internal.inet.TcpIncomingConnector] Accepted connection from /127.0.0.1:46370 to /127.0.0.1:41754.
14:10:42.985 [DEBUG] [org.gradle.launcher.daemon.server.DaemonStateCoordinator] Idle timeout: waiting for daemon to stop or be idle for 60000ms
14:10:42.994 [DEBUG] [org.gradle.launcher.daemon.server.DaemonStateCoordinator] Daemon is idle, sleeping until state change or idle timeout at Wed May 17 14:11:42 CEST 2017
14:10:43.241 [DEBUG] [org.gradle.launcher.daemon.server.SynchronizedDispatchConnection] thread 14: received class org.gradle.launcher.daemon.protocol.Build
14:10:43.242 [DEBUG] [org.gradle.launcher.daemon.server.DefaultDaemonConnection] Received non-IO message from client: Build{id=0477a945-53f7-4be9-a1ae-4327114f6fb6.1, currentDir=/home/mahsa/Tu Kl/Compiler/group11/ex3}
14:10:43.248 [INFO] [org.gradle.launcher.daemon.server.DefaultIncomingConnectionHandler] Received command: Build{id=0477a945-53f7-4be9-a1ae-4327114f6fb6.1, currentDir=/home/mahsa/Tu Kl/Compiler/group11/ex3}.
14:10:43.249 [DEBUG] [org.gradle.launcher.daemon.server.DefaultIncomingConnectionHandler] Starting executing command: Build{id=0477a945-53f7-4be9-a1ae-4327114f6fb6.1, currentDir=/home/mahsa/Tu Kl/Compiler/group11/ex3} with connection: socket connection from /127.0.0.1:41754 to /127.0.0.1:46370.
14:10:43.293 [DEBUG] [org.gradle.launcher.daemon.server.DaemonStateCoordinator] Command execution: started DaemonCommandExecution[command = Build{id=0477a945-53f7-4be9-a1ae-4327114f6fb6.1, currentDir=/home/mahsa/Tu Kl/Compiler/group11/ex3}, connection = org.gradle.launcher.daemon.server.DefaultDaemonConnection@66dbbfd1] after 0.0 minutes of idle
14:10:43.295 [INFO] [org.gradle.launcher.daemon.server.DomainRegistryUpdater] Marking the daemon as busy, address: [eb717ce7-b2af-4502-b906-b0630d98069a port:41754, addresses:[/0:0:0:0:0:0:0:1%lo, /127.0.0.1]]
14:10:43.297 [DEBUG] [org.gradle.launcher.daemon.registry.PersistentDaemonRegistry] Marking busy by address: [eb717ce7-b2af-4502-b906-b0630d98069a port:41754, addresses:[/0:0:0:0:0:0:0:1%lo, /127.0.0.1]]
14:10:43.300 [DEBUG] [org.gradle.cache.internal.DefaultFileLockManager] Waiting to acquire exclusive lock on daemon addresses registry.
14:10:43.301 [DEBUG] [org.gradle.cache.internal.DefaultFileLockManager] Lock acquired.
14:10:43.322 [DEBUG] [org.gradle.cache.internal.DefaultFileLockManager] Releasing lock on daemon addresses registry.
14:10:43.330 [DEBUG] [org.gradle.launcher.daemon.server.DaemonStateCoordinator] updating lastActivityAt to 1495023043328
14:10:43.333 [DEBUG] [org.gradle.launcher.daemon.server.DaemonStateCoordinator] Daemon is busy, sleeping until state changes.
14:10:43.335 [INFO] [org.gradle.launcher.daemon.server.exec.StartBuildOrRespondWithBusy] Daemon is about to start building Build{id=0477a945-53f7-4be9-a1ae-4327114f6fb6.1, currentDir=/home/mahsa/Tu Kl/Compiler/group11/ex3}. Dispatching build started information...
14:10:43.337 [DEBUG] [org.gradle.launcher.daemon.server.SynchronizedDispatchConnection] thread 16: dispatching class org.gradle.launcher.daemon.protocol.BuildStarted
14:10:43.353 [DEBUG] [org.gradle.launcher.daemon.server.exec.EstablishBuildEnvironment] Configuring env variables: {PATH=/usr/local/gradle/bin:/usr/local/sbin:/usr/local/bin:/usr/sbin:/usr/bin:/sbin:/bin:/usr/games:/usr/local/games:/snap/bin:/home/mahsa/.rvm/bin, LC_MEASUREMENT=de_DE.UTF-8, XAUTHORITY=/home/mahsa/.Xauthority, XMODIFIERS=@im=ibus, LC_TELEPHONE=de_DE.UTF-8, XDG_DATA_DIRS=/usr/share/ubuntu:/usr/share/gnome:/usr/local/share/:/usr/share/:/var/lib/snapd/desktop, GDMSESSION=ubuntu, MANDATORY_PATH=/usr/share/gconf/ubuntu.mandatory.path, LC_TIME=de_DE.UTF-8, GTK_IM_MODULE=ibus, DBUS_SESSION_BUS_ADDRESS=unix:abstract=/tmp/dbus-2NEFvW1xNb, DEFAULTS_PATH=/usr/share/gconf/ubuntu.default.path, XDG_CURRENT_DESKTOP=Unity, LD_LIBRARY_PATH=/home/mahsa/Downloads/idea-IC-171.4073.35/bin:, UPSTART_SESSION=unix:abstract=/com/ubuntu/upstart-session/1000/1820, QT4_IM_MODULE=xim, LC_PAPER=de_DE.UTF-8, SESSION_MANAGER=local/mahsa-VPCEA15FG:@/tmp/.ICE-unix/2251,unix/mahsa-VPCEA15FG:/tmp/.ICE-unix/2251, QT_LINUX_ACCESSIBILITY_ALWAYS_ON=1, LOGNAME=mahsa, JOB=unity-settings-daemon, PWD=/home/mahsa, IM_CONFIG_PHASE=1, LANGUAGE=en_US, SHELL=/bin/bash, LC_ADDRESS=de_DE.UTF-8, GIO_LAUNCHED_DESKTOP_FILE=/usr/share/applications/jetbrains-idea-ce.desktop, GTK2_MODULES=overlay-scrollbar, INSTANCE=, GNOME_DESKTOP_SESSION_ID=this-is-deprecated, UPSTART_INSTANCE=, GTK_MODULES=gail:atk-bridge:unity-gtk-module, CLUTTER_IM_MODULE=xim, XDG_SESSION_PATH=/org/freedesktop/DisplayManager/Session0, COMPIZ_BIN_PATH=/usr/bin/, SESSIONTYPE=gnome-session, XDG_SESSION_DESKTOP=ubuntu, SHLVL=0, LC_IDENTIFICATION=de_DE.UTF-8, LC_MONETARY=de_DE.UTF-8, COMPIZ_CONFIG_PROFILE=ubuntu, QT_IM_MODULE=ibus, UPSTART_JOB=unity7, XFILESEARCHPATH=/usr/dt/app-defaults/%L/Dt, XDG_CONFIG_DIRS=/etc/xdg/xdg-ubuntu:/usr/share/upstart/xdg:/etc/xdg, LANG=en_US.UTF-8, GNOME_KEYRING_CONTROL=, XDG_SEAT_PATH=/org/freedesktop/DisplayManager/Seat0, XDG_SESSION_ID=c2, XDG_SESSION_TYPE=x11, GRADLE_HOME=/usr/local/gradle, DISPLAY=:0, LC_NAME=de_DE.UTF-8, GDM_LANG=en_US, XDG_GREETER_DATA_DIR=/var/lib/lightdm-data/mahsa, UPSTART_EVENTS=xsession started, GPG_AGENT_INFO=/home/mahsa/.gnupg/S.gpg-agent:0:1, DESKTOP_SESSION=ubuntu, SESSION=ubuntu, USER=mahsa, XDG_MENU_PREFIX=gnome-, GIO_LAUNCHED_DESKTOP_FILE_PID=7347, QT_ACCESSIBILITY=1, LC_NUMERIC=de_DE.UTF-8, SSH_AUTH_SOCK=/run/user/1000/keyring/ssh, XDG_SEAT=seat0, NLSPATH=/usr/dt/lib/nls/msg/%L/%N.cat, QT_QPA_PLATFORMTHEME=appmenu-qt5, XDG_VTNR=7, XDG_RUNTIME_DIR=/run/user/1000, HOME=/home/mahsa, GNOME_KEYRING_PID=}
14:10:43.369 [DEBUG] [org.gradle.launcher.daemon.server.SynchronizedDispatchConnection] thread 14: received class org.gradle.launcher.daemon.protocol.CloseInput
14:10:43.370 [DEBUG] [org.gradle.launcher.daemon.server.DefaultDaemonConnection] Received IO message from client: org.gradle.launcher.daemon.protocol.CloseInput@6428e35
14:10:43.415 [DEBUG] [org.gradle.launcher.daemon.server.exec.LogToClient] About to start relaying all logs to the client via the connection.
14:10:43.416 [INFO] [org.gradle.launcher.daemon.server.exec.LogToClient] The client will now receive all logging from the daemon (pid: 10177). The daemon log file: /home/mahsa/Tu Kl/Compiler/group11/ex1/gradle/daemon/2.12/daemon-10177.out.log
14:10:43.450 [INFO] [org.gradle.launcher.daemon.server.health.DaemonHealthTracker] Starting build in new daemon [memory: 954.7 MB]
14:10:43.467 [DEBUG] [org.gradle.launcher.daemon.server.exec.ExecuteBuild] The daemon has started executing the build.
14:10:43.468 [INFO] [org.gradle.launcher.daemon.server.exec.ExecuteBuild] Executing build with daemon context: DefaultDaemonContext[uid=ca187714-1b9e-4c92-8679-6b192cdaa535,javaHome=/usr/lib/jvm/java-8-openjdk-amd64,daemonRegistryDir=/home/mahsa/Tu Kl/Compiler/group11/ex1/gradle/daemon,pid=10177,idleTimeout=60000,daemonOpts=-XX:MaxPermSize=256m,-XX:+HeapDumpOnOutOfMemoryError,-Xmx1024m,-Dfile.encoding=UTF-8,-Duser.country=US,-Duser.language=en,-Duser.variant]
14:10:43.472 [INFO] [org.gradle.launcher.daemon.server.exec.ForwardClientInput] Closing daemon's stdin at end of input.
14:10:43.473 [INFO] [org.gradle.launcher.daemon.server.exec.ForwardClientInput] The daemon will no longer process any standard input.
:genAst UP-TO-DATE
:genCup UP-TO-DATE
:genJflex UP-TO-DATE
:gen UP-TO-DATE
:compileJava UP-TO-DATE
:processResources UP-TO-DATE
:classes UP-TO-DATE
:jar
:assemble
:compileTestJava
:processTestResources UP-TO-DATE
:testClasses
:test

minijava.analysis.ClassChecks > duplicateFieldName FAILED
    java.lang.IndexOutOfBoundsException at ClassChecks.java:234

minijava.analysis.ClassChecks > testOk1 FAILED
    java.lang.IndexOutOfBoundsException at ClassChecks.java:234

minijava.analysis.ClassChecks > testOk2 FAILED
    java.lang.IndexOutOfBoundsException at ClassChecks.java:234

minijava.analysis.ClassChecks > overrideCheck1 FAILED
    java.lang.IndexOutOfBoundsException at ClassChecks.java:234

minijava.analysis.ClassChecks > overrideCheck2 FAILED
    java.lang.IndexOutOfBoundsException at ClassChecks.java:234

minijava.analysis.ClassChecks > overrideCheck3 FAILED
    java.lang.IndexOutOfBoundsException at ClassChecks.java:234

minijava.analysis.ClassChecks > overrideCheck4 FAILED
    java.lang.IndexOutOfBoundsException at ClassChecks.java:234

minijava.analysis.ClassChecks > overrideCheck5 FAILED
    java.lang.IndexOutOfBoundsException at ClassChecks.java:234

minijava.analysis.ClassChecks > overrideCheck6 FAILED
    java.lang.IndexOutOfBoundsException at ClassChecks.java:234

minijava.analysis.ClassChecks > duplicateMethodName FAILED
    java.lang.IndexOutOfBoundsException at ClassChecks.java:234

minijava.analysis.ClassChecks > duplicateParamName FAILED
    java.lang.IndexOutOfBoundsException at ClassChecks.java:234

minijava.analysis.ClassChecks > argName FAILED
    java.lang.IndexOutOfBoundsException at ClassChecks.java:234

minijava.analysis.ClassChecks > extendsMainClass FAILED
    java.lang.IndexOutOfBoundsException at ClassChecks.java:234

minijava.analysis.ClassChecks > inheritanceCycle1 FAILED
    java.lang.IndexOutOfBoundsException at ClassChecks.java:234

minijava.analysis.ClassChecks > inheritanceCycle2 FAILED
    java.lang.IndexOutOfBoundsException at ClassChecks.java:234

minijava.analysis.ClassChecks > inheritanceCycle3 FAILED
    java.lang.IndexOutOfBoundsException at ClassChecks.java:234

minijava.analysis.ClassChecks > extendsNonexistingClass FAILED
    java.lang.IndexOutOfBoundsException at ClassChecks.java:234

minijava.analysis.ClassChecks > duplicateClassName FAILED
    java.lang.IndexOutOfBoundsException at ClassChecks.java:234

minijava.analysis.FileAnalysisTest > testChecker[testdata/typechecker/ok/NestedVars1.java] FAILED
    java.lang.IndexOutOfBoundsException at FileAnalysisTest.java:69

minijava.analysis.FileAnalysisTest > testChecker[testdata/typechecker/ok/LinearSearch.java] FAILED
    java.lang.IndexOutOfBoundsException at FileAnalysisTest.java:69

minijava.analysis.FileAnalysisTest > testChecker[testdata/typechecker/ok/PrecedenceTest3.java] FAILED
    java.lang.IndexOutOfBoundsException at FileAnalysisTest.java:69

minijava.analysis.FileAnalysisTest > testChecker[testdata/typechecker/ok/IdentifierTest.java] FAILED
    java.lang.IndexOutOfBoundsException at FileAnalysisTest.java:69

minijava.analysis.FileAnalysisTest > testChecker[testdata/typechecker/ok/VarDeclTest.java] FAILED
    java.lang.IndexOutOfBoundsException at FileAnalysisTest.java:69

minijava.analysis.FileAnalysisTest > testChecker[testdata/typechecker/ok/Factorial.java] FAILED
    java.lang.IndexOutOfBoundsException at FileAnalysisTest.java:69

minijava.analysis.FileAnalysisTest > testChecker[testdata/typechecker/ok/ExtendsTest.java] FAILED
    java.lang.IndexOutOfBoundsException at FileAnalysisTest.java:69

minijava.analysis.FileAnalysisTest > testChecker[testdata/typechecker/ok/MainTest2.java] FAILED
    java.lang.IndexOutOfBoundsException at FileAnalysisTest.java:69

minijava.analysis.FileAnalysisTest > testChecker[testdata/typechecker/ok/BlockComments1.java] FAILED
    java.lang.IndexOutOfBoundsException at FileAnalysisTest.java:69

minijava.analysis.FileAnalysisTest > testChecker[testdata/typechecker/ok/PrecedenceTest4.java] FAILED
    java.lang.IndexOutOfBoundsException at FileAnalysisTest.java:69

minijava.analysis.FileAnalysisTest > testChecker[testdata/typechecker/ok/ArrayTest.java] FAILED
    java.lang.IndexOutOfBoundsException at FileAnalysisTest.java:69

minijava.analysis.FileAnalysisTest > testChecker[testdata/typechecker/ok/MoreThan4.java] FAILED
    java.lang.IndexOutOfBoundsException at FileAnalysisTest.java:69

minijava.analysis.FileAnalysisTest > testChecker[testdata/typechecker/ok/TreeVisitor.java] FAILED
    java.lang.IndexOutOfBoundsException at FileAnalysisTest.java:69

minijava.analysis.FileAnalysisTest > testChecker[testdata/typechecker/ok/NestedVars2.java] FAILED
    java.lang.IndexOutOfBoundsException at FileAnalysisTest.java:69

minijava.analysis.FileAnalysisTest > testChecker[testdata/typechecker/ok/BinaryTree.java] FAILED
    java.lang.IndexOutOfBoundsException at FileAnalysisTest.java:69

minijava.analysis.FileAnalysisTest > testChecker[testdata/typechecker/ok/BubbleSort.java] FAILED
    java.lang.IndexOutOfBoundsException at FileAnalysisTest.java:69

minijava.analysis.FileAnalysisTest > testChecker[testdata/typechecker/ok/MainTest3.java] FAILED
    java.lang.IndexOutOfBoundsException at FileAnalysisTest.java:69

minijava.analysis.FileAnalysisTest > testChecker[testdata/typechecker/ok/OperatorTest.java] FAILED
    java.lang.IndexOutOfBoundsException at FileAnalysisTest.java:69

minijava.analysis.FileAnalysisTest > testChecker[testdata/typechecker/ok/MinimalProgram.java] FAILED
    java.lang.IndexOutOfBoundsException at FileAnalysisTest.java:69

minijava.analysis.FileAnalysisTest > testChecker[testdata/typechecker/ok/MethodDeclTest.java] FAILED
    java.lang.IndexOutOfBoundsException at FileAnalysisTest.java:69

minijava.analysis.FileAnalysisTest > testChecker[testdata/typechecker/ok/OperatorChainingTest.java] FAILED
    java.lang.IndexOutOfBoundsException at FileAnalysisTest.java:69

minijava.analysis.FileAnalysisTest > testChecker[testdata/typechecker/ok/AllocTest.java] FAILED
    java.lang.IndexOutOfBoundsException at FileAnalysisTest.java:69

minijava.analysis.FileAnalysisTest > testChecker[testdata/typechecker/ok/LinkedList.java] FAILED
    java.lang.IndexOutOfBoundsException at FileAnalysisTest.java:69

minijava.analysis.FileAnalysisTest > testChecker[testdata/typechecker/ok/Minus.java] FAILED
    java.lang.IndexOutOfBoundsException at FileAnalysisTest.java:69

minijava.analysis.FileAnalysisTest > testChecker[testdata/typechecker/ok/fieldAccess.java] FAILED
    java.lang.IndexOutOfBoundsException at FileAnalysisTest.java:69

minijava.analysis.FileAnalysisTest > testChecker[testdata/typechecker/ok/QuickSort.java] FAILED
    java.lang.IndexOutOfBoundsException at FileAnalysisTest.java:69

minijava.analysis.FileAnalysisTest > testChecker[testdata/typechecker/ok/MethodInvokeTest2.java] FAILED
    java.lang.IndexOutOfBoundsException at FileAnalysisTest.java:69

minijava.analysis.FileAnalysisTest > testChecker[testdata/typechecker/ok/NestedVars3.java] FAILED
    java.lang.IndexOutOfBoundsException at FileAnalysisTest.java:69

minijava.analysis.FileAnalysisTest > testChecker[testdata/typechecker/ok/MethodInvokeTest.java] FAILED
    java.lang.IndexOutOfBoundsException at FileAnalysisTest.java:69

minijava.analysis.FileAnalysisTest > testChecker[testdata/typechecker/ok/WhileTest.java] FAILED
    java.lang.IndexOutOfBoundsException at FileAnalysisTest.java:69

minijava.analysis.FileAnalysisTest > testChecker[testdata/typechecker/ok/IfTest.java] FAILED
    java.lang.IndexOutOfBoundsException at FileAnalysisTest.java:69

minijava.analysis.FileAnalysisTest > testChecker[testdata/typechecker/ok/MainTest.java] FAILED
    java.lang.IndexOutOfBoundsException at FileAnalysisTest.java:69

minijava.analysis.FileAnalysisTest > testChecker[testdata/typechecker/ok/Div.java] FAILED
    java.lang.IndexOutOfBoundsException at FileAnalysisTest.java:69

minijava.analysis.FileAnalysisTest > testChecker[testdata/typechecker/ok/PrecedenceTest.java] FAILED
    java.lang.IndexOutOfBoundsException at FileAnalysisTest.java:69

minijava.analysis.FileAnalysisTest > testChecker[testdata/typechecker/ok/PrecedenceTest2.java] FAILED
    java.lang.IndexOutOfBoundsException at FileAnalysisTest.java:69

minijava.analysis.FileAnalysisTest > testChecker[testdata/typechecker/error/ThisInMain.java] FAILED
    java.lang.IndexOutOfBoundsException at FileAnalysisTest.java:69

minijava.analysis.FileAnalysisTest > testChecker[testdata/typechecker/error/BinopTest-err3.java] FAILED
    java.lang.IndexOutOfBoundsException at FileAnalysisTest.java:69

minijava.analysis.FileAnalysisTest > testChecker[testdata/typechecker/error/ReturnInMain.java] FAILED
    java.lang.IndexOutOfBoundsException at FileAnalysisTest.java:69

minijava.analysis.FileAnalysisTest > testChecker[testdata/typechecker/error/NewTest-err3.java] FAILED
    java.lang.IndexOutOfBoundsException at FileAnalysisTest.java:69

minijava.analysis.FileAnalysisTest > testChecker[testdata/typechecker/error/ThisTest-err1.java] FAILED
    java.lang.IndexOutOfBoundsException at FileAnalysisTest.java:69

minijava.analysis.FileAnalysisTest > testChecker[testdata/typechecker/error/SameNameAsMainClass.java] FAILED
    java.lang.IndexOutOfBoundsException at FileAnalysisTest.java:69

minijava.analysis.FileAnalysisTest > testChecker[testdata/typechecker/error/ArrayTest-err1.java] FAILED
    java.lang.IndexOutOfBoundsException at FileAnalysisTest.java:69

minijava.analysis.FileAnalysisTest > testChecker[testdata/typechecker/error/OverrideTest-err1.java] FAILED
    java.lang.IndexOutOfBoundsException at FileAnalysisTest.java:69

minijava.analysis.FileAnalysisTest > testChecker[testdata/typechecker/error/MDeclTest-err1.java] FAILED
    java.lang.IndexOutOfBoundsException at FileAnalysisTest.java:69

minijava.analysis.FileAnalysisTest > testChecker[testdata/typechecker/error/NotEnoughArgs.java] FAILED
    java.lang.IndexOutOfBoundsException at FileAnalysisTest.java:69

minijava.analysis.FileAnalysisTest > testChecker[testdata/typechecker/error/ClassTest-err2.java] FAILED
    java.lang.IndexOutOfBoundsException at FileAnalysisTest.java:69

minijava.analysis.FileAnalysisTest > testChecker[testdata/typechecker/error/ClassTest-err3.java] FAILED
    java.lang.IndexOutOfBoundsException at FileAnalysisTest.java:69

minijava.analysis.FileAnalysisTest > testChecker[testdata/typechecker/error/DuplicateField.java] FAILED
    java.lang.IndexOutOfBoundsException at FileAnalysisTest.java:69

minijava.analysis.FileAnalysisTest > testChecker[testdata/typechecker/error/WhileTest-err1.java] FAILED
    java.lang.IndexOutOfBoundsException at FileAnalysisTest.java:69

minijava.analysis.FileAnalysisTest > testChecker[testdata/typechecker/error/ParamTest-err3.java] FAILED
    java.lang.IndexOutOfBoundsException at FileAnalysisTest.java:69

minijava.analysis.FileAnalysisTest > testChecker[testdata/typechecker/error/DeclTest-err2.java] FAILED
    java.lang.IndexOutOfBoundsException at FileAnalysisTest.java:69

minijava.analysis.FileAnalysisTest > testChecker[testdata/typechecker/error/NestedVarsErr4.java] FAILED
    java.lang.IndexOutOfBoundsException at FileAnalysisTest.java:69

minijava.analysis.FileAnalysisTest > testChecker[testdata/typechecker/error/NestedVarsErr2.java] FAILED
    java.lang.IndexOutOfBoundsException at FileAnalysisTest.java:69

minijava.analysis.FileAnalysisTest > testChecker[testdata/typechecker/error/BinopTest-err9.java] FAILED
    java.lang.IndexOutOfBoundsException at FileAnalysisTest.java:69

minijava.analysis.FileAnalysisTest > testChecker[testdata/typechecker/error/MDeclTest-err2.java] FAILED
    java.lang.IndexOutOfBoundsException at FileAnalysisTest.java:69

minijava.analysis.FileAnalysisTest > testChecker[testdata/typechecker/error/VarTest-err.java] FAILED
    java.lang.IndexOutOfBoundsException at FileAnalysisTest.java:69

minijava.analysis.FileAnalysisTest > testChecker[testdata/typechecker/error/NewTest-err2.java] FAILED
    java.lang.IndexOutOfBoundsException at FileAnalysisTest.java:69

minijava.analysis.FileAnalysisTest > testChecker[testdata/typechecker/error/ThisTest-err2.java] FAILED
    java.lang.IndexOutOfBoundsException at FileAnalysisTest.java:69

minijava.analysis.FileAnalysisTest > testChecker[testdata/typechecker/error/BinopTest-err8.java] FAILED
    java.lang.IndexOutOfBoundsException at FileAnalysisTest.java:69

minijava.analysis.FileAnalysisTest > testChecker[testdata/typechecker/error/TooManyArgs.java] FAILED
    java.lang.IndexOutOfBoundsException at FileAnalysisTest.java:69

minijava.analysis.FileAnalysisTest > testChecker[testdata/typechecker/error/UnknownSupertype.java] FAILED
    java.lang.IndexOutOfBoundsException at FileAnalysisTest.java:69

minijava.analysis.FileAnalysisTest > testChecker[testdata/typechecker/error/BoolTest-err.java] FAILED
    java.lang.IndexOutOfBoundsException at FileAnalysisTest.java:69

minijava.analysis.FileAnalysisTest > testChecker[testdata/typechecker/error/NestedVarsErr3.java] FAILED
    java.lang.IndexOutOfBoundsException at FileAnalysisTest.java:69

minijava.analysis.FileAnalysisTest > testChecker[testdata/typechecker/error/TreeVisitor-error.java] FAILED
    java.lang.IndexOutOfBoundsException at FileAnalysisTest.java:69

minijava.analysis.FileAnalysisTest > testChecker[testdata/typechecker/error/BinopTest-err1.java] FAILED
    java.lang.IndexOutOfBoundsException at FileAnalysisTest.java:69

minijava.analysis.FileAnalysisTest > testChecker[testdata/typechecker/error/AndTest.java] FAILED
    java.lang.IndexOutOfBoundsException at FileAnalysisTest.java:69

minijava.analysis.FileAnalysisTest > testChecker[testdata/typechecker/error/DeclTest-err3.java] FAILED
    java.lang.IndexOutOfBoundsException at FileAnalysisTest.java:69

minijava.analysis.FileAnalysisTest > testChecker[testdata/typechecker/error/ParamTest-err1.java] FAILED
    java.lang.IndexOutOfBoundsException at FileAnalysisTest.java:69

minijava.analysis.FileAnalysisTest > testChecker[testdata/typechecker/error/ArrayTest-err4.java] FAILED
    java.lang.IndexOutOfBoundsException at FileAnalysisTest.java:69

minijava.analysis.FileAnalysisTest > testChecker[testdata/typechecker/error/OverrideTest-err2.java] FAILED
    java.lang.IndexOutOfBoundsException at FileAnalysisTest.java:69

minijava.analysis.FileAnalysisTest > testChecker[testdata/typechecker/error/BasicTest-error.java] FAILED
    java.lang.IndexOutOfBoundsException at FileAnalysisTest.java:69

minijava.analysis.FileAnalysisTest > testChecker[testdata/typechecker/error/DuplicateParam.java] FAILED
    java.lang.IndexOutOfBoundsException at FileAnalysisTest.java:69

minijava.analysis.FileAnalysisTest > testChecker[testdata/typechecker/error/DeclTest-err.java] FAILED
    java.lang.IndexOutOfBoundsException at FileAnalysisTest.java:69

minijava.analysis.FileAnalysisTest > testChecker[testdata/typechecker/error/AssignToInt.java] FAILED
    java.lang.IndexOutOfBoundsException at FileAnalysisTest.java:69

minijava.analysis.FileAnalysisTest > testChecker[testdata/typechecker/error/ExtendsTest-err3.java] FAILED
    java.lang.IndexOutOfBoundsException at FileAnalysisTest.java:69

minijava.analysis.FileAnalysisTest > testChecker[testdata/typechecker/error/Minus.java] FAILED
    java.lang.IndexOutOfBoundsException at FileAnalysisTest.java:69

minijava.analysis.FileAnalysisTest > testChecker[testdata/typechecker/error/ExtendsTest-err2.java] FAILED
    java.lang.IndexOutOfBoundsException at FileAnalysisTest.java:69

minijava.analysis.FileAnalysisTest > testChecker[testdata/typechecker/error/NewTest-err.java] FAILED
    java.lang.IndexOutOfBoundsException at FileAnalysisTest.java:69

minijava.analysis.FileAnalysisTest > testChecker[testdata/typechecker/error/BinopTest-err7.java] FAILED
    java.lang.IndexOutOfBoundsException at FileAnalysisTest.java:69

minijava.analysis.FileAnalysisTest > testChecker[testdata/typechecker/error/ExtendsTest-err.java] FAILED
    java.lang.IndexOutOfBoundsException at FileAnalysisTest.java:69

minijava.analysis.FileAnalysisTest > testChecker[testdata/typechecker/error/BinopTest-err10.java] FAILED
    java.lang.IndexOutOfBoundsException at FileAnalysisTest.java:69

minijava.analysis.FileAnalysisTest > testChecker[testdata/typechecker/error/ArrayTest-err3.java] FAILED
    java.lang.IndexOutOfBoundsException at FileAnalysisTest.java:69

minijava.analysis.FileAnalysisTest > testChecker[testdata/typechecker/error/CyclicInheritance-err.java] FAILED
    java.lang.IndexOutOfBoundsException at FileAnalysisTest.java:69

minijava.analysis.FileAnalysisTest > testChecker[testdata/typechecker/error/MethodTest-err1.java] FAILED
    java.lang.IndexOutOfBoundsException at FileAnalysisTest.java:69

minijava.analysis.FileAnalysisTest > testChecker[testdata/typechecker/error/OverrideTest-err3.java] FAILED
    java.lang.IndexOutOfBoundsException at FileAnalysisTest.java:69

minijava.analysis.FileAnalysisTest > testChecker[testdata/typechecker/error/ArrayTest-err2.java] FAILED
    java.lang.IndexOutOfBoundsException at FileAnalysisTest.java:69

minijava.analysis.FileAnalysisTest > testChecker[testdata/typechecker/error/IntTest-err.java] FAILED
    java.lang.IndexOutOfBoundsException at FileAnalysisTest.java:69

minijava.analysis.FileAnalysisTest > testChecker[testdata/typechecker/error/BinopTest-err6.java] FAILED
    java.lang.IndexOutOfBoundsException at FileAnalysisTest.java:69

minijava.analysis.FileAnalysisTest > testChecker[testdata/typechecker/error/Div.java] FAILED
    java.lang.IndexOutOfBoundsException at FileAnalysisTest.java:69

minijava.analysis.FileAnalysisTest > testChecker[testdata/typechecker/error/NestedVarsErr1.java] FAILED
    java.lang.IndexOutOfBoundsException at FileAnalysisTest.java:69

minijava.analysis.FileAnalysisTest > testChecker[testdata/typechecker/error/MethodTest-err2.java] FAILED
    java.lang.IndexOutOfBoundsException at FileAnalysisTest.java:69

minijava.analysis.FileAnalysisTest > testChecker[testdata/typechecker/error/IfTest-err1.java] FAILED
    java.lang.IndexOutOfBoundsException at FileAnalysisTest.java:69

minijava.analysis.FileAnalysisTest > testChecker[testdata/typechecker/error/BinopTest-err4.java] FAILED
    java.lang.IndexOutOfBoundsException at FileAnalysisTest.java:69

minijava.analysis.FileAnalysisTest > testChecker[testdata/typechecker/error/PrintTest-err.java] FAILED
    java.lang.IndexOutOfBoundsException at FileAnalysisTest.java:69

minijava.analysis.FileAnalysisTest > testChecker[testdata/typechecker/error/ClassTest-err1.java] FAILED
    java.lang.IndexOutOfBoundsException at FileAnalysisTest.java:69

minijava.analysis.FileAnalysisTest > testChecker[testdata/typechecker/error/ParamTest-err2.java] FAILED
    java.lang.IndexOutOfBoundsException at FileAnalysisTest.java:69

minijava.analysis.FileAnalysisTest > testChecker[testdata/typechecker/error/UnopTest-err.java] FAILED
    java.lang.IndexOutOfBoundsException at FileAnalysisTest.java:69

minijava.analysis.FileAnalysisTest > testChecker[testdata/typechecker/error/NonexistingField.java] FAILED
    java.lang.IndexOutOfBoundsException at FileAnalysisTest.java:69

minijava.analysis.FileAnalysisTest > testChecker[testdata/typechecker/error/BinopTest-err5.java] FAILED
    java.lang.IndexOutOfBoundsException at FileAnalysisTest.java:69

minijava.analysis.FileAnalysisTest > testChecker[testdata/typechecker/error/BinopTest-err2.java] FAILED
    java.lang.IndexOutOfBoundsException at FileAnalysisTest.java:69

328 tests completed, 118 failed
:test FAILED

FAILURE: Build failed with an exception.

* What went wrong:
Execution failed for task ':test'.
> There were failing tests. See the report at: file:///home/mahsa/Tu%20Kl/Compiler/group11/ex3/build/reports/tests/index.html

* Try:
Run with --stacktrace option to get the stack trace. Run with --info or --debug option to get more log output.

BUILD FAILED

Total time: 23.213 secs
14:11:03.626 [DEBUG] [org.gradle.cache.internal.DefaultFileLockManager] Releasing lock on cp_proj class cache for build file '/home/mahsa/Tu Kl/Compiler/group11/ex3/build.gradle' (/home/mahsa/Tu Kl/Compiler/group11/ex1/gradle/caches/2.12/scripts/build_3cv522gay4h9to9s8j857svaz/cp_proj).
14:11:03.627 [DEBUG] [org.gradle.cache.internal.DefaultFileLockManager] Releasing lock on proj class cache for build file '/home/mahsa/Tu Kl/Compiler/group11/ex3/build.gradle' (/home/mahsa/Tu Kl/Compiler/group11/ex1/gradle/caches/2.12/scripts/build_3cv522gay4h9to9s8j857svaz/proj).
14:11:03.630 [DEBUG] [org.gradle.cache.internal.btree.BTreePersistentIndexedCache] Closing cache fileHashes.bin (/home/mahsa/Tu Kl/Compiler/group11/ex3/.gradle/2.12/taskArtifacts/fileHashes.bin)
14:11:03.630 [DEBUG] [org.gradle.cache.internal.btree.BTreePersistentIndexedCache] Closing cache taskArtifacts.bin (/home/mahsa/Tu Kl/Compiler/group11/ex3/.gradle/2.12/taskArtifacts/taskArtifacts.bin)
14:11:03.631 [DEBUG] [org.gradle.cache.internal.btree.BTreePersistentIndexedCache] Closing cache outputFileStates.bin (/home/mahsa/Tu Kl/Compiler/group11/ex3/.gradle/2.12/taskArtifacts/outputFileStates.bin)
14:11:03.631 [DEBUG] [org.gradle.cache.internal.btree.BTreePersistentIndexedCache] Closing cache fileSnapshots.bin (/home/mahsa/Tu Kl/Compiler/group11/ex3/.gradle/2.12/taskArtifacts/fileSnapshots.bin)
14:11:03.632 [DEBUG] [org.gradle.cache.internal.DefaultFileLockManager] Releasing lock on task history cache (/home/mahsa/Tu Kl/Compiler/group11/ex3/.gradle/2.12/taskArtifacts).
14:11:03.633 [DEBUG] [org.gradle.api.internal.artifacts.ivyservice.resolveengine.store.CachedStoreFactory] Resolution result cache closed. Cache reads: 0, disk reads: 0 (avg: 0.0 secs, total: 0.0 secs)
14:11:03.634 [DEBUG] [org.gradle.api.internal.artifacts.ivyservice.resolveengine.store.CachedStoreFactory] Resolution result cache closed. Cache reads: 0, disk reads: 0 (avg: 0.0 secs, total: 0.0 secs)
14:11:03.635 [DEBUG] [org.gradle.api.internal.artifacts.ivyservice.resolveengine.store.ResolutionResultsStoreFactory] Deleted 2 resolution results binary files in 0.002 secs
14:11:03.635 [DEBUG] [org.gradle.api.internal.artifacts.ivyservice.ivyresolve.memcache.InMemoryCachedRepositoryFactory] In-memory dependency metadata cache closed. Repos cached: 3, cache instances: 1, modules served from cache: 4, artifacts: 4
14:11:03.636 [DEBUG] [org.gradle.cache.internal.btree.BTreePersistentIndexedCache] Closing cache artifact-at-repository.bin (/home/mahsa/Tu Kl/Compiler/group11/ex1/gradle/caches/modules-2/metadata-2.16/artifact-at-repository.bin)
14:11:03.636 [DEBUG] [org.gradle.cache.internal.btree.BTreePersistentIndexedCache] Closing cache module-metadata.bin (/home/mahsa/Tu Kl/Compiler/group11/ex1/gradle/caches/modules-2/metadata-2.16/module-metadata.bin)
14:11:03.637 [DEBUG] [org.gradle.cache.internal.DefaultFileLockManager] Releasing lock on artifact cache (/home/mahsa/Tu Kl/Compiler/group11/ex1/gradle/caches/modules-2).
14:11:03.640 [DEBUG] [org.gradle.cache.internal.DefaultCacheAccess] Cache Plugin Resolution Cache (/home/mahsa/Tu Kl/Compiler/group11/ex1/gradle/caches/2.12/plugin-resolution) was closed 0 times.
14:11:03.641 [DEBUG] [org.gradle.api.internal.tasks.compile.daemon.CompilerDaemonManager] Stopping 0 compiler daemon(s).
14:11:03.643 [INFO] [org.gradle.api.internal.tasks.compile.daemon.CompilerDaemonManager] Stopped 0 compiler daemon(s).
14:11:03.647 [DEBUG] [org.gradle.cache.internal.DefaultFileLockManager] Releasing lock on cache directory workerMain (/home/mahsa/Tu Kl/Compiler/group11/ex1/gradle/caches/2.12/workerMain).
14:11:03.652 [DEBUG] [org.gradle.launcher.daemon.server.exec.ExecuteBuild] The daemon has finished executing the build.
14:11:04.208 [DEBUG] [org.gradle.launcher.daemon.server.DaemonStateCoordinator] Daemon is busy, sleeping until state changes.
14:11:04.209 [DEBUG] [org.gradle.launcher.daemon.server.DaemonStateCoordinator] Command execution: finished waiting for DaemonCommandExecution[command = Build{id=0477a945-53f7-4be9-a1ae-4327114f6fb6.1, currentDir=/home/mahsa/Tu Kl/Compiler/group11/ex3}, connection = org.gradle.launcher.daemon.server.DefaultDaemonConnection@66dbbfd1]. Result org.gradle.launcher.daemon.server.DaemonStateCoordinator@629cd9e7 with state Running
14:11:04.212 [DEBUG] [org.gradle.launcher.daemon.server.DaemonStateCoordinator] Command execution: completed DaemonCommandExecution[command = Build{id=0477a945-53f7-4be9-a1ae-4327114f6fb6.1, currentDir=/home/mahsa/Tu Kl/Compiler/group11/ex3}, connection = org.gradle.launcher.daemon.server.DefaultDaemonConnection@66dbbfd1]
14:11:04.213 [DEBUG] [org.gradle.launcher.daemon.server.DaemonStateCoordinator] updating lastActivityAt to 1495023064213
14:11:04.216 [INFO] [org.gradle.launcher.daemon.server.DomainRegistryUpdater] Marking the daemon as idle, address: [eb717ce7-b2af-4502-b906-b0630d98069a port:41754, addresses:[/0:0:0:0:0:0:0:1%lo, /127.0.0.1]]
14:11:04.217 [DEBUG] [org.gradle.launcher.daemon.registry.PersistentDaemonRegistry] Marking idle by address: [eb717ce7-b2af-4502-b906-b0630d98069a port:41754, addresses:[/0:0:0:0:0:0:0:1%lo, /127.0.0.1]]
14:11:04.218 [DEBUG] [org.gradle.cache.internal.DefaultFileLockManager] Waiting to acquire exclusive lock on daemon addresses registry.
14:11:04.219 [DEBUG] [org.gradle.cache.internal.DefaultFileLockManager] Lock acquired.
14:11:04.226 [DEBUG] [org.gradle.cache.internal.DefaultFileLockManager] Releasing lock on daemon addresses registry.
14:11:04.227 [DEBUG] [org.gradle.launcher.daemon.server.DaemonStateCoordinator] Daemon is idle, sleeping until state change or idle timeout at Wed May 17 14:12:04 CEST 2017
14:11:04.228 [DEBUG] [org.gradle.launcher.daemon.server.exec.ReturnResult] Daemon is dispatching the build result: Failure[value=org.gradle.initialization.ReportedException: org.gradle.internal.exceptions.LocationAwareException: Execution failed for task ':test'.]
14:11:04.229 [DEBUG] [org.gradle.launcher.daemon.server.SynchronizedDispatchConnection] thread 13: dispatching class org.gradle.launcher.daemon.protocol.Failure
14:11:04.275 [DEBUG] [org.gradle.launcher.daemon.server.DefaultIncomingConnectionHandler] Finishing executing command: Build{id=0477a945-53f7-4be9-a1ae-4327114f6fb6.1, currentDir=/home/mahsa/Tu Kl/Compiler/group11/ex3}
14:11:04.332 [DEBUG] [org.gradle.launcher.daemon.server.SynchronizedDispatchConnection] thread 14: received class org.gradle.launcher.daemon.protocol.Finished
14:11:04.332 [DEBUG] [org.gradle.launcher.daemon.server.DefaultDaemonConnection] Received non-IO message from client: org.gradle.launcher.daemon.protocol.Finished@6a8ab70f
14:11:04.333 [DEBUG] [org.gradle.launcher.daemon.server.DefaultIncomingConnectionHandler] Received finished message: org.gradle.launcher.daemon.protocol.Finished@6a8ab70f
14:11:04.333 [DEBUG] [org.gradle.launcher.daemon.server.SynchronizedDispatchConnection] thread 13: stopping connection
14:11:04.335 [DEBUG] [org.gradle.messaging.remote.internal.inet.SocketConnection] Discarding EOFException: java.io.EOFException
14:11:04.336 [DEBUG] [org.gradle.launcher.daemon.server.SynchronizedDispatchConnection] thread 14: received null
14:11:04.336 [DEBUG] [org.gradle.launcher.daemon.server.DefaultDaemonConnection] Received end-of-input from client.
14:11:04.337 [DEBUG] [org.gradle.launcher.daemon.server.SynchronizedDispatchConnection] thread 13: stopping connection
14:12:04.214 [DEBUG] [org.gradle.launcher.daemon.server.DaemonStateCoordinator] Idle timeout: daemon has been idle for requested period. Stopping now.
14:12:04.214 [DEBUG] [org.gradle.launcher.daemon.server.DaemonStateCoordinator] Marking daemon stopped due to idle timeout. The daemon is running a build: false
14:12:04.215 [DEBUG] [org.gradle.launcher.daemon.server.Daemon] stop() called on daemon
14:12:04.215 [INFO] [org.gradle.launcher.daemon.server.Daemon] Stop requested. Daemon is removing its presence from the registry...
14:12:04.215 [DEBUG] [org.gradle.launcher.daemon.server.DomainRegistryUpdater] Removing our presence to clients, eg. removing this address from the registry: [eb717ce7-b2af-4502-b906-b0630d98069a port:41754, addresses:[/0:0:0:0:0:0:0:1%lo, /127.0.0.1]]
14:12:04.216 [DEBUG] [org.gradle.launcher.daemon.registry.PersistentDaemonRegistry] Removing daemon address: [eb717ce7-b2af-4502-b906-b0630d98069a port:41754, addresses:[/0:0:0:0:0:0:0:1%lo, /127.0.0.1]]
14:12:04.217 [DEBUG] [org.gradle.cache.internal.DefaultFileLockManager] Waiting to acquire exclusive lock on daemon addresses registry.
14:12:04.218 [DEBUG] [org.gradle.cache.internal.DefaultFileLockManager] Lock acquired.
14:12:04.222 [DEBUG] [org.gradle.cache.internal.DefaultFileLockManager] Releasing lock on daemon addresses registry.
14:12:04.223 [DEBUG] [org.gradle.launcher.daemon.server.DomainRegistryUpdater] Address removed from registry.
Daemon vm is shutting down... The daemon has exited normally or was terminated in response to a user interrupt.
14:12:04.226 [DEBUG] [org.gradle.launcher.daemon.registry.PersistentDaemonRegistry] Removing daemon address: [eb717ce7-b2af-4502-b906-b0630d98069a port:41754, addresses:[/0:0:0:0:0:0:0:1%lo, /127.0.0.1]]
14:12:04.227 [DEBUG] [org.gradle.cache.internal.DefaultFileLockManager] Waiting to acquire exclusive lock on daemon addresses registry.
14:12:04.228 [DEBUG] [org.gradle.cache.internal.DefaultFileLockManager] Lock acquired.
14:12:04.229 [DEBUG] [org.gradle.cache.internal.DefaultFileLockManager] Releasing lock on daemon addresses registry.
