16:34:09.831 [INFO] [org.gradle.launcher.daemon.server.Daemon] start() called on daemon - DefaultDaemonContext[uid=bf64afa4-29d0-4805-aaab-b9ebc6062e38,javaHome=/usr/lib/jvm/java-8-openjdk-amd64,daemonRegistryDir=/home/mahsa/Tu Kl/Compiler/group11/ex1/gradle/daemon,pid=6234,idleTimeout=60000,daemonOpts=-XX:MaxPermSize=256m,-XX:+HeapDumpOnOutOfMemoryError,-Xmx1024m,-Dfile.encoding=UTF-8,-Duser.country=US,-Duser.language=en,-Duser.variant]
16:34:09.839 [DEBUG] [org.gradle.launcher.daemon.server.DaemonStateCoordinator] updating lastActivityAt to 1493649249839
16:34:09.892 [DEBUG] [org.gradle.messaging.remote.internal.inet.InetAddressFactory] Adding IP addresses for network interface wlp2s0
16:34:09.893 [DEBUG] [org.gradle.messaging.remote.internal.inet.InetAddressFactory] Is this a loopback interface? false
16:34:09.893 [DEBUG] [org.gradle.messaging.remote.internal.inet.InetAddressFactory] Is this a multicast interface? true
16:34:09.894 [DEBUG] [org.gradle.messaging.remote.internal.inet.InetAddressFactory] Adding remote address /fe80:0:0:0:cc3c:7d9c:5705:d90a%wlp2s0
16:34:09.895 [DEBUG] [org.gradle.messaging.remote.internal.inet.InetAddressFactory] Adding remote address /2a02:810b:c540:a328:db0:8466:4130:9803%wlp2s0
16:34:09.896 [DEBUG] [org.gradle.messaging.remote.internal.inet.InetAddressFactory] Adding remote address /2a02:810b:c540:a328:13f:ac57:907:700c%wlp2s0
16:34:09.897 [DEBUG] [org.gradle.messaging.remote.internal.inet.InetAddressFactory] Adding remote address /192.168.0.10
16:34:09.898 [DEBUG] [org.gradle.messaging.remote.internal.inet.InetAddressFactory] Adding remote multicast interface wlp2s0
16:34:09.898 [DEBUG] [org.gradle.messaging.remote.internal.inet.InetAddressFactory] Adding IP addresses for network interface lo
16:34:09.899 [DEBUG] [org.gradle.messaging.remote.internal.inet.InetAddressFactory] Is this a loopback interface? true
16:34:09.899 [DEBUG] [org.gradle.messaging.remote.internal.inet.InetAddressFactory] Is this a multicast interface? false
16:34:09.900 [DEBUG] [org.gradle.messaging.remote.internal.inet.InetAddressFactory] Adding loopback address /0:0:0:0:0:0:0:1%lo
16:34:09.900 [DEBUG] [org.gradle.messaging.remote.internal.inet.InetAddressFactory] Adding loopback address /127.0.0.1
16:34:09.959 [DEBUG] [org.gradle.messaging.remote.internal.inet.TcpIncomingConnector] Listening on [a0e1a66d-ae0b-420d-9426-f36565782069 port:41836, addresses:[/0:0:0:0:0:0:0:1%lo, /127.0.0.1]].
16:34:09.965 [DEBUG] [org.gradle.launcher.daemon.server.Daemon] Daemon starting at: Mon May 01 16:34:09 CEST 2017, with address: [a0e1a66d-ae0b-420d-9426-f36565782069 port:41836, addresses:[/0:0:0:0:0:0:0:1%lo, /127.0.0.1]]
16:34:09.966 [INFO] [org.gradle.launcher.daemon.server.DomainRegistryUpdater] Advertising the daemon address to the clients: [a0e1a66d-ae0b-420d-9426-f36565782069 port:41836, addresses:[/0:0:0:0:0:0:0:1%lo, /127.0.0.1]]
16:34:09.967 [DEBUG] [org.gradle.launcher.daemon.server.DomainRegistryUpdater] Advertised daemon context: DefaultDaemonContext[uid=bf64afa4-29d0-4805-aaab-b9ebc6062e38,javaHome=/usr/lib/jvm/java-8-openjdk-amd64,daemonRegistryDir=/home/mahsa/Tu Kl/Compiler/group11/ex1/gradle/daemon,pid=6234,idleTimeout=60000,daemonOpts=-XX:MaxPermSize=256m,-XX:+HeapDumpOnOutOfMemoryError,-Xmx1024m,-Dfile.encoding=UTF-8,-Duser.country=US,-Duser.language=en,-Duser.variant]
16:34:09.968 [DEBUG] [org.gradle.launcher.daemon.registry.PersistentDaemonRegistry] Storing daemon address: [a0e1a66d-ae0b-420d-9426-f36565782069 port:41836, addresses:[/0:0:0:0:0:0:0:1%lo, /127.0.0.1]], context: DefaultDaemonContext[uid=bf64afa4-29d0-4805-aaab-b9ebc6062e38,javaHome=/usr/lib/jvm/java-8-openjdk-amd64,daemonRegistryDir=/home/mahsa/Tu Kl/Compiler/group11/ex1/gradle/daemon,pid=6234,idleTimeout=60000,daemonOpts=-XX:MaxPermSize=256m,-XX:+HeapDumpOnOutOfMemoryError,-Xmx1024m,-Dfile.encoding=UTF-8,-Duser.country=US,-Duser.language=en,-Duser.variant]
16:34:09.980 [DEBUG] [org.gradle.cache.internal.DefaultFileLockManager] Waiting to acquire exclusive lock on daemon addresses registry.
16:34:09.983 [DEBUG] [org.gradle.cache.internal.DefaultFileLockManager] Lock acquired.
16:34:10.138 [DEBUG] [org.gradle.cache.internal.DefaultFileLockManager] Releasing lock on daemon addresses registry.
16:34:10.139 [LIFECYCLE] [org.gradle.launcher.daemon.server.Daemon] Daemon server started.
16:34:10.141 [DEBUG] [org.gradle.launcher.daemon.bootstrap.DaemonStartupCommunication] Completed writing the daemon greeting. Closing streams...
16:34:10.142 [DEBUG] [org.gradle.launcher.daemon.server.Daemon] requestStopOnIdleTimeout(60000 MILLISECONDS) called on daemon
16:34:10.143 [DEBUG] [org.gradle.launcher.daemon.server.DaemonStateCoordinator] Idle timeout: waiting for daemon to stop or be idle for 60000ms
16:34:10.144 [DEBUG] [org.gradle.launcher.daemon.server.DaemonStateCoordinator] Daemon is idle, sleeping until state change or idle timeout at Mon May 01 16:35:09 CEST 2017
16:34:10.170 [DEBUG] [org.gradle.messaging.remote.internal.inet.TcpIncomingConnector] Accepted connection from /127.0.0.1:48900 to /127.0.0.1:41836.
16:34:10.308 [DEBUG] [org.gradle.launcher.daemon.server.SynchronizedDispatchConnection] thread 14: received class org.gradle.launcher.daemon.protocol.Build
16:34:10.309 [DEBUG] [org.gradle.launcher.daemon.server.DefaultDaemonConnection] Received non-IO message from client: Build{id=d020b560-678a-4f1d-ad27-2dc2c397ef3b.1, currentDir=/home/mahsa/Tu Kl/Compiler/group11/ex1}
16:34:10.310 [INFO] [org.gradle.launcher.daemon.server.DefaultIncomingConnectionHandler] Received command: Build{id=d020b560-678a-4f1d-ad27-2dc2c397ef3b.1, currentDir=/home/mahsa/Tu Kl/Compiler/group11/ex1}.
16:34:10.311 [DEBUG] [org.gradle.launcher.daemon.server.DefaultIncomingConnectionHandler] Starting executing command: Build{id=d020b560-678a-4f1d-ad27-2dc2c397ef3b.1, currentDir=/home/mahsa/Tu Kl/Compiler/group11/ex1} with connection: socket connection from /127.0.0.1:41836 to /127.0.0.1:48900.
16:34:10.324 [DEBUG] [org.gradle.launcher.daemon.server.DaemonStateCoordinator] Command execution: started DaemonCommandExecution[command = Build{id=d020b560-678a-4f1d-ad27-2dc2c397ef3b.1, currentDir=/home/mahsa/Tu Kl/Compiler/group11/ex1}, connection = org.gradle.launcher.daemon.server.DefaultDaemonConnection@6c74b35b] after 0.0 minutes of idle
16:34:10.325 [INFO] [org.gradle.launcher.daemon.server.DomainRegistryUpdater] Marking the daemon as busy, address: [a0e1a66d-ae0b-420d-9426-f36565782069 port:41836, addresses:[/0:0:0:0:0:0:0:1%lo, /127.0.0.1]]
16:34:10.327 [DEBUG] [org.gradle.launcher.daemon.registry.PersistentDaemonRegistry] Marking busy by address: [a0e1a66d-ae0b-420d-9426-f36565782069 port:41836, addresses:[/0:0:0:0:0:0:0:1%lo, /127.0.0.1]]
16:34:10.328 [DEBUG] [org.gradle.cache.internal.DefaultFileLockManager] Waiting to acquire exclusive lock on daemon addresses registry.
16:34:10.329 [DEBUG] [org.gradle.cache.internal.DefaultFileLockManager] Lock acquired.
16:34:10.333 [DEBUG] [org.gradle.cache.internal.DefaultFileLockManager] Releasing lock on daemon addresses registry.
16:34:10.334 [DEBUG] [org.gradle.launcher.daemon.server.DaemonStateCoordinator] updating lastActivityAt to 1493649250334
16:34:10.335 [DEBUG] [org.gradle.launcher.daemon.server.DaemonStateCoordinator] Daemon is busy, sleeping until state changes.
16:34:10.336 [INFO] [org.gradle.launcher.daemon.server.exec.StartBuildOrRespondWithBusy] Daemon is about to start building Build{id=d020b560-678a-4f1d-ad27-2dc2c397ef3b.1, currentDir=/home/mahsa/Tu Kl/Compiler/group11/ex1}. Dispatching build started information...
16:34:10.337 [DEBUG] [org.gradle.launcher.daemon.server.SynchronizedDispatchConnection] thread 16: dispatching class org.gradle.launcher.daemon.protocol.BuildStarted
16:34:10.346 [DEBUG] [org.gradle.launcher.daemon.server.exec.EstablishBuildEnvironment] Configuring env variables: {PATH=/usr/local/gradle/bin:/usr/local/sbin:/usr/local/bin:/usr/sbin:/usr/bin:/sbin:/bin:/usr/games:/usr/local/games:/snap/bin:/home/mahsa/.rvm/bin, LC_MEASUREMENT=de_DE.UTF-8, XAUTHORITY=/home/mahsa/.Xauthority, XMODIFIERS=@im=ibus, LC_TELEPHONE=de_DE.UTF-8, XDG_DATA_DIRS=/usr/share/ubuntu:/usr/share/gnome:/usr/local/share/:/usr/share/:/var/lib/snapd/desktop, GDMSESSION=ubuntu, MANDATORY_PATH=/usr/share/gconf/ubuntu.mandatory.path, LC_TIME=de_DE.UTF-8, GTK_IM_MODULE=ibus, DBUS_SESSION_BUS_ADDRESS=unix:abstract=/tmp/dbus-2tQVaTxKXw, DEFAULTS_PATH=/usr/share/gconf/ubuntu.default.path, XDG_CURRENT_DESKTOP=Unity, LD_LIBRARY_PATH=/home/mahsa/Downloads/idea-IC-171.4073.35/bin:, UPSTART_SESSION=unix:abstract=/com/ubuntu/upstart-session/1000/1781, QT4_IM_MODULE=xim, LC_PAPER=de_DE.UTF-8, SESSION_MANAGER=local/mahsa-VPCEA15FG:@/tmp/.ICE-unix/2097,unix/mahsa-VPCEA15FG:/tmp/.ICE-unix/2097, QT_LINUX_ACCESSIBILITY_ALWAYS_ON=1, LOGNAME=mahsa, JOB=unity-settings-daemon, PWD=/home/mahsa, IM_CONFIG_PHASE=1, LANGUAGE=en_US, SHELL=/bin/bash, LC_ADDRESS=de_DE.UTF-8, GIO_LAUNCHED_DESKTOP_FILE=/usr/share/applications/jetbrains-idea-ce.desktop, GTK2_MODULES=overlay-scrollbar, INSTANCE=, GNOME_DESKTOP_SESSION_ID=this-is-deprecated, UPSTART_INSTANCE=, GTK_MODULES=gail:atk-bridge:unity-gtk-module, CLUTTER_IM_MODULE=xim, XDG_SESSION_PATH=/org/freedesktop/DisplayManager/Session0, COMPIZ_BIN_PATH=/usr/bin/, SESSIONTYPE=gnome-session, XDG_SESSION_DESKTOP=ubuntu, SHLVL=0, LC_IDENTIFICATION=de_DE.UTF-8, LC_MONETARY=de_DE.UTF-8, COMPIZ_CONFIG_PROFILE=ubuntu, QT_IM_MODULE=ibus, UPSTART_JOB=unity7, XFILESEARCHPATH=/usr/dt/app-defaults/%L/Dt, XDG_CONFIG_DIRS=/etc/xdg/xdg-ubuntu:/usr/share/upstart/xdg:/etc/xdg, LANG=en_US.UTF-8, GNOME_KEYRING_CONTROL=, XDG_SEAT_PATH=/org/freedesktop/DisplayManager/Seat0, XDG_SESSION_ID=c2, XDG_SESSION_TYPE=x11, GRADLE_HOME=/usr/local/gradle, DISPLAY=:0, LC_NAME=de_DE.UTF-8, GDM_LANG=en_US, XDG_GREETER_DATA_DIR=/var/lib/lightdm-data/mahsa, UPSTART_EVENTS=xsession started, GPG_AGENT_INFO=/home/mahsa/.gnupg/S.gpg-agent:0:1, DESKTOP_SESSION=ubuntu, SESSION=ubuntu, USER=mahsa, XDG_MENU_PREFIX=gnome-, GIO_LAUNCHED_DESKTOP_FILE_PID=2583, QT_ACCESSIBILITY=1, LC_NUMERIC=de_DE.UTF-8, SSH_AUTH_SOCK=/run/user/1000/keyring/ssh, XDG_SEAT=seat0, NLSPATH=/usr/dt/lib/nls/msg/%L/%N.cat, QT_QPA_PLATFORMTHEME=appmenu-qt5, XDG_VTNR=7, XDG_RUNTIME_DIR=/run/user/1000, HOME=/home/mahsa, GNOME_KEYRING_PID=}
16:34:10.346 [DEBUG] [org.gradle.launcher.daemon.server.SynchronizedDispatchConnection] thread 14: received class org.gradle.launcher.daemon.protocol.CloseInput
16:34:10.347 [DEBUG] [org.gradle.launcher.daemon.server.DefaultDaemonConnection] Received IO message from client: org.gradle.launcher.daemon.protocol.CloseInput@1b5c7a66
16:34:10.383 [DEBUG] [org.gradle.launcher.daemon.server.exec.LogToClient] About to start relaying all logs to the client via the connection.
16:34:10.384 [INFO] [org.gradle.launcher.daemon.server.exec.LogToClient] The client will now receive all logging from the daemon (pid: 6234). The daemon log file: /home/mahsa/Tu Kl/Compiler/group11/ex1/gradle/daemon/2.12/daemon-6234.out.log
16:34:10.405 [INFO] [org.gradle.launcher.daemon.server.health.DaemonHealthTracker] Starting build in new daemon [memory: 954.7 MB]
16:34:10.407 [INFO] [org.gradle.launcher.daemon.server.exec.ForwardClientInput] Closing daemon's stdin at end of input.
16:34:10.407 [INFO] [org.gradle.launcher.daemon.server.exec.ForwardClientInput] The daemon will no longer process any standard input.
16:34:10.412 [DEBUG] [org.gradle.launcher.daemon.server.exec.ExecuteBuild] The daemon has started executing the build.
16:34:10.413 [INFO] [org.gradle.launcher.daemon.server.exec.ExecuteBuild] Executing build with daemon context: DefaultDaemonContext[uid=bf64afa4-29d0-4805-aaab-b9ebc6062e38,javaHome=/usr/lib/jvm/java-8-openjdk-amd64,daemonRegistryDir=/home/mahsa/Tu Kl/Compiler/group11/ex1/gradle/daemon,pid=6234,idleTimeout=60000,daemonOpts=-XX:MaxPermSize=256m,-XX:+HeapDumpOnOutOfMemoryError,-Xmx1024m,-Dfile.encoding=UTF-8,-Duser.country=US,-Duser.language=en,-Duser.variant]
:genCup UP-TO-DATE
:genJflex UP-TO-DATE
:gen UP-TO-DATE
:compileJava UP-TO-DATE
:processResources UP-TO-DATE
:classes UP-TO-DATE
:jar
:assemble
:compileTestJava
:processTestResources UP-TO-DATE
:testClasses
:test

calculator.InterpreterTest > paren_expr FAILED
    java.lang.RuntimeException at InterpreterTest.java:41
        Caused by: exprs.ExprParser$ParserError at InterpreterTest.java:41

calculator.InterpreterTest > testArith1 FAILED
    java.lang.RuntimeException at InterpreterTest.java:20
        Caused by: exprs.ExprParser$ParserError at InterpreterTest.java:20

calculator.InterpreterTest > testArith2 FAILED
    java.lang.RuntimeException at InterpreterTest.java:27
        Caused by: exprs.ExprParser$ParserError at InterpreterTest.java:27

calculator.InterpreterTest > testArith3 FAILED
    java.lang.RuntimeException at InterpreterTest.java:34
        Caused by: exprs.ExprParser$ParserError at InterpreterTest.java:34

calculator.ParserTest > testOk1 FAILED
    org.junit.ComparisonFailure at ParserTest.java:23

calculator.ParserTest > testOk2 FAILED
    exprs.ExprParser$ParserError at ParserTest.java:29

calculator.ParserTest > testOk3 FAILED
    exprs.ExprParser$ParserError at ParserTest.java:37

calculator.ParserTest > testOk4 FAILED
    exprs.ExprParser$ParserError at ParserTest.java:45

calculator.ParserTest > testOk5 FAILED
    exprs.ExprParser$ParserError at ParserTest.java:54

11 tests completed, 9 failed
:test FAILED

FAILURE: Build failed with an exception.

* What went wrong:
Execution failed for task ':test'.
> There were failing tests. See the report at: file:///home/mahsa/Tu%20Kl/Compiler/group11/ex1/build/reports/tests/index.html

* Try:
Run with --stacktrace option to get the stack trace. Run with --info or --debug option to get more log output.

BUILD FAILED

Total time: 15.725 secs
16:34:23.753 [DEBUG] [org.gradle.cache.internal.DefaultFileLockManager] Releasing lock on cp_proj class cache for build file '/home/mahsa/Tu Kl/Compiler/group11/ex1/build.gradle' (/home/mahsa/Tu Kl/Compiler/group11/ex1/gradle/caches/2.12/scripts/build_didwphwzvsaaoks3l1knr647y/cp_proj).
16:34:23.754 [DEBUG] [org.gradle.cache.internal.DefaultFileLockManager] Releasing lock on proj class cache for build file '/home/mahsa/Tu Kl/Compiler/group11/ex1/build.gradle' (/home/mahsa/Tu Kl/Compiler/group11/ex1/gradle/caches/2.12/scripts/build_didwphwzvsaaoks3l1knr647y/proj).
16:34:23.762 [DEBUG] [org.gradle.cache.internal.btree.BTreePersistentIndexedCache] Closing cache fileHashes.bin (/home/mahsa/Tu Kl/Compiler/group11/ex1/.gradle/2.12/taskArtifacts/fileHashes.bin)
16:34:23.763 [DEBUG] [org.gradle.cache.internal.btree.BTreePersistentIndexedCache] Closing cache outputFileStates.bin (/home/mahsa/Tu Kl/Compiler/group11/ex1/.gradle/2.12/taskArtifacts/outputFileStates.bin)
16:34:23.763 [DEBUG] [org.gradle.cache.internal.btree.BTreePersistentIndexedCache] Closing cache taskArtifacts.bin (/home/mahsa/Tu Kl/Compiler/group11/ex1/.gradle/2.12/taskArtifacts/taskArtifacts.bin)
16:34:23.764 [DEBUG] [org.gradle.cache.internal.btree.BTreePersistentIndexedCache] Closing cache fileSnapshots.bin (/home/mahsa/Tu Kl/Compiler/group11/ex1/.gradle/2.12/taskArtifacts/fileSnapshots.bin)
16:34:23.764 [DEBUG] [org.gradle.cache.internal.DefaultFileLockManager] Releasing lock on task history cache (/home/mahsa/Tu Kl/Compiler/group11/ex1/.gradle/2.12/taskArtifacts).
16:34:23.765 [DEBUG] [org.gradle.cache.internal.btree.BTreePersistentIndexedCache] Closing cache module-metadata.bin (/home/mahsa/Tu Kl/Compiler/group11/ex1/gradle/caches/modules-2/metadata-2.16/module-metadata.bin)
16:34:23.766 [DEBUG] [org.gradle.cache.internal.btree.BTreePersistentIndexedCache] Closing cache artifact-at-repository.bin (/home/mahsa/Tu Kl/Compiler/group11/ex1/gradle/caches/modules-2/metadata-2.16/artifact-at-repository.bin)
16:34:23.766 [DEBUG] [org.gradle.cache.internal.DefaultFileLockManager] Releasing lock on artifact cache (/home/mahsa/Tu Kl/Compiler/group11/ex1/gradle/caches/modules-2).
16:34:23.767 [DEBUG] [org.gradle.api.internal.artifacts.ivyservice.ivyresolve.memcache.InMemoryCachedRepositoryFactory] In-memory dependency metadata cache closed. Repos cached: 3, cache instances: 1, modules served from cache: 4, artifacts: 4
16:34:23.773 [DEBUG] [org.gradle.api.internal.artifacts.ivyservice.resolveengine.store.CachedStoreFactory] Resolution result cache closed. Cache reads: 0, disk reads: 0 (avg: 0.0 secs, total: 0.0 secs)
16:34:23.775 [DEBUG] [org.gradle.api.internal.artifacts.ivyservice.resolveengine.store.CachedStoreFactory] Resolution result cache closed. Cache reads: 0, disk reads: 0 (avg: 0.0 secs, total: 0.0 secs)
16:34:23.776 [DEBUG] [org.gradle.api.internal.artifacts.ivyservice.resolveengine.store.ResolutionResultsStoreFactory] Deleted 2 resolution results binary files in 0.003 secs
16:34:23.776 [DEBUG] [org.gradle.cache.internal.DefaultCacheAccess] Cache Plugin Resolution Cache (/home/mahsa/Tu Kl/Compiler/group11/ex1/gradle/caches/2.12/plugin-resolution) was closed 0 times.
16:34:23.782 [DEBUG] [org.gradle.cache.internal.DefaultFileLockManager] Releasing lock on cache directory workerMain (/home/mahsa/Tu Kl/Compiler/group11/ex1/gradle/caches/2.12/workerMain).
16:34:23.783 [DEBUG] [org.gradle.api.internal.tasks.compile.daemon.CompilerDaemonManager] Stopping 0 compiler daemon(s).
16:34:23.783 [INFO] [org.gradle.api.internal.tasks.compile.daemon.CompilerDaemonManager] Stopped 0 compiler daemon(s).
16:34:23.784 [DEBUG] [org.gradle.launcher.daemon.server.exec.ExecuteBuild] The daemon has finished executing the build.
16:34:24.297 [DEBUG] [org.gradle.launcher.daemon.server.DaemonStateCoordinator] Daemon is busy, sleeping until state changes.
16:34:24.299 [DEBUG] [org.gradle.launcher.daemon.server.DaemonStateCoordinator] Command execution: finished waiting for DaemonCommandExecution[command = Build{id=d020b560-678a-4f1d-ad27-2dc2c397ef3b.1, currentDir=/home/mahsa/Tu Kl/Compiler/group11/ex1}, connection = org.gradle.launcher.daemon.server.DefaultDaemonConnection@6c74b35b]. Result org.gradle.launcher.daemon.server.DaemonStateCoordinator@c8c7b29 with state Running
16:34:24.301 [DEBUG] [org.gradle.launcher.daemon.server.DaemonStateCoordinator] Command execution: completed DaemonCommandExecution[command = Build{id=d020b560-678a-4f1d-ad27-2dc2c397ef3b.1, currentDir=/home/mahsa/Tu Kl/Compiler/group11/ex1}, connection = org.gradle.launcher.daemon.server.DefaultDaemonConnection@6c74b35b]
16:34:24.303 [DEBUG] [org.gradle.launcher.daemon.server.DaemonStateCoordinator] updating lastActivityAt to 1493649264303
16:34:24.304 [INFO] [org.gradle.launcher.daemon.server.DomainRegistryUpdater] Marking the daemon as idle, address: [a0e1a66d-ae0b-420d-9426-f36565782069 port:41836, addresses:[/0:0:0:0:0:0:0:1%lo, /127.0.0.1]]
16:34:24.304 [DEBUG] [org.gradle.launcher.daemon.registry.PersistentDaemonRegistry] Marking idle by address: [a0e1a66d-ae0b-420d-9426-f36565782069 port:41836, addresses:[/0:0:0:0:0:0:0:1%lo, /127.0.0.1]]
16:34:24.306 [DEBUG] [org.gradle.cache.internal.DefaultFileLockManager] Waiting to acquire exclusive lock on daemon addresses registry.
16:34:24.306 [DEBUG] [org.gradle.cache.internal.DefaultFileLockManager] Lock acquired.
16:34:24.311 [DEBUG] [org.gradle.cache.internal.DefaultFileLockManager] Releasing lock on daemon addresses registry.
16:34:24.312 [DEBUG] [org.gradle.launcher.daemon.server.DaemonStateCoordinator] Daemon is idle, sleeping until state change or idle timeout at Mon May 01 16:35:24 CEST 2017
16:34:24.324 [DEBUG] [org.gradle.launcher.daemon.server.exec.ReturnResult] Daemon is dispatching the build result: Failure[value=org.gradle.initialization.ReportedException: org.gradle.internal.exceptions.LocationAwareException: Execution failed for task ':test'.]
16:34:24.325 [DEBUG] [org.gradle.launcher.daemon.server.SynchronizedDispatchConnection] thread 13: dispatching class org.gradle.launcher.daemon.protocol.Failure
16:34:24.368 [DEBUG] [org.gradle.launcher.daemon.server.DefaultIncomingConnectionHandler] Finishing executing command: Build{id=d020b560-678a-4f1d-ad27-2dc2c397ef3b.1, currentDir=/home/mahsa/Tu Kl/Compiler/group11/ex1}
16:34:24.432 [DEBUG] [org.gradle.launcher.daemon.server.SynchronizedDispatchConnection] thread 14: received class org.gradle.launcher.daemon.protocol.Finished
16:34:24.433 [DEBUG] [org.gradle.launcher.daemon.server.DefaultDaemonConnection] Received non-IO message from client: org.gradle.launcher.daemon.protocol.Finished@39d30227
16:34:24.433 [DEBUG] [org.gradle.launcher.daemon.server.DefaultIncomingConnectionHandler] Received finished message: org.gradle.launcher.daemon.protocol.Finished@39d30227
16:34:24.434 [DEBUG] [org.gradle.launcher.daemon.server.SynchronizedDispatchConnection] thread 13: stopping connection
16:34:24.434 [DEBUG] [org.gradle.messaging.remote.internal.inet.SocketConnection] Discarding EOFException: java.io.EOFException
16:34:24.434 [DEBUG] [org.gradle.launcher.daemon.server.SynchronizedDispatchConnection] thread 14: received null
16:34:24.435 [DEBUG] [org.gradle.launcher.daemon.server.DefaultDaemonConnection] Received end-of-input from client.
16:34:24.435 [DEBUG] [org.gradle.launcher.daemon.server.SynchronizedDispatchConnection] thread 13: stopping connection
16:35:24.304 [DEBUG] [org.gradle.launcher.daemon.server.DaemonStateCoordinator] Idle timeout: daemon has been idle for requested period. Stopping now.
16:35:24.304 [DEBUG] [org.gradle.launcher.daemon.server.DaemonStateCoordinator] Marking daemon stopped due to idle timeout. The daemon is running a build: false
16:35:24.304 [DEBUG] [org.gradle.launcher.daemon.server.Daemon] stop() called on daemon
16:35:24.305 [INFO] [org.gradle.launcher.daemon.server.Daemon] Stop requested. Daemon is removing its presence from the registry...
16:35:24.305 [DEBUG] [org.gradle.launcher.daemon.server.DomainRegistryUpdater] Removing our presence to clients, eg. removing this address from the registry: [a0e1a66d-ae0b-420d-9426-f36565782069 port:41836, addresses:[/0:0:0:0:0:0:0:1%lo, /127.0.0.1]]
16:35:24.305 [DEBUG] [org.gradle.launcher.daemon.registry.PersistentDaemonRegistry] Removing daemon address: [a0e1a66d-ae0b-420d-9426-f36565782069 port:41836, addresses:[/0:0:0:0:0:0:0:1%lo, /127.0.0.1]]
16:35:24.306 [DEBUG] [org.gradle.cache.internal.DefaultFileLockManager] Waiting to acquire exclusive lock on daemon addresses registry.
16:35:24.307 [DEBUG] [org.gradle.cache.internal.DefaultFileLockManager] Lock acquired.
16:35:24.310 [DEBUG] [org.gradle.cache.internal.DefaultFileLockManager] Releasing lock on daemon addresses registry.
16:35:24.310 [DEBUG] [org.gradle.launcher.daemon.server.DomainRegistryUpdater] Address removed from registry.
Daemon vm is shutting down... The daemon has exited normally or was terminated in response to a user interrupt.
16:35:24.313 [DEBUG] [org.gradle.launcher.daemon.registry.PersistentDaemonRegistry] Removing daemon address: [a0e1a66d-ae0b-420d-9426-f36565782069 port:41836, addresses:[/0:0:0:0:0:0:0:1%lo, /127.0.0.1]]
16:35:24.314 [DEBUG] [org.gradle.cache.internal.DefaultFileLockManager] Waiting to acquire exclusive lock on daemon addresses registry.
16:35:24.314 [DEBUG] [org.gradle.cache.internal.DefaultFileLockManager] Lock acquired.
16:35:24.316 [DEBUG] [org.gradle.cache.internal.DefaultFileLockManager] Releasing lock on daemon addresses registry.
