14:43:18.716 [INFO] [org.gradle.launcher.daemon.server.Daemon] start() called on daemon - DefaultDaemonContext[uid=10ba3cc6-13a6-4700-8102-9175a8a45656,javaHome=/usr/lib/jvm/java-8-openjdk-amd64,daemonRegistryDir=/home/mahsa/Tu Kl/Compiler/group11/ex1/gradle/daemon,pid=6438,idleTimeout=60000,daemonOpts=-XX:MaxPermSize=256m,-XX:+HeapDumpOnOutOfMemoryError,-Xmx1024m,-Dfile.encoding=UTF-8,-Duser.country=US,-Duser.language=en,-Duser.variant]
14:43:18.721 [DEBUG] [org.gradle.launcher.daemon.server.DaemonStateCoordinator] updating lastActivityAt to 1494333798721
14:43:18.734 [DEBUG] [org.gradle.messaging.remote.internal.inet.InetAddressFactory] Adding IP addresses for network interface wlp2s0
14:43:18.735 [DEBUG] [org.gradle.messaging.remote.internal.inet.InetAddressFactory] Is this a loopback interface? false
14:43:18.736 [DEBUG] [org.gradle.messaging.remote.internal.inet.InetAddressFactory] Is this a multicast interface? true
14:43:18.737 [DEBUG] [org.gradle.messaging.remote.internal.inet.InetAddressFactory] Adding remote address /fe80:0:0:0:6e6f:d075:b957:48a5%wlp2s0
14:43:18.738 [DEBUG] [org.gradle.messaging.remote.internal.inet.InetAddressFactory] Adding remote address /fe80:0:0:0:82e5:94a5:451c:80b8%wlp2s0
14:43:18.739 [DEBUG] [org.gradle.messaging.remote.internal.inet.InetAddressFactory] Adding remote address /fe80:0:0:0:6d0e:ae32:c9a2:9e22%wlp2s0
14:43:18.740 [DEBUG] [org.gradle.messaging.remote.internal.inet.InetAddressFactory] Adding remote address /131.246.175.212
14:43:18.740 [DEBUG] [org.gradle.messaging.remote.internal.inet.InetAddressFactory] Adding remote multicast interface wlp2s0
14:43:18.741 [DEBUG] [org.gradle.messaging.remote.internal.inet.InetAddressFactory] Adding IP addresses for network interface lo
14:43:18.741 [DEBUG] [org.gradle.messaging.remote.internal.inet.InetAddressFactory] Is this a loopback interface? true
14:43:18.742 [DEBUG] [org.gradle.messaging.remote.internal.inet.InetAddressFactory] Is this a multicast interface? false
14:43:18.742 [DEBUG] [org.gradle.messaging.remote.internal.inet.InetAddressFactory] Adding loopback address /0:0:0:0:0:0:0:1%lo
14:43:18.743 [DEBUG] [org.gradle.messaging.remote.internal.inet.InetAddressFactory] Adding loopback address /127.0.0.1
14:43:18.763 [DEBUG] [org.gradle.messaging.remote.internal.inet.TcpIncomingConnector] Listening on [7244679e-3d3a-4887-9b45-665af2907fd4 port:40960, addresses:[/0:0:0:0:0:0:0:1%lo, /127.0.0.1]].
14:43:18.768 [DEBUG] [org.gradle.launcher.daemon.server.Daemon] Daemon starting at: Tue May 09 14:43:18 CEST 2017, with address: [7244679e-3d3a-4887-9b45-665af2907fd4 port:40960, addresses:[/0:0:0:0:0:0:0:1%lo, /127.0.0.1]]
14:43:18.769 [INFO] [org.gradle.launcher.daemon.server.DomainRegistryUpdater] Advertising the daemon address to the clients: [7244679e-3d3a-4887-9b45-665af2907fd4 port:40960, addresses:[/0:0:0:0:0:0:0:1%lo, /127.0.0.1]]
14:43:18.770 [DEBUG] [org.gradle.launcher.daemon.server.DomainRegistryUpdater] Advertised daemon context: DefaultDaemonContext[uid=10ba3cc6-13a6-4700-8102-9175a8a45656,javaHome=/usr/lib/jvm/java-8-openjdk-amd64,daemonRegistryDir=/home/mahsa/Tu Kl/Compiler/group11/ex1/gradle/daemon,pid=6438,idleTimeout=60000,daemonOpts=-XX:MaxPermSize=256m,-XX:+HeapDumpOnOutOfMemoryError,-Xmx1024m,-Dfile.encoding=UTF-8,-Duser.country=US,-Duser.language=en,-Duser.variant]
14:43:18.771 [DEBUG] [org.gradle.launcher.daemon.registry.PersistentDaemonRegistry] Storing daemon address: [7244679e-3d3a-4887-9b45-665af2907fd4 port:40960, addresses:[/0:0:0:0:0:0:0:1%lo, /127.0.0.1]], context: DefaultDaemonContext[uid=10ba3cc6-13a6-4700-8102-9175a8a45656,javaHome=/usr/lib/jvm/java-8-openjdk-amd64,daemonRegistryDir=/home/mahsa/Tu Kl/Compiler/group11/ex1/gradle/daemon,pid=6438,idleTimeout=60000,daemonOpts=-XX:MaxPermSize=256m,-XX:+HeapDumpOnOutOfMemoryError,-Xmx1024m,-Dfile.encoding=UTF-8,-Duser.country=US,-Duser.language=en,-Duser.variant]
14:43:18.784 [DEBUG] [org.gradle.cache.internal.DefaultFileLockManager] Waiting to acquire exclusive lock on daemon addresses registry.
14:43:18.786 [DEBUG] [org.gradle.cache.internal.DefaultFileLockManager] Lock acquired.
14:43:18.922 [DEBUG] [org.gradle.cache.internal.DefaultFileLockManager] Releasing lock on daemon addresses registry.
14:43:18.923 [LIFECYCLE] [org.gradle.launcher.daemon.server.Daemon] Daemon server started.
14:43:18.926 [DEBUG] [org.gradle.launcher.daemon.bootstrap.DaemonStartupCommunication] Completed writing the daemon greeting. Closing streams...
14:43:18.927 [DEBUG] [org.gradle.launcher.daemon.server.Daemon] requestStopOnIdleTimeout(60000 MILLISECONDS) called on daemon
14:43:18.927 [DEBUG] [org.gradle.launcher.daemon.server.DaemonStateCoordinator] Idle timeout: waiting for daemon to stop or be idle for 60000ms
14:43:18.929 [DEBUG] [org.gradle.launcher.daemon.server.DaemonStateCoordinator] Daemon is idle, sleeping until state change or idle timeout at Tue May 09 14:44:18 CEST 2017
14:43:18.938 [DEBUG] [org.gradle.messaging.remote.internal.inet.TcpIncomingConnector] Accepted connection from /127.0.0.1:51482 to /127.0.0.1:40960.
14:43:19.038 [DEBUG] [org.gradle.launcher.daemon.server.SynchronizedDispatchConnection] thread 14: received class org.gradle.launcher.daemon.protocol.Build
14:43:19.039 [DEBUG] [org.gradle.launcher.daemon.server.DefaultDaemonConnection] Received non-IO message from client: Build{id=ab8b67b6-1081-4c4c-b6c5-6a0eac9525f5.1, currentDir=/home/mahsa/Tu Kl/Compiler/group11/ex2}
14:43:19.040 [INFO] [org.gradle.launcher.daemon.server.DefaultIncomingConnectionHandler] Received command: Build{id=ab8b67b6-1081-4c4c-b6c5-6a0eac9525f5.1, currentDir=/home/mahsa/Tu Kl/Compiler/group11/ex2}.
14:43:19.041 [DEBUG] [org.gradle.launcher.daemon.server.DefaultIncomingConnectionHandler] Starting executing command: Build{id=ab8b67b6-1081-4c4c-b6c5-6a0eac9525f5.1, currentDir=/home/mahsa/Tu Kl/Compiler/group11/ex2} with connection: socket connection from /127.0.0.1:40960 to /127.0.0.1:51482.
14:43:19.056 [DEBUG] [org.gradle.launcher.daemon.server.DaemonStateCoordinator] Command execution: started DaemonCommandExecution[command = Build{id=ab8b67b6-1081-4c4c-b6c5-6a0eac9525f5.1, currentDir=/home/mahsa/Tu Kl/Compiler/group11/ex2}, connection = org.gradle.launcher.daemon.server.DefaultDaemonConnection@19868420] after 0.0 minutes of idle
14:43:19.057 [INFO] [org.gradle.launcher.daemon.server.DomainRegistryUpdater] Marking the daemon as busy, address: [7244679e-3d3a-4887-9b45-665af2907fd4 port:40960, addresses:[/0:0:0:0:0:0:0:1%lo, /127.0.0.1]]
14:43:19.057 [DEBUG] [org.gradle.launcher.daemon.registry.PersistentDaemonRegistry] Marking busy by address: [7244679e-3d3a-4887-9b45-665af2907fd4 port:40960, addresses:[/0:0:0:0:0:0:0:1%lo, /127.0.0.1]]
14:43:19.059 [DEBUG] [org.gradle.cache.internal.DefaultFileLockManager] Waiting to acquire exclusive lock on daemon addresses registry.
14:43:19.059 [DEBUG] [org.gradle.cache.internal.DefaultFileLockManager] Lock acquired.
14:43:19.065 [DEBUG] [org.gradle.cache.internal.DefaultFileLockManager] Releasing lock on daemon addresses registry.
14:43:19.065 [DEBUG] [org.gradle.launcher.daemon.server.DaemonStateCoordinator] updating lastActivityAt to 1494333799065
14:43:19.066 [DEBUG] [org.gradle.launcher.daemon.server.DaemonStateCoordinator] Daemon is busy, sleeping until state changes.
14:43:19.067 [INFO] [org.gradle.launcher.daemon.server.exec.StartBuildOrRespondWithBusy] Daemon is about to start building Build{id=ab8b67b6-1081-4c4c-b6c5-6a0eac9525f5.1, currentDir=/home/mahsa/Tu Kl/Compiler/group11/ex2}. Dispatching build started information...
14:43:19.068 [DEBUG] [org.gradle.launcher.daemon.server.SynchronizedDispatchConnection] thread 16: dispatching class org.gradle.launcher.daemon.protocol.BuildStarted
14:43:19.074 [DEBUG] [org.gradle.launcher.daemon.server.exec.EstablishBuildEnvironment] Configuring env variables: {PATH=/usr/local/gradle/bin:/usr/local/sbin:/usr/local/bin:/usr/sbin:/usr/bin:/sbin:/bin:/usr/games:/usr/local/games:/snap/bin:/home/mahsa/.rvm/bin, LC_MEASUREMENT=de_DE.UTF-8, XAUTHORITY=/home/mahsa/.Xauthority, XMODIFIERS=@im=ibus, LC_TELEPHONE=de_DE.UTF-8, XDG_DATA_DIRS=/usr/share/ubuntu:/usr/share/gnome:/usr/local/share/:/usr/share/:/var/lib/snapd/desktop, GDMSESSION=ubuntu, MANDATORY_PATH=/usr/share/gconf/ubuntu.mandatory.path, LC_TIME=de_DE.UTF-8, GTK_IM_MODULE=ibus, DBUS_SESSION_BUS_ADDRESS=unix:abstract=/tmp/dbus-ddvhlDCAEQ, DEFAULTS_PATH=/usr/share/gconf/ubuntu.default.path, XDG_CURRENT_DESKTOP=Unity, LD_LIBRARY_PATH=/home/mahsa/Downloads/idea-IC-171.4073.35/bin:, UPSTART_SESSION=unix:abstract=/com/ubuntu/upstart-session/1000/1690, QT4_IM_MODULE=xim, LC_PAPER=de_DE.UTF-8, SESSION_MANAGER=local/mahsa-VPCEA15FG:@/tmp/.ICE-unix/2015,unix/mahsa-VPCEA15FG:/tmp/.ICE-unix/2015, QT_LINUX_ACCESSIBILITY_ALWAYS_ON=1, LOGNAME=mahsa, JOB=unity-settings-daemon, PWD=/home/mahsa, IM_CONFIG_PHASE=1, LANGUAGE=en_US, SHELL=/bin/bash, LC_ADDRESS=de_DE.UTF-8, GIO_LAUNCHED_DESKTOP_FILE=/usr/share/applications/jetbrains-idea-ce.desktop, GTK2_MODULES=overlay-scrollbar, INSTANCE=, GNOME_DESKTOP_SESSION_ID=this-is-deprecated, UPSTART_INSTANCE=, GTK_MODULES=gail:atk-bridge:unity-gtk-module, CLUTTER_IM_MODULE=xim, XDG_SESSION_PATH=/org/freedesktop/DisplayManager/Session0, COMPIZ_BIN_PATH=/usr/bin/, SESSIONTYPE=gnome-session, XDG_SESSION_DESKTOP=ubuntu, SHLVL=0, LC_IDENTIFICATION=de_DE.UTF-8, LC_MONETARY=de_DE.UTF-8, COMPIZ_CONFIG_PROFILE=ubuntu, QT_IM_MODULE=ibus, UPSTART_JOB=unity7, XFILESEARCHPATH=/usr/dt/app-defaults/%L/Dt, XDG_CONFIG_DIRS=/etc/xdg/xdg-ubuntu:/usr/share/upstart/xdg:/etc/xdg, LANG=en_US.UTF-8, GNOME_KEYRING_CONTROL=, XDG_SEAT_PATH=/org/freedesktop/DisplayManager/Seat0, XDG_SESSION_ID=c2, XDG_SESSION_TYPE=x11, GRADLE_HOME=/usr/local/gradle, DISPLAY=:0, LC_NAME=de_DE.UTF-8, GDM_LANG=en_US, XDG_GREETER_DATA_DIR=/var/lib/lightdm-data/mahsa, UPSTART_EVENTS=xsession started, GPG_AGENT_INFO=/home/mahsa/.gnupg/S.gpg-agent:0:1, DESKTOP_SESSION=ubuntu, SESSION=ubuntu, USER=mahsa, XDG_MENU_PREFIX=gnome-, GIO_LAUNCHED_DESKTOP_FILE_PID=2480, QT_ACCESSIBILITY=1, LC_NUMERIC=de_DE.UTF-8, SSH_AUTH_SOCK=/run/user/1000/keyring/ssh, XDG_SEAT=seat0, NLSPATH=/usr/dt/lib/nls/msg/%L/%N.cat, QT_QPA_PLATFORMTHEME=appmenu-qt5, XDG_VTNR=7, XDG_RUNTIME_DIR=/run/user/1000, HOME=/home/mahsa, GNOME_KEYRING_PID=}
14:43:19.074 [DEBUG] [org.gradle.launcher.daemon.server.SynchronizedDispatchConnection] thread 14: received class org.gradle.launcher.daemon.protocol.CloseInput
14:43:19.076 [DEBUG] [org.gradle.launcher.daemon.server.DefaultDaemonConnection] Received IO message from client: org.gradle.launcher.daemon.protocol.CloseInput@70b0e8b9
14:43:19.098 [DEBUG] [org.gradle.launcher.daemon.server.exec.LogToClient] About to start relaying all logs to the client via the connection.
14:43:19.099 [INFO] [org.gradle.launcher.daemon.server.exec.LogToClient] The client will now receive all logging from the daemon (pid: 6438). The daemon log file: /home/mahsa/Tu Kl/Compiler/group11/ex1/gradle/daemon/2.12/daemon-6438.out.log
14:43:19.113 [INFO] [org.gradle.launcher.daemon.server.health.DaemonHealthTracker] Starting build in new daemon [memory: 954.7 MB]
14:43:19.116 [INFO] [org.gradle.launcher.daemon.server.exec.ForwardClientInput] Closing daemon's stdin at end of input.
14:43:19.116 [INFO] [org.gradle.launcher.daemon.server.exec.ForwardClientInput] The daemon will no longer process any standard input.
14:43:19.120 [DEBUG] [org.gradle.launcher.daemon.server.exec.ExecuteBuild] The daemon has started executing the build.
14:43:19.120 [INFO] [org.gradle.launcher.daemon.server.exec.ExecuteBuild] Executing build with daemon context: DefaultDaemonContext[uid=10ba3cc6-13a6-4700-8102-9175a8a45656,javaHome=/usr/lib/jvm/java-8-openjdk-amd64,daemonRegistryDir=/home/mahsa/Tu Kl/Compiler/group11/ex1/gradle/daemon,pid=6438,idleTimeout=60000,daemonOpts=-XX:MaxPermSize=256m,-XX:+HeapDumpOnOutOfMemoryError,-Xmx1024m,-Dfile.encoding=UTF-8,-Duser.country=US,-Duser.language=en,-Duser.variant]
:genAst UP-TO-DATE
:genCupWarning : Terminal "SHORT" was declared but never used
Warning : Terminal "IMPLEMENTS" was declared but never used
Warning : Terminal "CONST" was declared but never used
Warning : Terminal "STRICTFP" was declared but never used
Warning : Terminal "ENUM" was declared but never used
Warning : Terminal "CATCH" was declared but never used
Warning : Terminal "THROW" was declared but never used
Warning : Terminal "DOUBLE" was declared but never used
Warning : Terminal "TRANSIENT" was declared but never used
Warning : Terminal "PROTECTED" was declared but never used
Warning : Terminal "FINAL" was declared but never used
Warning : Terminal "FLOAT" was declared but never used
Warning : Terminal "GOTO" was declared but never used
Warning : Terminal "PACKAGE" was declared but never used
Warning : Terminal "SUPER" was declared but never used
Warning : Terminal "ABSTRACT" was declared but never used
Warning : Terminal "NATIVE" was declared but never used
Warning : Terminal "LONG" was declared but never used
Warning : Terminal "INTERFACE" was declared but never used
Warning : Terminal "CHAR" was declared but never used
Warning : Terminal "SWITCH" was declared but never used
Warning : Terminal "DO" was declared but never used
Warning : Terminal "FOR" was declared but never used
Warning : Terminal "TRY" was declared but never used
Warning : Terminal "BREAK" was declared but never used
Warning : Terminal "THROWS" was declared but never used
Warning : Terminal "DEFAULT" was declared but never used
Warning : Terminal "IMPORT" was declared but never used
Warning : Terminal "SYNCHRONIZED" was declared but never used
Warning : Terminal "FINALLY" was declared but never used
Warning : Terminal "CONTINUE" was declared but never used
Warning : Terminal "INSTANCEOF" was declared but never used
Warning : Terminal "ASSERT" was declared but never used
Warning : Terminal "INVALID_TOKEN" was declared but never used
Warning : Terminal "VOLATILE" was declared but never used
Warning : Terminal "CASE" was declared but never used
Warning : Terminal "BYTE" was declared but never used
Warning : Terminal "PRIVATE" was declared but never used
Warning : Non terminal "exp" was declared but never used
Warning : *** Production "op ::= EQUALS " never reduced
Warning : *** Production "op ::= LESS " never reduced
Warning : *** Production "op ::= DIV " never reduced
Warning : *** Production "op ::= TIMES " never reduced
Warning : *** Production "op ::= MINUS " never reduced
Warning : *** Production "op ::= expr PLUS expr " never reduced
Warning : *** Production "op ::= AND " never reduced
Warning : *** Production "exprRest ::= COMMA expr " never reduced
Warning : *** Production "exprlist ::= expr exprRest " never reduced
Warning : *** Production "expr ::= LPAREN expr RPAREN " never reduced
Warning : *** Production "expr ::= NEW ID LPAREN RPAREN " never reduced
Warning : *** Production "expr ::= NEW INT LBRACKET expr RBRACKET " never reduced
Warning : *** Production "expr ::= NULL " never reduced
Warning : *** Production "expr ::= THIS " never reduced
Warning : *** Production "expr ::= NUMBER " never reduced
Warning : *** Production "expr ::= ID " never reduced
Warning : *** Production "expr ::= FALSE " never reduced
Warning : *** Production "expr ::= TRUE " never reduced
Warning : *** Production "expr ::= expr DOT ID LPAREN exprlist RPAREN " never reduced
Warning : *** Production "expr ::= expr DOT ID " never reduced
Warning : *** Production "expr ::= expr DOT ID " never reduced
Warning : *** Production "expr ::= expr DOT LENGTH " never reduced
Warning : *** Production "expr ::= expr LBRACKET expr RBRACKET " never reduced
Warning : *** Production "expr ::= MINUS expr " never reduced
Warning : *** Production "expr ::= NEG expr " never reduced
Warning : *** Production "expr ::= expr op expr " never reduced
Warning : *** Production "statement ::= expr EQ expr " never reduced
Warning : *** Production "statement ::= expr SEMI " never reduced
Warning : *** Production "statement ::= SYSTEM DOT OUT DOT PRINTLN LPAREN expr RPAREN " never reduced
Warning : *** Production "statement ::= RETURN expr " never reduced
Warning : *** Production "statement ::= WHILE LPAREN expr RPAREN statement " never reduced
Warning : *** Production "statement ::= IF LPAREN expr RPAREN statement ELSE statement " never reduced
Warning : *** Production "statement ::= block " never reduced
Warning : *** Production "type ::= ID " never reduced
Warning : *** Production "type ::= INT " never reduced
Warning : *** Production "type ::= BOOLEAN " never reduced
Warning : *** Production "type ::= INT LBRACKET RBRACKET " never reduced
Warning : *** Production "vardeclist ::= COMMA type ID " never reduced
Warning : *** Production "vardeclist ::= type ID vardeclist " never reduced
Warning : *** Production "methodecl ::= type ID LBRACE vardeclist RBRACE block " never reduced
Warning : *** Production "vardecl ::= type ID SEMI " never reduced
Warning : *** Production "memberdecl ::= methodecl " never reduced
Warning : *** Production "memberdecl ::= vardecl " never reduced
Warning : *** Production "classdecl ::= CLASS ID EXTENDS ID LBRACE memberdecllist RBRACE " never reduced
Warning : *** Production "classdecl ::= CLASS ID LBRACE memberdecllist RBRACE " never reduced
Warning : *** Production "mainclass ::= CLASS ID LBRACE PUBLIC STATIC VOID MAIN LPAREN STRING LBRACKET RBRACKET ID RPAREN block RBRACE " never reduced
------- CUP v0.11c 20160501 Parser Generation Summary -------
  0 errors and 85 warnings
  82 terminals, 17 non-terminals, and 48 productions declared, 
  producing 20 unique parse states.
  39 terminals declared but not used.
  0 non-terminals declared but not used.
  0 productions never reduced.
  0 conflicts detected (0 expected).
  Code written to "MiniJavaParser.java", and "MiniJavaParserSym.java".
---------------------------------------------------- (CUP v0.11c 20160501)

:genJflex UP-TO-DATE
:gen
:compileJava/home/mahsa/Tu Kl/Compiler/group11/ex2/src-generated/minijava/syntax/MiniJavaParser.java:219: error: cannot find symbol
		 RESULT = MJProgram(mc, cdl); 
		          ^
  symbol:   method MJProgram(MJMainClass,MJClassDeclList)
  location: class MiniJavaParser.CUP$MiniJavaParser$actions
/home/mahsa/Tu Kl/Compiler/group11/ex2/src-generated/minijava/syntax/MiniJavaParser.java:256: error: cannot find symbol
            RESULT = MJMainClass(name, argName ,body);
                     ^
  symbol:   method MJMainClass(String,String,MJBlock)
  location: class MiniJavaParser.CUP$MiniJavaParser$actions
/home/mahsa/Tu Kl/Compiler/group11/ex2/src-generated/minijava/syntax/MiniJavaParser.java:271: error: cannot find symbol
		MJMemberDeclList mdl = (MJMemberDeclList)((java_cup.runtime.Symbol) CUP$MiniJavaParser$stack.elementAt(CUP$MiniJavaParser$top-1)).value;
		^
  symbol:   class MJMemberDeclList
  location: class MiniJavaParser.CUP$MiniJavaParser$actions
/home/mahsa/Tu Kl/Compiler/group11/ex2/src-generated/minijava/syntax/MiniJavaParser.java:271: error: cannot find symbol
		MJMemberDeclList mdl = (MJMemberDeclList)((java_cup.runtime.Symbol) CUP$MiniJavaParser$stack.elementAt(CUP$MiniJavaParser$top-1)).value;
		                        ^
  symbol:   class MJMemberDeclList
  location: class MiniJavaParser.CUP$MiniJavaParser$actions
/home/mahsa/Tu Kl/Compiler/group11/ex2/src-generated/minijava/syntax/MiniJavaParser.java:288: error: cannot find symbol
		MJMemberDeclList mdl = (MJMemberDeclList)((java_cup.runtime.Symbol) CUP$MiniJavaParser$stack.elementAt(CUP$MiniJavaParser$top-1)).value;
		^
  symbol:   class MJMemberDeclList
  location: class MiniJavaParser.CUP$MiniJavaParser$actions
/home/mahsa/Tu Kl/Compiler/group11/ex2/src-generated/minijava/syntax/MiniJavaParser.java:288: error: cannot find symbol
		MJMemberDeclList mdl = (MJMemberDeclList)((java_cup.runtime.Symbol) CUP$MiniJavaParser$stack.elementAt(CUP$MiniJavaParser$top-1)).value;
		                        ^
  symbol:   class MJMemberDeclList
  location: class MiniJavaParser.CUP$MiniJavaParser$actions
/home/mahsa/Tu Kl/Compiler/group11/ex2/src-generated/minijava/syntax/MiniJavaParser.java:303: error: MJMemberDecl is abstract; cannot be instantiated
		 RESULT=new MJMemberDecl(vd); 
		        ^
/home/mahsa/Tu Kl/Compiler/group11/ex2/src-generated/minijava/syntax/MiniJavaParser.java:315: error: cannot find symbol
		 RESULT= MJMemberDecl(mtd); 
		         ^
  symbol:   method MJMemberDecl(MJMethodDecl)
  location: class MiniJavaParser.CUP$MiniJavaParser$actions
/home/mahsa/Tu Kl/Compiler/group11/ex2/src-generated/minijava/syntax/MiniJavaParser.java:330: error: cannot find symbol
		  RESULT =  MJVarDecl(t,name); 
		            ^
  symbol:   method MJVarDecl(MJType,String)
  location: class MiniJavaParser.CUP$MiniJavaParser$actions
/home/mahsa/Tu Kl/Compiler/group11/ex2/src-generated/minijava/syntax/MiniJavaParser.java:352: error: cannot find symbol
    RESULT=  MJMethodDecl(t,name,vdl,b);
             ^
  symbol:   method MJMethodDecl(MJType,String,MJVarDeclList,MJBlock)
  location: class MiniJavaParser.CUP$MiniJavaParser$actions
/home/mahsa/Tu Kl/Compiler/group11/ex2/src-generated/minijava/syntax/MiniJavaParser.java:371: error: cannot find symbol
    RESULT =   MJVarDeclList(t,name,vdlrest);
               ^
  symbol:   method MJVarDeclList(MJType,String,MJVarDeclList)
  location: class MiniJavaParser.CUP$MiniJavaParser$actions
/home/mahsa/Tu Kl/Compiler/group11/ex2/src-generated/minijava/syntax/MiniJavaParser.java:387: error: cannot find symbol
    RESULT =  MJVarDeclList(t,name); 
              ^
  symbol:   method MJVarDeclList(MJType,String)
  location: class MiniJavaParser.CUP$MiniJavaParser$actions
/home/mahsa/Tu Kl/Compiler/group11/ex2/src-generated/minijava/syntax/MiniJavaParser.java:396: error: MJTypeIntArray is abstract; cannot be instantiated
		 RESULT = new MJTypeIntArray(); 
		          ^
/home/mahsa/Tu Kl/Compiler/group11/ex2/src-generated/minijava/syntax/MiniJavaParser.java:405: error: MJTypeBool is abstract; cannot be instantiated
		 RESULT = new MJTypeBool(); 
		          ^
/home/mahsa/Tu Kl/Compiler/group11/ex2/src-generated/minijava/syntax/MiniJavaParser.java:414: error: MJTypeInt is abstract; cannot be instantiated
		 RESULT = new MJTypeInt(); 
		          ^
/home/mahsa/Tu Kl/Compiler/group11/ex2/src-generated/minijava/syntax/MiniJavaParser.java:426: error: MJTypeClass is abstract; cannot be instantiated
		 RESULT = new MJTypeClass(name); 
		          ^
/home/mahsa/Tu Kl/Compiler/group11/ex2/src-generated/minijava/syntax/MiniJavaParser.java:438: error: MJBlock is abstract; cannot be instantiated
		 RESULT = new MJBlock(body); 
		          ^
/home/mahsa/Tu Kl/Compiler/group11/ex2/src-generated/minijava/syntax/MiniJavaParser.java:456: error: MJStmtIf is abstract; cannot be instantiated
		 RESULT = new MJStmtIf(e1,s1,s2); 
		          ^
/home/mahsa/Tu Kl/Compiler/group11/ex2/src-generated/minijava/syntax/MiniJavaParser.java:471: error: MJStmtWhile is abstract; cannot be instantiated
		 RESULT = new MJStmtWhile(e1,s1); 
		          ^
/home/mahsa/Tu Kl/Compiler/group11/ex2/src-generated/minijava/syntax/MiniJavaParser.java:483: error: MJStmtReturn is abstract; cannot be instantiated
		 RESULT = new MJStmtReturn(e1); 
		          ^
/home/mahsa/Tu Kl/Compiler/group11/ex2/src-generated/minijava/syntax/MiniJavaParser.java:495: error: MJStmtPrint is abstract; cannot be instantiated
		 RESULT = new MJStmtPrint(e1); 
		          ^
/home/mahsa/Tu Kl/Compiler/group11/ex2/src-generated/minijava/syntax/MiniJavaParser.java:507: error: MJStmtExpr is abstract; cannot be instantiated
		 RESULT = new MJStmtExpr(e1); 
		          ^
/home/mahsa/Tu Kl/Compiler/group11/ex2/src-generated/minijava/syntax/MiniJavaParser.java:522: error: MJStmtAssign is abstract; cannot be instantiated
		 RESULT = new MJStmtAssign(e1,e2); 
		          ^
/home/mahsa/Tu Kl/Compiler/group11/ex2/src-generated/minijava/syntax/MiniJavaParser.java:540: error: MJOperator is abstract; cannot be instantiated
		 RESULT = new MJOperator(e1,e2,op1); 
		          ^
/home/mahsa/Tu Kl/Compiler/group11/ex2/src-generated/minijava/syntax/MiniJavaParser.java:552: error: cannot find symbol
		 RESULT = newMJNegate(e1); 
		          ^
  symbol:   method newMJNegate(MJExpr)
  location: class MiniJavaParser.CUP$MiniJavaParser$actions
/home/mahsa/Tu Kl/Compiler/group11/ex2/src-generated/minijava/syntax/MiniJavaParser.java:564: error: MJUnaryMinus is abstract; cannot be instantiated
		 RESULT = new MJUnaryMinus(e1); 
		          ^
/home/mahsa/Tu Kl/Compiler/group11/ex2/src-generated/minijava/syntax/MiniJavaParser.java:579: error: MJArrayLookup is abstract; cannot be instantiated
		 RESULT = new MJArrayLookup(e1,e2); 
		          ^
/home/mahsa/Tu Kl/Compiler/group11/ex2/src-generated/minijava/syntax/MiniJavaParser.java:591: error: MJArrayLength is abstract; cannot be instantiated
		 RESULT = new MJArrayLength(e1); 
		          ^
/home/mahsa/Tu Kl/Compiler/group11/ex2/src-generated/minijava/syntax/MiniJavaParser.java:606: error: MJFieldAccess is abstract; cannot be instantiated
		 RESULT = new MJFieldAccess(e1,id); 
		          ^
/home/mahsa/Tu Kl/Compiler/group11/ex2/src-generated/minijava/syntax/MiniJavaParser.java:621: error: MJMethodCall is abstract; cannot be instantiated
		 RESULT = new MJMethodCall(e1,id); 
		          ^
/home/mahsa/Tu Kl/Compiler/group11/ex2/src-generated/minijava/syntax/MiniJavaParser.java:639: error: MJMethodCall is abstract; cannot be instantiated
		 RESULT = new MJMethodCall(e1,id,el); 
		          ^
/home/mahsa/Tu Kl/Compiler/group11/ex2/src-generated/minijava/syntax/MiniJavaParser.java:648: error: MJTypeBool is abstract; cannot be instantiated
		 RESULT = new MJTypeBool(); 
		          ^
/home/mahsa/Tu Kl/Compiler/group11/ex2/src-generated/minijava/syntax/MiniJavaParser.java:657: error: MJTypeBool is abstract; cannot be instantiated
		 RESULT = new MJTypeBool(); 
		          ^
/home/mahsa/Tu Kl/Compiler/group11/ex2/src-generated/minijava/syntax/MiniJavaParser.java:669: error: MJVarDecl is abstract; cannot be instantiated
		 RESULT = new MJVarDecl(id);  
		          ^
/home/mahsa/Tu Kl/Compiler/group11/ex2/src-generated/minijava/syntax/MiniJavaParser.java:681: error: MJNumber is abstract; cannot be instantiated
		 RESULT = new MJNumber(Integer.parseInt(n)); 
		          ^
/home/mahsa/Tu Kl/Compiler/group11/ex2/src-generated/minijava/syntax/MiniJavaParser.java:693: error: MJExprThis is abstract; cannot be instantiated
		 RESULT = new MJExprThis(); 
		          ^
/home/mahsa/Tu Kl/Compiler/group11/ex2/src-generated/minijava/syntax/MiniJavaParser.java:702: error: MJExprNull is abstract; cannot be instantiated
		 RESULT = new MJExprNull(); 
		          ^
/home/mahsa/Tu Kl/Compiler/group11/ex2/src-generated/minijava/syntax/MiniJavaParser.java:714: error: MJNewIntArray is abstract; cannot be instantiated
		 RESULT = new MJNewIntArray(e1); 
		          ^
/home/mahsa/Tu Kl/Compiler/group11/ex2/src-generated/minijava/syntax/MiniJavaParser.java:726: error: MJNewObject is abstract; cannot be instantiated
		 RESULT = new MJNewObject(id); 
		          ^
/home/mahsa/Tu Kl/Compiler/group11/ex2/src-generated/minijava/syntax/MiniJavaParser.java:753: error: MJExprList is abstract; cannot be instantiated
		 RESULT = new MJExprList(e1,er); 
		          ^
/home/mahsa/Tu Kl/Compiler/group11/ex2/src-generated/minijava/syntax/MiniJavaParser.java:765: error: MJExprList is abstract; cannot be instantiated
		 RESULT = new MJExprList(e1); 
		          ^
/home/mahsa/Tu Kl/Compiler/group11/ex2/src-generated/minijava/syntax/MiniJavaParser.java:774: error: cannot find symbol
		 RESULT = MJAnd(); 
		          ^
  symbol:   method MJAnd()
  location: class MiniJavaParser.CUP$MiniJavaParser$actions
/home/mahsa/Tu Kl/Compiler/group11/ex2/src-generated/minijava/syntax/MiniJavaParser.java:789: error: cannot find symbol
		 RESULT = MJExprBinary(el,MJPlus(),er); 
		                          ^
  symbol:   method MJPlus()
  location: class MiniJavaParser.CUP$MiniJavaParser$actions
/home/mahsa/Tu Kl/Compiler/group11/ex2/src-generated/minijava/syntax/MiniJavaParser.java:798: error: cannot find symbol
		 RESULT = MJMinus(); 
		          ^
  symbol:   method MJMinus()
  location: class MiniJavaParser.CUP$MiniJavaParser$actions
/home/mahsa/Tu Kl/Compiler/group11/ex2/src-generated/minijava/syntax/MiniJavaParser.java:807: error: cannot find symbol
		 RESULT = MJTimes(); 
		          ^
  symbol:   method MJTimes()
  location: class MiniJavaParser.CUP$MiniJavaParser$actions
/home/mahsa/Tu Kl/Compiler/group11/ex2/src-generated/minijava/syntax/MiniJavaParser.java:816: error: cannot find symbol
		 RESULT = MJDiv(); 
		          ^
  symbol:   method MJDiv()
  location: class MiniJavaParser.CUP$MiniJavaParser$actions
/home/mahsa/Tu Kl/Compiler/group11/ex2/src-generated/minijava/syntax/MiniJavaParser.java:825: error: cannot find symbol
		 RESULT = MJLess(); 
		          ^
  symbol:   method MJLess()
  location: class MiniJavaParser.CUP$MiniJavaParser$actions
/home/mahsa/Tu Kl/Compiler/group11/ex2/src-generated/minijava/syntax/MiniJavaParser.java:834: error: cannot find symbol
		 RESULT = MJEquals(); 
		          ^
  symbol:   method MJEquals()
  location: class MiniJavaParser.CUP$MiniJavaParser$actions
Note: Some input files use or override a deprecated API.
Note: Recompile with -Xlint:deprecation for details.
48 errors
 FAILED

FAILURE: Build failed with an exception.

* What went wrong:
Execution failed for task ':compileJava'.
> Compilation failed; see the compiler error output for details.

* Try:
Run with --stacktrace option to get the stack trace. Run with --info or --debug option to get more log output.

BUILD FAILED

Total time: 13.567 secs
14:43:31.272 [DEBUG] [org.gradle.cache.internal.DefaultFileLockManager] Releasing lock on cp_proj class cache for build file '/home/mahsa/Tu Kl/Compiler/group11/ex2/build.gradle' (/home/mahsa/Tu Kl/Compiler/group11/ex1/gradle/caches/2.12/scripts/build_8y80ghzyvtxk277vx77bwabpq/cp_proj).
14:43:31.273 [DEBUG] [org.gradle.cache.internal.DefaultFileLockManager] Releasing lock on proj class cache for build file '/home/mahsa/Tu Kl/Compiler/group11/ex2/build.gradle' (/home/mahsa/Tu Kl/Compiler/group11/ex1/gradle/caches/2.12/scripts/build_8y80ghzyvtxk277vx77bwabpq/proj).
14:43:31.275 [DEBUG] [org.gradle.cache.internal.btree.BTreePersistentIndexedCache] Closing cache fileSnapshots.bin (/home/mahsa/Tu Kl/Compiler/group11/ex2/.gradle/2.12/taskArtifacts/fileSnapshots.bin)
14:43:31.276 [DEBUG] [org.gradle.cache.internal.btree.BTreePersistentIndexedCache] Closing cache outputFileStates.bin (/home/mahsa/Tu Kl/Compiler/group11/ex2/.gradle/2.12/taskArtifacts/outputFileStates.bin)
14:43:31.277 [DEBUG] [org.gradle.cache.internal.btree.BTreePersistentIndexedCache] Closing cache fileHashes.bin (/home/mahsa/Tu Kl/Compiler/group11/ex2/.gradle/2.12/taskArtifacts/fileHashes.bin)
14:43:31.277 [DEBUG] [org.gradle.cache.internal.btree.BTreePersistentIndexedCache] Closing cache taskArtifacts.bin (/home/mahsa/Tu Kl/Compiler/group11/ex2/.gradle/2.12/taskArtifacts/taskArtifacts.bin)
14:43:31.279 [DEBUG] [org.gradle.cache.internal.DefaultFileLockManager] Releasing lock on task history cache (/home/mahsa/Tu Kl/Compiler/group11/ex2/.gradle/2.12/taskArtifacts).
14:43:31.280 [DEBUG] [org.gradle.api.internal.artifacts.ivyservice.ivyresolve.memcache.InMemoryCachedRepositoryFactory] In-memory dependency metadata cache closed. Repos cached: 2, cache instances: 1, modules served from cache: 8, artifacts: 8
14:43:31.291 [DEBUG] [org.gradle.cache.internal.btree.BTreePersistentIndexedCache] Closing cache artifact-at-repository.bin (/home/mahsa/Tu Kl/Compiler/group11/ex1/gradle/caches/modules-2/metadata-2.16/artifact-at-repository.bin)
14:43:31.291 [DEBUG] [org.gradle.cache.internal.btree.BTreePersistentIndexedCache] Closing cache module-metadata.bin (/home/mahsa/Tu Kl/Compiler/group11/ex1/gradle/caches/modules-2/metadata-2.16/module-metadata.bin)
14:43:31.294 [DEBUG] [org.gradle.cache.internal.DefaultFileLockManager] Releasing lock on artifact cache (/home/mahsa/Tu Kl/Compiler/group11/ex1/gradle/caches/modules-2).
14:43:31.295 [DEBUG] [org.gradle.api.internal.artifacts.ivyservice.resolveengine.store.CachedStoreFactory] Resolution result cache closed. Cache reads: 0, disk reads: 0 (avg: 0.0 secs, total: 0.0 secs)
14:43:31.296 [DEBUG] [org.gradle.api.internal.artifacts.ivyservice.resolveengine.store.CachedStoreFactory] Resolution result cache closed. Cache reads: 0, disk reads: 0 (avg: 0.0 secs, total: 0.0 secs)
14:43:31.297 [DEBUG] [org.gradle.api.internal.artifacts.ivyservice.resolveengine.store.ResolutionResultsStoreFactory] Deleted 2 resolution results binary files in 0.002 secs
14:43:31.297 [DEBUG] [org.gradle.cache.internal.DefaultCacheAccess] Cache Plugin Resolution Cache (/home/mahsa/Tu Kl/Compiler/group11/ex1/gradle/caches/2.12/plugin-resolution) was closed 0 times.
14:43:31.298 [DEBUG] [org.gradle.api.internal.tasks.compile.daemon.CompilerDaemonManager] Stopping 0 compiler daemon(s).
14:43:31.299 [INFO] [org.gradle.api.internal.tasks.compile.daemon.CompilerDaemonManager] Stopped 0 compiler daemon(s).
14:43:31.299 [DEBUG] [org.gradle.launcher.daemon.server.exec.ExecuteBuild] The daemon has finished executing the build.
14:43:31.684 [DEBUG] [org.gradle.launcher.daemon.server.DaemonStateCoordinator] Daemon is busy, sleeping until state changes.
14:43:31.688 [DEBUG] [org.gradle.launcher.daemon.server.DaemonStateCoordinator] Command execution: finished waiting for DaemonCommandExecution[command = Build{id=ab8b67b6-1081-4c4c-b6c5-6a0eac9525f5.1, currentDir=/home/mahsa/Tu Kl/Compiler/group11/ex2}, connection = org.gradle.launcher.daemon.server.DefaultDaemonConnection@19868420]. Result org.gradle.launcher.daemon.server.DaemonStateCoordinator@1a7aa605 with state Running
14:43:31.689 [DEBUG] [org.gradle.launcher.daemon.server.DaemonStateCoordinator] Command execution: completed DaemonCommandExecution[command = Build{id=ab8b67b6-1081-4c4c-b6c5-6a0eac9525f5.1, currentDir=/home/mahsa/Tu Kl/Compiler/group11/ex2}, connection = org.gradle.launcher.daemon.server.DefaultDaemonConnection@19868420]
14:43:31.692 [DEBUG] [org.gradle.launcher.daemon.server.DaemonStateCoordinator] updating lastActivityAt to 1494333811692
14:43:31.693 [INFO] [org.gradle.launcher.daemon.server.DomainRegistryUpdater] Marking the daemon as idle, address: [7244679e-3d3a-4887-9b45-665af2907fd4 port:40960, addresses:[/0:0:0:0:0:0:0:1%lo, /127.0.0.1]]
14:43:31.693 [DEBUG] [org.gradle.launcher.daemon.registry.PersistentDaemonRegistry] Marking idle by address: [7244679e-3d3a-4887-9b45-665af2907fd4 port:40960, addresses:[/0:0:0:0:0:0:0:1%lo, /127.0.0.1]]
14:43:31.695 [DEBUG] [org.gradle.cache.internal.DefaultFileLockManager] Waiting to acquire exclusive lock on daemon addresses registry.
14:43:31.695 [DEBUG] [org.gradle.cache.internal.DefaultFileLockManager] Lock acquired.
14:43:31.700 [DEBUG] [org.gradle.cache.internal.DefaultFileLockManager] Releasing lock on daemon addresses registry.
14:43:31.701 [DEBUG] [org.gradle.launcher.daemon.server.DaemonStateCoordinator] Daemon is idle, sleeping until state change or idle timeout at Tue May 09 14:44:31 CEST 2017
14:43:31.702 [DEBUG] [org.gradle.launcher.daemon.server.exec.ReturnResult] Daemon is dispatching the build result: Failure[value=org.gradle.initialization.ReportedException: org.gradle.internal.exceptions.LocationAwareException: Execution failed for task ':compileJava'.]
14:43:31.702 [DEBUG] [org.gradle.launcher.daemon.server.SynchronizedDispatchConnection] thread 13: dispatching class org.gradle.launcher.daemon.protocol.Failure
14:43:31.753 [DEBUG] [org.gradle.launcher.daemon.server.DefaultIncomingConnectionHandler] Finishing executing command: Build{id=ab8b67b6-1081-4c4c-b6c5-6a0eac9525f5.1, currentDir=/home/mahsa/Tu Kl/Compiler/group11/ex2}
14:43:31.759 [DEBUG] [org.gradle.launcher.daemon.server.SynchronizedDispatchConnection] thread 14: received class org.gradle.launcher.daemon.protocol.Finished
14:43:31.759 [DEBUG] [org.gradle.launcher.daemon.server.DefaultDaemonConnection] Received non-IO message from client: org.gradle.launcher.daemon.protocol.Finished@74907ffb
14:43:31.761 [DEBUG] [org.gradle.messaging.remote.internal.inet.SocketConnection] Discarding EOFException: java.io.EOFException
14:43:31.761 [DEBUG] [org.gradle.launcher.daemon.server.SynchronizedDispatchConnection] thread 14: received null
14:43:31.761 [DEBUG] [org.gradle.launcher.daemon.server.DefaultDaemonConnection] Received end-of-input from client.
14:43:31.763 [DEBUG] [org.gradle.launcher.daemon.server.DefaultIncomingConnectionHandler] Received finished message: null
14:43:31.763 [DEBUG] [org.gradle.launcher.daemon.server.SynchronizedDispatchConnection] thread 13: stopping connection
14:43:31.768 [DEBUG] [org.gradle.launcher.daemon.server.SynchronizedDispatchConnection] thread 13: stopping connection
14:44:31.693 [DEBUG] [org.gradle.launcher.daemon.server.DaemonStateCoordinator] Idle timeout: daemon has been idle for requested period. Stopping now.
14:44:31.693 [DEBUG] [org.gradle.launcher.daemon.server.DaemonStateCoordinator] Marking daemon stopped due to idle timeout. The daemon is running a build: false
14:44:31.694 [DEBUG] [org.gradle.launcher.daemon.server.Daemon] stop() called on daemon
14:44:31.695 [INFO] [org.gradle.launcher.daemon.server.Daemon] Stop requested. Daemon is removing its presence from the registry...
14:44:31.696 [DEBUG] [org.gradle.launcher.daemon.server.DomainRegistryUpdater] Removing our presence to clients, eg. removing this address from the registry: [7244679e-3d3a-4887-9b45-665af2907fd4 port:40960, addresses:[/0:0:0:0:0:0:0:1%lo, /127.0.0.1]]
14:44:31.696 [DEBUG] [org.gradle.launcher.daemon.registry.PersistentDaemonRegistry] Removing daemon address: [7244679e-3d3a-4887-9b45-665af2907fd4 port:40960, addresses:[/0:0:0:0:0:0:0:1%lo, /127.0.0.1]]
14:44:31.698 [DEBUG] [org.gradle.cache.internal.DefaultFileLockManager] Waiting to acquire exclusive lock on daemon addresses registry.
14:44:31.699 [DEBUG] [org.gradle.cache.internal.DefaultFileLockManager] Lock acquired.
14:44:31.703 [DEBUG] [org.gradle.cache.internal.DefaultFileLockManager] Releasing lock on daemon addresses registry.
14:44:31.704 [DEBUG] [org.gradle.launcher.daemon.server.DomainRegistryUpdater] Address removed from registry.
Daemon vm is shutting down... The daemon has exited normally or was terminated in response to a user interrupt.
14:44:31.710 [DEBUG] [org.gradle.launcher.daemon.registry.PersistentDaemonRegistry] Removing daemon address: [7244679e-3d3a-4887-9b45-665af2907fd4 port:40960, addresses:[/0:0:0:0:0:0:0:1%lo, /127.0.0.1]]
14:44:31.710 [DEBUG] [org.gradle.cache.internal.DefaultFileLockManager] Waiting to acquire exclusive lock on daemon addresses registry.
14:44:31.711 [DEBUG] [org.gradle.cache.internal.DefaultFileLockManager] Lock acquired.
14:44:31.712 [DEBUG] [org.gradle.cache.internal.DefaultFileLockManager] Releasing lock on daemon addresses registry.
