14:07:10.729 [INFO] [org.gradle.launcher.daemon.server.Daemon] start() called on daemon - DefaultDaemonContext[uid=fc542669-1c2e-4ca8-aa73-c5ba7fc937e6,javaHome=/usr/lib/jvm/java-8-openjdk-amd64,daemonRegistryDir=/home/mahsa/Tu Kl/Compiler/group11/ex1/gradle/daemon,pid=4534,idleTimeout=60000,daemonOpts=-XX:MaxPermSize=256m,-XX:+HeapDumpOnOutOfMemoryError,-Xmx1024m,-Dfile.encoding=UTF-8,-Duser.country=US,-Duser.language=en,-Duser.variant]
14:07:10.747 [DEBUG] [org.gradle.launcher.daemon.server.DaemonStateCoordinator] updating lastActivityAt to 1494936430747
14:07:10.794 [DEBUG] [org.gradle.messaging.remote.internal.inet.InetAddressFactory] Adding IP addresses for network interface wlp2s0
14:07:10.795 [DEBUG] [org.gradle.messaging.remote.internal.inet.InetAddressFactory] Is this a loopback interface? false
14:07:10.796 [DEBUG] [org.gradle.messaging.remote.internal.inet.InetAddressFactory] Is this a multicast interface? true
14:07:10.797 [DEBUG] [org.gradle.messaging.remote.internal.inet.InetAddressFactory] Adding remote address /fe80:0:0:0:6e6f:d075:b957:48a5%wlp2s0
14:07:10.798 [DEBUG] [org.gradle.messaging.remote.internal.inet.InetAddressFactory] Adding remote address /fe80:0:0:0:82e5:94a5:451c:80b8%wlp2s0
14:07:10.799 [DEBUG] [org.gradle.messaging.remote.internal.inet.InetAddressFactory] Adding remote address /fe80:0:0:0:6d0e:ae32:c9a2:9e22%wlp2s0
14:07:10.800 [DEBUG] [org.gradle.messaging.remote.internal.inet.InetAddressFactory] Adding remote address /131.246.37.117
14:07:10.800 [DEBUG] [org.gradle.messaging.remote.internal.inet.InetAddressFactory] Adding remote multicast interface wlp2s0
14:07:10.801 [DEBUG] [org.gradle.messaging.remote.internal.inet.InetAddressFactory] Adding IP addresses for network interface lo
14:07:10.801 [DEBUG] [org.gradle.messaging.remote.internal.inet.InetAddressFactory] Is this a loopback interface? true
14:07:10.802 [DEBUG] [org.gradle.messaging.remote.internal.inet.InetAddressFactory] Is this a multicast interface? false
14:07:10.802 [DEBUG] [org.gradle.messaging.remote.internal.inet.InetAddressFactory] Adding loopback address /0:0:0:0:0:0:0:1%lo
14:07:10.802 [DEBUG] [org.gradle.messaging.remote.internal.inet.InetAddressFactory] Adding loopback address /127.0.0.1
14:07:10.915 [DEBUG] [org.gradle.messaging.remote.internal.inet.TcpIncomingConnector] Listening on [13b2869a-a76d-405a-930a-0e6cdb2c7a5f port:35620, addresses:[/0:0:0:0:0:0:0:1%lo, /127.0.0.1]].
14:07:10.926 [DEBUG] [org.gradle.launcher.daemon.server.Daemon] Daemon starting at: Tue May 16 14:07:10 CEST 2017, with address: [13b2869a-a76d-405a-930a-0e6cdb2c7a5f port:35620, addresses:[/0:0:0:0:0:0:0:1%lo, /127.0.0.1]]
14:07:10.927 [INFO] [org.gradle.launcher.daemon.server.DomainRegistryUpdater] Advertising the daemon address to the clients: [13b2869a-a76d-405a-930a-0e6cdb2c7a5f port:35620, addresses:[/0:0:0:0:0:0:0:1%lo, /127.0.0.1]]
14:07:10.928 [DEBUG] [org.gradle.launcher.daemon.server.DomainRegistryUpdater] Advertised daemon context: DefaultDaemonContext[uid=fc542669-1c2e-4ca8-aa73-c5ba7fc937e6,javaHome=/usr/lib/jvm/java-8-openjdk-amd64,daemonRegistryDir=/home/mahsa/Tu Kl/Compiler/group11/ex1/gradle/daemon,pid=4534,idleTimeout=60000,daemonOpts=-XX:MaxPermSize=256m,-XX:+HeapDumpOnOutOfMemoryError,-Xmx1024m,-Dfile.encoding=UTF-8,-Duser.country=US,-Duser.language=en,-Duser.variant]
14:07:10.929 [DEBUG] [org.gradle.launcher.daemon.registry.PersistentDaemonRegistry] Storing daemon address: [13b2869a-a76d-405a-930a-0e6cdb2c7a5f port:35620, addresses:[/0:0:0:0:0:0:0:1%lo, /127.0.0.1]], context: DefaultDaemonContext[uid=fc542669-1c2e-4ca8-aa73-c5ba7fc937e6,javaHome=/usr/lib/jvm/java-8-openjdk-amd64,daemonRegistryDir=/home/mahsa/Tu Kl/Compiler/group11/ex1/gradle/daemon,pid=4534,idleTimeout=60000,daemonOpts=-XX:MaxPermSize=256m,-XX:+HeapDumpOnOutOfMemoryError,-Xmx1024m,-Dfile.encoding=UTF-8,-Duser.country=US,-Duser.language=en,-Duser.variant]
14:07:10.940 [DEBUG] [org.gradle.cache.internal.DefaultFileLockManager] Waiting to acquire exclusive lock on daemon addresses registry.
14:07:10.942 [DEBUG] [org.gradle.cache.internal.DefaultFileLockManager] Lock acquired.
14:07:11.280 [DEBUG] [org.gradle.cache.internal.DefaultFileLockManager] Releasing lock on daemon addresses registry.
14:07:11.281 [LIFECYCLE] [org.gradle.launcher.daemon.server.Daemon] Daemon server started.
14:07:11.283 [DEBUG] [org.gradle.launcher.daemon.bootstrap.DaemonStartupCommunication] Completed writing the daemon greeting. Closing streams...
14:07:11.285 [DEBUG] [org.gradle.launcher.daemon.server.Daemon] requestStopOnIdleTimeout(60000 MILLISECONDS) called on daemon
14:07:11.285 [DEBUG] [org.gradle.launcher.daemon.server.DaemonStateCoordinator] Idle timeout: waiting for daemon to stop or be idle for 60000ms
14:07:11.287 [DEBUG] [org.gradle.launcher.daemon.server.DaemonStateCoordinator] Daemon is idle, sleeping until state change or idle timeout at Tue May 16 14:08:10 CEST 2017
14:07:11.406 [DEBUG] [org.gradle.messaging.remote.internal.inet.TcpIncomingConnector] Accepted connection from /127.0.0.1:41780 to /127.0.0.1:35620.
14:07:11.601 [DEBUG] [org.gradle.launcher.daemon.server.SynchronizedDispatchConnection] thread 14: received class org.gradle.launcher.daemon.protocol.Build
14:07:11.602 [DEBUG] [org.gradle.launcher.daemon.server.DefaultDaemonConnection] Received non-IO message from client: Build{id=ae11c027-6bb3-4683-a70b-35d3c7fbfdb7.1, currentDir=/home/mahsa/Tu Kl/Compiler/group11/ex3}
14:07:11.603 [INFO] [org.gradle.launcher.daemon.server.DefaultIncomingConnectionHandler] Received command: Build{id=ae11c027-6bb3-4683-a70b-35d3c7fbfdb7.1, currentDir=/home/mahsa/Tu Kl/Compiler/group11/ex3}.
14:07:11.604 [DEBUG] [org.gradle.launcher.daemon.server.DefaultIncomingConnectionHandler] Starting executing command: Build{id=ae11c027-6bb3-4683-a70b-35d3c7fbfdb7.1, currentDir=/home/mahsa/Tu Kl/Compiler/group11/ex3} with connection: socket connection from /127.0.0.1:35620 to /127.0.0.1:41780.
14:07:11.618 [DEBUG] [org.gradle.launcher.daemon.server.DaemonStateCoordinator] Command execution: started DaemonCommandExecution[command = Build{id=ae11c027-6bb3-4683-a70b-35d3c7fbfdb7.1, currentDir=/home/mahsa/Tu Kl/Compiler/group11/ex3}, connection = org.gradle.launcher.daemon.server.DefaultDaemonConnection@56ce617d] after 0.0 minutes of idle
14:07:11.619 [INFO] [org.gradle.launcher.daemon.server.DomainRegistryUpdater] Marking the daemon as busy, address: [13b2869a-a76d-405a-930a-0e6cdb2c7a5f port:35620, addresses:[/0:0:0:0:0:0:0:1%lo, /127.0.0.1]]
14:07:11.619 [DEBUG] [org.gradle.launcher.daemon.registry.PersistentDaemonRegistry] Marking busy by address: [13b2869a-a76d-405a-930a-0e6cdb2c7a5f port:35620, addresses:[/0:0:0:0:0:0:0:1%lo, /127.0.0.1]]
14:07:11.620 [DEBUG] [org.gradle.cache.internal.DefaultFileLockManager] Waiting to acquire exclusive lock on daemon addresses registry.
14:07:11.621 [DEBUG] [org.gradle.cache.internal.DefaultFileLockManager] Lock acquired.
14:07:11.628 [DEBUG] [org.gradle.cache.internal.DefaultFileLockManager] Releasing lock on daemon addresses registry.
14:07:11.628 [DEBUG] [org.gradle.launcher.daemon.server.DaemonStateCoordinator] updating lastActivityAt to 1494936431628
14:07:11.629 [DEBUG] [org.gradle.launcher.daemon.server.DaemonStateCoordinator] Daemon is busy, sleeping until state changes.
14:07:11.630 [INFO] [org.gradle.launcher.daemon.server.exec.StartBuildOrRespondWithBusy] Daemon is about to start building Build{id=ae11c027-6bb3-4683-a70b-35d3c7fbfdb7.1, currentDir=/home/mahsa/Tu Kl/Compiler/group11/ex3}. Dispatching build started information...
14:07:11.632 [DEBUG] [org.gradle.launcher.daemon.server.SynchronizedDispatchConnection] thread 16: dispatching class org.gradle.launcher.daemon.protocol.BuildStarted
14:07:11.641 [DEBUG] [org.gradle.launcher.daemon.server.exec.EstablishBuildEnvironment] Configuring env variables: {PATH=/usr/local/gradle/bin:/usr/local/sbin:/usr/local/bin:/usr/sbin:/usr/bin:/sbin:/bin:/usr/games:/usr/local/games:/snap/bin:/home/mahsa/.rvm/bin, LC_MEASUREMENT=de_DE.UTF-8, XAUTHORITY=/home/mahsa/.Xauthority, XMODIFIERS=@im=ibus, LC_TELEPHONE=de_DE.UTF-8, XDG_DATA_DIRS=/usr/share/ubuntu:/usr/share/gnome:/usr/local/share/:/usr/share/:/var/lib/snapd/desktop, GDMSESSION=ubuntu, MANDATORY_PATH=/usr/share/gconf/ubuntu.mandatory.path, LC_TIME=de_DE.UTF-8, GTK_IM_MODULE=ibus, DBUS_SESSION_BUS_ADDRESS=unix:abstract=/tmp/dbus-9PGpa2pOta, DEFAULTS_PATH=/usr/share/gconf/ubuntu.default.path, XDG_CURRENT_DESKTOP=Unity, LD_LIBRARY_PATH=/home/mahsa/Downloads/idea-IC-171.4073.35/bin:, UPSTART_SESSION=unix:abstract=/com/ubuntu/upstart-session/1000/1670, QT4_IM_MODULE=xim, LC_PAPER=de_DE.UTF-8, SESSION_MANAGER=local/mahsa-VPCEA15FG:@/tmp/.ICE-unix/1993,unix/mahsa-VPCEA15FG:/tmp/.ICE-unix/1993, QT_LINUX_ACCESSIBILITY_ALWAYS_ON=1, LOGNAME=mahsa, JOB=unity-settings-daemon, PWD=/home/mahsa, IM_CONFIG_PHASE=1, LANGUAGE=en_US, SHELL=/bin/bash, LC_ADDRESS=de_DE.UTF-8, GIO_LAUNCHED_DESKTOP_FILE=/usr/share/applications/jetbrains-idea-ce.desktop, GTK2_MODULES=overlay-scrollbar, INSTANCE=, GNOME_DESKTOP_SESSION_ID=this-is-deprecated, UPSTART_INSTANCE=, GTK_MODULES=gail:atk-bridge:unity-gtk-module, CLUTTER_IM_MODULE=xim, XDG_SESSION_PATH=/org/freedesktop/DisplayManager/Session0, COMPIZ_BIN_PATH=/usr/bin/, SESSIONTYPE=gnome-session, XDG_SESSION_DESKTOP=ubuntu, SHLVL=0, LC_IDENTIFICATION=de_DE.UTF-8, LC_MONETARY=de_DE.UTF-8, COMPIZ_CONFIG_PROFILE=ubuntu, QT_IM_MODULE=ibus, UPSTART_JOB=unity7, XFILESEARCHPATH=/usr/dt/app-defaults/%L/Dt, XDG_CONFIG_DIRS=/etc/xdg/xdg-ubuntu:/usr/share/upstart/xdg:/etc/xdg, LANG=en_US.UTF-8, GNOME_KEYRING_CONTROL=, XDG_SEAT_PATH=/org/freedesktop/DisplayManager/Seat0, XDG_SESSION_ID=c2, XDG_SESSION_TYPE=x11, GRADLE_HOME=/usr/local/gradle, DISPLAY=:0, LC_NAME=de_DE.UTF-8, GDM_LANG=en_US, XDG_GREETER_DATA_DIR=/var/lib/lightdm-data/mahsa, UPSTART_EVENTS=xsession started, GPG_AGENT_INFO=/home/mahsa/.gnupg/S.gpg-agent:0:1, DESKTOP_SESSION=ubuntu, SESSION=ubuntu, USER=mahsa, XDG_MENU_PREFIX=gnome-, GIO_LAUNCHED_DESKTOP_FILE_PID=2673, QT_ACCESSIBILITY=1, LC_NUMERIC=de_DE.UTF-8, SSH_AUTH_SOCK=/run/user/1000/keyring/ssh, XDG_SEAT=seat0, NLSPATH=/usr/dt/lib/nls/msg/%L/%N.cat, QT_QPA_PLATFORMTHEME=appmenu-qt5, XDG_VTNR=7, XDG_RUNTIME_DIR=/run/user/1000, HOME=/home/mahsa, GNOME_KEYRING_PID=}
14:07:11.669 [DEBUG] [org.gradle.launcher.daemon.server.SynchronizedDispatchConnection] thread 14: received class org.gradle.launcher.daemon.protocol.CloseInput
14:07:11.671 [DEBUG] [org.gradle.launcher.daemon.server.DefaultDaemonConnection] Received IO message from client: org.gradle.launcher.daemon.protocol.CloseInput@f5bd408
14:07:11.684 [DEBUG] [org.gradle.launcher.daemon.server.exec.LogToClient] About to start relaying all logs to the client via the connection.
14:07:11.685 [INFO] [org.gradle.launcher.daemon.server.exec.LogToClient] The client will now receive all logging from the daemon (pid: 4534). The daemon log file: /home/mahsa/Tu Kl/Compiler/group11/ex1/gradle/daemon/2.12/daemon-4534.out.log
14:07:11.708 [INFO] [org.gradle.launcher.daemon.server.health.DaemonHealthTracker] Starting build in new daemon [memory: 954.7 MB]
14:07:11.710 [INFO] [org.gradle.launcher.daemon.server.exec.ForwardClientInput] Closing daemon's stdin at end of input.
14:07:11.711 [INFO] [org.gradle.launcher.daemon.server.exec.ForwardClientInput] The daemon will no longer process any standard input.
14:07:11.716 [DEBUG] [org.gradle.launcher.daemon.server.exec.ExecuteBuild] The daemon has started executing the build.
14:07:11.717 [INFO] [org.gradle.launcher.daemon.server.exec.ExecuteBuild] Executing build with daemon context: DefaultDaemonContext[uid=fc542669-1c2e-4ca8-aa73-c5ba7fc937e6,javaHome=/usr/lib/jvm/java-8-openjdk-amd64,daemonRegistryDir=/home/mahsa/Tu Kl/Compiler/group11/ex1/gradle/daemon,pid=4534,idleTimeout=60000,daemonOpts=-XX:MaxPermSize=256m,-XX:+HeapDumpOnOutOfMemoryError,-Xmx1024m,-Dfile.encoding=UTF-8,-Duser.country=US,-Duser.language=en,-Duser.variant]
14:07:13.983 [INFO] [org.gradle.tooling.internal.provider.DefaultPayloadClassLoaderRegistry] Creating ClassLoader 96f2758e-e59f-41d2-aae7-e7ca3e14f9f4 from [Spec classpath:[file:/home/mahsa/Downloads/idea-IC-171.4073.35/plugins/gradle/lib/gradle-tooling-api-3.3.jar, file:/home/mahsa/Downloads/idea-IC-171.4073.35/plugins/gradle/lib/guava-jdk5-17.0.jar, file:/home/mahsa/Downloads/idea-IC-171.4073.35/plugins/gradle/lib/gradle-base-services-3.3.jar, file:/home/mahsa/Downloads/idea-IC-171.4073.35/plugins/gradle/lib/gradle-core-3.3.jar, file:/home/mahsa/Downloads/idea-IC-171.4073.35/plugins/gradle/lib/commons-lang-2.6.jar, file:/home/mahsa/Downloads/idea-IC-171.4073.35/plugins/gradle/lib/gradle-messaging-3.3.jar, file:/home/mahsa/Downloads/idea-IC-171.4073.35/plugins/gradle/lib/gradle-tooling-extension-api.jar, file:/home/mahsa/Downloads/idea-IC-171.4073.35/lib/external-system-rt.jar, file:/home/mahsa/Downloads/idea-IC-171.4073.35/plugins/Kotlin/lib/kotlin-gradle-tooling.jar, file:/home/mahsa/Downloads/idea-IC-171.4073.35/plugins/android/lib/sdk-tools.jar]] and [org.gradle.internal.classloader.FilteringClassLoader@34a7d354].
14:07:13.985 [DEBUG] [org.gradle.cache.internal.DefaultFileLockManager] Waiting to acquire exclusive lock on jars (/home/mahsa/Tu Kl/Compiler/group11/ex1/gradle/caches/jars-1).
14:07:13.998 [DEBUG] [org.gradle.cache.internal.DefaultFileLockManager] Lock acquired.
14:07:14.009 [DEBUG] [org.gradle.cache.internal.locklistener.DefaultFileLockContentionHandler] Starting file lock listener thread.

BUILD SUCCESSFUL

Total time: 17.276 secs
14:07:25.943 [DEBUG] [org.gradle.cache.internal.DefaultFileLockManager] Releasing lock on cp_init class cache for initialization script '/tmp/ijinit.gradle' (/home/mahsa/Tu Kl/Compiler/group11/ex1/gradle/caches/2.12/scripts/ijinit_87o07vfof6oy13dwbhyezc40k/cp_init).
14:07:25.944 [DEBUG] [org.gradle.cache.internal.DefaultFileLockManager] Releasing lock on init class cache for initialization script '/tmp/ijinit.gradle' (/home/mahsa/Tu Kl/Compiler/group11/ex1/gradle/caches/2.12/scripts/ijinit_87o07vfof6oy13dwbhyezc40k/init).
14:07:25.944 [DEBUG] [org.gradle.cache.internal.DefaultFileLockManager] Releasing lock on cp_proj class cache for build file '/home/mahsa/Tu Kl/Compiler/group11/ex3/build.gradle' (/home/mahsa/Tu Kl/Compiler/group11/ex1/gradle/caches/2.12/scripts/build_3cv522gay4h9to9s8j857svaz/cp_proj).
14:07:25.945 [DEBUG] [org.gradle.cache.internal.DefaultFileLockManager] Releasing lock on proj class cache for build file '/home/mahsa/Tu Kl/Compiler/group11/ex3/build.gradle' (/home/mahsa/Tu Kl/Compiler/group11/ex1/gradle/caches/2.12/scripts/build_3cv522gay4h9to9s8j857svaz/proj).
14:07:25.947 [DEBUG] [org.gradle.cache.internal.DefaultFileLockManager] Releasing lock on jars (/home/mahsa/Tu Kl/Compiler/group11/ex1/gradle/caches/jars-1).
14:07:25.952 [DEBUG] [org.gradle.api.internal.artifacts.ivyservice.resolveengine.store.CachedStoreFactory] Resolution result cache closed. Cache reads: 0, disk reads: 0 (avg: 0.0 secs, total: 0.0 secs)
14:07:25.954 [DEBUG] [org.gradle.api.internal.artifacts.ivyservice.resolveengine.store.CachedStoreFactory] Resolution result cache closed. Cache reads: 24, disk reads: 6 (avg: 0.002 secs, total: 0.012 secs)
14:07:25.955 [DEBUG] [org.gradle.api.internal.artifacts.ivyservice.resolveengine.store.ResolutionResultsStoreFactory] Deleted 2 resolution results binary files in 0.003 secs
14:07:25.956 [DEBUG] [org.gradle.cache.internal.btree.BTreePersistentIndexedCache] Closing cache module-metadata.bin (/home/mahsa/Tu Kl/Compiler/group11/ex1/gradle/caches/modules-2/metadata-2.16/module-metadata.bin)
14:07:25.957 [DEBUG] [org.gradle.cache.internal.btree.BTreePersistentIndexedCache] Closing cache artifact-at-repository.bin (/home/mahsa/Tu Kl/Compiler/group11/ex1/gradle/caches/modules-2/metadata-2.16/artifact-at-repository.bin)
14:07:25.957 [DEBUG] [org.gradle.cache.internal.btree.BTreePersistentIndexedCache] Closing cache module-artifacts.bin (/home/mahsa/Tu Kl/Compiler/group11/ex1/gradle/caches/modules-2/metadata-2.16/module-artifacts.bin)
14:07:25.958 [DEBUG] [org.gradle.cache.internal.DefaultFileLockManager] Releasing lock on artifact cache (/home/mahsa/Tu Kl/Compiler/group11/ex1/gradle/caches/modules-2).
14:07:25.959 [DEBUG] [org.gradle.api.internal.artifacts.ivyservice.ivyresolve.memcache.InMemoryCachedRepositoryFactory] In-memory dependency metadata cache closed. Repos cached: 16, cache instances: 1, modules served from cache: 43, artifacts: 33
14:07:25.959 [DEBUG] [org.gradle.cache.internal.DefaultCacheAccess] Cache Plugin Resolution Cache (/home/mahsa/Tu Kl/Compiler/group11/ex1/gradle/caches/2.12/plugin-resolution) was closed 0 times.
14:07:25.960 [DEBUG] [org.gradle.api.internal.tasks.compile.daemon.CompilerDaemonManager] Stopping 0 compiler daemon(s).
14:07:25.961 [INFO] [org.gradle.api.internal.tasks.compile.daemon.CompilerDaemonManager] Stopped 0 compiler daemon(s).
14:07:25.961 [DEBUG] [org.gradle.launcher.daemon.server.exec.ExecuteBuild] The daemon has finished executing the build.
14:07:26.590 [DEBUG] [org.gradle.launcher.daemon.server.DaemonStateCoordinator] Daemon is busy, sleeping until state changes.
14:07:26.591 [DEBUG] [org.gradle.launcher.daemon.server.DaemonStateCoordinator] Command execution: finished waiting for DaemonCommandExecution[command = Build{id=ae11c027-6bb3-4683-a70b-35d3c7fbfdb7.1, currentDir=/home/mahsa/Tu Kl/Compiler/group11/ex3}, connection = org.gradle.launcher.daemon.server.DefaultDaemonConnection@56ce617d]. Result org.gradle.launcher.daemon.server.DaemonStateCoordinator@1590aed6 with state Running
14:07:26.591 [DEBUG] [org.gradle.launcher.daemon.server.DaemonStateCoordinator] Command execution: completed DaemonCommandExecution[command = Build{id=ae11c027-6bb3-4683-a70b-35d3c7fbfdb7.1, currentDir=/home/mahsa/Tu Kl/Compiler/group11/ex3}, connection = org.gradle.launcher.daemon.server.DefaultDaemonConnection@56ce617d]
14:07:26.591 [DEBUG] [org.gradle.launcher.daemon.server.DaemonStateCoordinator] updating lastActivityAt to 1494936446591
14:07:26.592 [INFO] [org.gradle.launcher.daemon.server.DomainRegistryUpdater] Marking the daemon as idle, address: [13b2869a-a76d-405a-930a-0e6cdb2c7a5f port:35620, addresses:[/0:0:0:0:0:0:0:1%lo, /127.0.0.1]]
14:07:26.593 [DEBUG] [org.gradle.launcher.daemon.registry.PersistentDaemonRegistry] Marking idle by address: [13b2869a-a76d-405a-930a-0e6cdb2c7a5f port:35620, addresses:[/0:0:0:0:0:0:0:1%lo, /127.0.0.1]]
14:07:26.594 [DEBUG] [org.gradle.cache.internal.DefaultFileLockManager] Waiting to acquire exclusive lock on daemon addresses registry.
14:07:26.595 [DEBUG] [org.gradle.cache.internal.DefaultFileLockManager] Lock acquired.
14:07:26.600 [DEBUG] [org.gradle.cache.internal.DefaultFileLockManager] Releasing lock on daemon addresses registry.
14:07:26.606 [DEBUG] [org.gradle.launcher.daemon.server.DaemonStateCoordinator] Daemon is idle, sleeping until state change or idle timeout at Tue May 16 14:08:26 CEST 2017
14:07:26.607 [DEBUG] [org.gradle.launcher.daemon.server.exec.ReturnResult] Daemon is dispatching the build result: Success[value=org.gradle.tooling.internal.provider.BuildActionResult@43d079fa]
14:07:26.608 [DEBUG] [org.gradle.launcher.daemon.server.SynchronizedDispatchConnection] thread 13: dispatching class org.gradle.launcher.daemon.protocol.Success
14:07:26.637 [DEBUG] [org.gradle.launcher.daemon.server.DefaultIncomingConnectionHandler] Finishing executing command: Build{id=ae11c027-6bb3-4683-a70b-35d3c7fbfdb7.1, currentDir=/home/mahsa/Tu Kl/Compiler/group11/ex3}
14:07:26.669 [DEBUG] [org.gradle.launcher.daemon.server.SynchronizedDispatchConnection] thread 14: received class org.gradle.launcher.daemon.protocol.Finished
14:07:26.669 [DEBUG] [org.gradle.launcher.daemon.server.DefaultDaemonConnection] Received non-IO message from client: org.gradle.launcher.daemon.protocol.Finished@61813c2b
14:07:26.670 [DEBUG] [org.gradle.launcher.daemon.server.DefaultIncomingConnectionHandler] Received finished message: org.gradle.launcher.daemon.protocol.Finished@61813c2b
14:07:26.670 [DEBUG] [org.gradle.messaging.remote.internal.inet.SocketConnection] Discarding EOFException: java.io.EOFException
14:07:26.671 [DEBUG] [org.gradle.launcher.daemon.server.SynchronizedDispatchConnection] thread 13: stopping connection
14:07:26.679 [DEBUG] [org.gradle.launcher.daemon.server.SynchronizedDispatchConnection] thread 14: received null
14:07:26.680 [DEBUG] [org.gradle.launcher.daemon.server.DefaultDaemonConnection] Received end-of-input from client.
14:07:26.680 [DEBUG] [org.gradle.launcher.daemon.server.SynchronizedDispatchConnection] thread 13: stopping connection
14:08:26.592 [DEBUG] [org.gradle.launcher.daemon.server.DaemonStateCoordinator] Idle timeout: daemon has been idle for requested period. Stopping now.
14:08:26.592 [DEBUG] [org.gradle.launcher.daemon.server.DaemonStateCoordinator] Marking daemon stopped due to idle timeout. The daemon is running a build: false
14:08:26.593 [DEBUG] [org.gradle.launcher.daemon.server.Daemon] stop() called on daemon
14:08:26.593 [INFO] [org.gradle.launcher.daemon.server.Daemon] Stop requested. Daemon is removing its presence from the registry...
14:08:26.594 [DEBUG] [org.gradle.launcher.daemon.server.DomainRegistryUpdater] Removing our presence to clients, eg. removing this address from the registry: [13b2869a-a76d-405a-930a-0e6cdb2c7a5f port:35620, addresses:[/0:0:0:0:0:0:0:1%lo, /127.0.0.1]]
14:08:26.595 [DEBUG] [org.gradle.launcher.daemon.registry.PersistentDaemonRegistry] Removing daemon address: [13b2869a-a76d-405a-930a-0e6cdb2c7a5f port:35620, addresses:[/0:0:0:0:0:0:0:1%lo, /127.0.0.1]]
14:08:26.596 [DEBUG] [org.gradle.cache.internal.DefaultFileLockManager] Waiting to acquire exclusive lock on daemon addresses registry.
14:08:26.597 [DEBUG] [org.gradle.cache.internal.DefaultFileLockManager] Lock acquired.
14:08:26.602 [DEBUG] [org.gradle.cache.internal.DefaultFileLockManager] Releasing lock on daemon addresses registry.
14:08:26.602 [DEBUG] [org.gradle.launcher.daemon.server.DomainRegistryUpdater] Address removed from registry.
Daemon vm is shutting down... The daemon has exited normally or was terminated in response to a user interrupt.
14:08:26.626 [DEBUG] [org.gradle.launcher.daemon.registry.PersistentDaemonRegistry] Removing daemon address: [13b2869a-a76d-405a-930a-0e6cdb2c7a5f port:35620, addresses:[/0:0:0:0:0:0:0:1%lo, /127.0.0.1]]
14:08:26.627 [DEBUG] [org.gradle.cache.internal.DefaultFileLockManager] Waiting to acquire exclusive lock on daemon addresses registry.
14:08:26.627 [DEBUG] [org.gradle.cache.internal.DefaultFileLockManager] Lock acquired.
14:08:26.629 [DEBUG] [org.gradle.cache.internal.DefaultFileLockManager] Releasing lock on daemon addresses registry.
