15:49:28.384 [INFO] [org.gradle.launcher.daemon.server.Daemon] start() called on daemon - DefaultDaemonContext[uid=f529f2ae-193d-4bda-b2c9-7117f5830b95,javaHome=/usr/lib/jvm/java-8-openjdk-amd64,daemonRegistryDir=/home/mahsa/Tu Kl/Compiler/group11/ex1/gradle/daemon,pid=9674,idleTimeout=60000,daemonOpts=-XX:MaxPermSize=256m,-XX:+HeapDumpOnOutOfMemoryError,-Xmx1024m,-Dfile.encoding=UTF-8,-Duser.country=US,-Duser.language=en,-Duser.variant]
15:49:28.415 [DEBUG] [org.gradle.launcher.daemon.server.DaemonStateCoordinator] updating lastActivityAt to 1494856168414
15:49:28.472 [DEBUG] [org.gradle.messaging.remote.internal.inet.InetAddressFactory] Adding IP addresses for network interface wlp2s0
15:49:28.473 [DEBUG] [org.gradle.messaging.remote.internal.inet.InetAddressFactory] Is this a loopback interface? false
15:49:28.473 [DEBUG] [org.gradle.messaging.remote.internal.inet.InetAddressFactory] Is this a multicast interface? true
15:49:28.475 [DEBUG] [org.gradle.messaging.remote.internal.inet.InetAddressFactory] Adding remote address /fe80:0:0:0:6e6f:d075:b957:48a5%wlp2s0
15:49:28.475 [DEBUG] [org.gradle.messaging.remote.internal.inet.InetAddressFactory] Adding remote address /fe80:0:0:0:82e5:94a5:451c:80b8%wlp2s0
15:49:28.477 [DEBUG] [org.gradle.messaging.remote.internal.inet.InetAddressFactory] Adding remote address /fe80:0:0:0:6d0e:ae32:c9a2:9e22%wlp2s0
15:49:28.478 [DEBUG] [org.gradle.messaging.remote.internal.inet.InetAddressFactory] Adding remote address /131.246.38.181
15:49:28.478 [DEBUG] [org.gradle.messaging.remote.internal.inet.InetAddressFactory] Adding remote multicast interface wlp2s0
15:49:28.479 [DEBUG] [org.gradle.messaging.remote.internal.inet.InetAddressFactory] Adding IP addresses for network interface lo
15:49:28.479 [DEBUG] [org.gradle.messaging.remote.internal.inet.InetAddressFactory] Is this a loopback interface? true
15:49:28.480 [DEBUG] [org.gradle.messaging.remote.internal.inet.InetAddressFactory] Is this a multicast interface? false
15:49:28.480 [DEBUG] [org.gradle.messaging.remote.internal.inet.InetAddressFactory] Adding loopback address /0:0:0:0:0:0:0:1%lo
15:49:28.481 [DEBUG] [org.gradle.messaging.remote.internal.inet.InetAddressFactory] Adding loopback address /127.0.0.1
15:49:28.658 [DEBUG] [org.gradle.messaging.remote.internal.inet.TcpIncomingConnector] Listening on [3696fef6-c3d6-48b6-9cb8-a58f42a783a5 port:40499, addresses:[/0:0:0:0:0:0:0:1%lo, /127.0.0.1]].
15:49:28.684 [DEBUG] [org.gradle.launcher.daemon.server.Daemon] Daemon starting at: Mon May 15 15:49:28 CEST 2017, with address: [3696fef6-c3d6-48b6-9cb8-a58f42a783a5 port:40499, addresses:[/0:0:0:0:0:0:0:1%lo, /127.0.0.1]]
15:49:28.685 [INFO] [org.gradle.launcher.daemon.server.DomainRegistryUpdater] Advertising the daemon address to the clients: [3696fef6-c3d6-48b6-9cb8-a58f42a783a5 port:40499, addresses:[/0:0:0:0:0:0:0:1%lo, /127.0.0.1]]
15:49:28.685 [DEBUG] [org.gradle.launcher.daemon.server.DomainRegistryUpdater] Advertised daemon context: DefaultDaemonContext[uid=f529f2ae-193d-4bda-b2c9-7117f5830b95,javaHome=/usr/lib/jvm/java-8-openjdk-amd64,daemonRegistryDir=/home/mahsa/Tu Kl/Compiler/group11/ex1/gradle/daemon,pid=9674,idleTimeout=60000,daemonOpts=-XX:MaxPermSize=256m,-XX:+HeapDumpOnOutOfMemoryError,-Xmx1024m,-Dfile.encoding=UTF-8,-Duser.country=US,-Duser.language=en,-Duser.variant]
15:49:28.686 [DEBUG] [org.gradle.launcher.daemon.registry.PersistentDaemonRegistry] Storing daemon address: [3696fef6-c3d6-48b6-9cb8-a58f42a783a5 port:40499, addresses:[/0:0:0:0:0:0:0:1%lo, /127.0.0.1]], context: DefaultDaemonContext[uid=f529f2ae-193d-4bda-b2c9-7117f5830b95,javaHome=/usr/lib/jvm/java-8-openjdk-amd64,daemonRegistryDir=/home/mahsa/Tu Kl/Compiler/group11/ex1/gradle/daemon,pid=9674,idleTimeout=60000,daemonOpts=-XX:MaxPermSize=256m,-XX:+HeapDumpOnOutOfMemoryError,-Xmx1024m,-Dfile.encoding=UTF-8,-Duser.country=US,-Duser.language=en,-Duser.variant]
15:49:28.721 [DEBUG] [org.gradle.cache.internal.DefaultFileLockManager] Waiting to acquire exclusive lock on daemon addresses registry.
15:49:28.723 [DEBUG] [org.gradle.cache.internal.DefaultFileLockManager] Lock acquired.
15:49:29.068 [DEBUG] [org.gradle.cache.internal.DefaultFileLockManager] Releasing lock on daemon addresses registry.
15:49:29.069 [LIFECYCLE] [org.gradle.launcher.daemon.server.Daemon] Daemon server started.
15:49:29.087 [DEBUG] [org.gradle.launcher.daemon.bootstrap.DaemonStartupCommunication] Completed writing the daemon greeting. Closing streams...
15:49:29.088 [DEBUG] [org.gradle.launcher.daemon.server.Daemon] requestStopOnIdleTimeout(60000 MILLISECONDS) called on daemon
15:49:29.089 [DEBUG] [org.gradle.launcher.daemon.server.DaemonStateCoordinator] Idle timeout: waiting for daemon to stop or be idle for 60000ms
15:49:29.090 [DEBUG] [org.gradle.launcher.daemon.server.DaemonStateCoordinator] Daemon is idle, sleeping until state change or idle timeout at Mon May 15 15:50:28 CEST 2017
15:49:29.138 [DEBUG] [org.gradle.messaging.remote.internal.inet.TcpIncomingConnector] Accepted connection from /127.0.0.1:48026 to /127.0.0.1:40499.
15:49:29.331 [DEBUG] [org.gradle.launcher.daemon.server.SynchronizedDispatchConnection] thread 14: received class org.gradle.launcher.daemon.protocol.Build
15:49:29.332 [DEBUG] [org.gradle.launcher.daemon.server.DefaultDaemonConnection] Received non-IO message from client: Build{id=07a2304d-006e-4acd-a974-0d3799d12aef.1, currentDir=/home/mahsa/Tu Kl/Compiler/group11/ex2}
15:49:29.332 [INFO] [org.gradle.launcher.daemon.server.DefaultIncomingConnectionHandler] Received command: Build{id=07a2304d-006e-4acd-a974-0d3799d12aef.1, currentDir=/home/mahsa/Tu Kl/Compiler/group11/ex2}.
15:49:29.334 [DEBUG] [org.gradle.launcher.daemon.server.DefaultIncomingConnectionHandler] Starting executing command: Build{id=07a2304d-006e-4acd-a974-0d3799d12aef.1, currentDir=/home/mahsa/Tu Kl/Compiler/group11/ex2} with connection: socket connection from /127.0.0.1:40499 to /127.0.0.1:48026.
15:49:29.368 [DEBUG] [org.gradle.launcher.daemon.server.DaemonStateCoordinator] Command execution: started DaemonCommandExecution[command = Build{id=07a2304d-006e-4acd-a974-0d3799d12aef.1, currentDir=/home/mahsa/Tu Kl/Compiler/group11/ex2}, connection = org.gradle.launcher.daemon.server.DefaultDaemonConnection@3ded2d7d] after 0.0 minutes of idle
15:49:29.369 [INFO] [org.gradle.launcher.daemon.server.DomainRegistryUpdater] Marking the daemon as busy, address: [3696fef6-c3d6-48b6-9cb8-a58f42a783a5 port:40499, addresses:[/0:0:0:0:0:0:0:1%lo, /127.0.0.1]]
15:49:29.370 [DEBUG] [org.gradle.launcher.daemon.registry.PersistentDaemonRegistry] Marking busy by address: [3696fef6-c3d6-48b6-9cb8-a58f42a783a5 port:40499, addresses:[/0:0:0:0:0:0:0:1%lo, /127.0.0.1]]
15:49:29.372 [DEBUG] [org.gradle.cache.internal.DefaultFileLockManager] Waiting to acquire exclusive lock on daemon addresses registry.
15:49:29.373 [DEBUG] [org.gradle.cache.internal.DefaultFileLockManager] Lock acquired.
15:49:29.379 [DEBUG] [org.gradle.cache.internal.DefaultFileLockManager] Releasing lock on daemon addresses registry.
15:49:29.380 [DEBUG] [org.gradle.launcher.daemon.server.DaemonStateCoordinator] updating lastActivityAt to 1494856169380
15:49:29.381 [DEBUG] [org.gradle.launcher.daemon.server.DaemonStateCoordinator] Daemon is busy, sleeping until state changes.
15:49:29.382 [INFO] [org.gradle.launcher.daemon.server.exec.StartBuildOrRespondWithBusy] Daemon is about to start building Build{id=07a2304d-006e-4acd-a974-0d3799d12aef.1, currentDir=/home/mahsa/Tu Kl/Compiler/group11/ex2}. Dispatching build started information...
15:49:29.384 [DEBUG] [org.gradle.launcher.daemon.server.SynchronizedDispatchConnection] thread 16: dispatching class org.gradle.launcher.daemon.protocol.BuildStarted
15:49:29.393 [DEBUG] [org.gradle.launcher.daemon.server.SynchronizedDispatchConnection] thread 14: received class org.gradle.launcher.daemon.protocol.CloseInput
15:49:29.394 [DEBUG] [org.gradle.launcher.daemon.server.DefaultDaemonConnection] Received IO message from client: org.gradle.launcher.daemon.protocol.CloseInput@672c5725
15:49:29.411 [DEBUG] [org.gradle.launcher.daemon.server.exec.EstablishBuildEnvironment] Configuring env variables: {PATH=/usr/local/gradle/bin:/usr/local/sbin:/usr/local/bin:/usr/sbin:/usr/bin:/sbin:/bin:/usr/games:/usr/local/games:/snap/bin:/home/mahsa/.rvm/bin, LC_MEASUREMENT=de_DE.UTF-8, XAUTHORITY=/home/mahsa/.Xauthority, XMODIFIERS=@im=ibus, LC_TELEPHONE=de_DE.UTF-8, XDG_DATA_DIRS=/usr/share/ubuntu:/usr/share/gnome:/usr/local/share/:/usr/share/:/var/lib/snapd/desktop, GDMSESSION=ubuntu, MANDATORY_PATH=/usr/share/gconf/ubuntu.mandatory.path, LC_TIME=de_DE.UTF-8, GTK_IM_MODULE=ibus, DBUS_SESSION_BUS_ADDRESS=unix:abstract=/tmp/dbus-5GI3O5Wtyp, DEFAULTS_PATH=/usr/share/gconf/ubuntu.default.path, XDG_CURRENT_DESKTOP=Unity, LD_LIBRARY_PATH=/home/mahsa/Downloads/idea-IC-171.4073.35/bin:, UPSTART_SESSION=unix:abstract=/com/ubuntu/upstart-session/1000/1727, QT4_IM_MODULE=xim, LC_PAPER=de_DE.UTF-8, SESSION_MANAGER=local/mahsa-VPCEA15FG:@/tmp/.ICE-unix/2124,unix/mahsa-VPCEA15FG:/tmp/.ICE-unix/2124, QT_LINUX_ACCESSIBILITY_ALWAYS_ON=1, LOGNAME=mahsa, JOB=unity-settings-daemon, PWD=/home/mahsa, IM_CONFIG_PHASE=1, LANGUAGE=en_US, SHELL=/bin/bash, LC_ADDRESS=de_DE.UTF-8, GIO_LAUNCHED_DESKTOP_FILE=/usr/share/applications/jetbrains-idea-ce.desktop, GTK2_MODULES=overlay-scrollbar, INSTANCE=, GNOME_DESKTOP_SESSION_ID=this-is-deprecated, UPSTART_INSTANCE=, GTK_MODULES=gail:atk-bridge:unity-gtk-module, CLUTTER_IM_MODULE=xim, XDG_SESSION_PATH=/org/freedesktop/DisplayManager/Session0, COMPIZ_BIN_PATH=/usr/bin/, SESSIONTYPE=gnome-session, XDG_SESSION_DESKTOP=ubuntu, SHLVL=0, LC_IDENTIFICATION=de_DE.UTF-8, LC_MONETARY=de_DE.UTF-8, COMPIZ_CONFIG_PROFILE=ubuntu, QT_IM_MODULE=ibus, UPSTART_JOB=unity7, XFILESEARCHPATH=/usr/dt/app-defaults/%L/Dt, XDG_CONFIG_DIRS=/etc/xdg/xdg-ubuntu:/usr/share/upstart/xdg:/etc/xdg, LANG=en_US.UTF-8, GNOME_KEYRING_CONTROL=, XDG_SEAT_PATH=/org/freedesktop/DisplayManager/Seat0, XDG_SESSION_ID=c2, XDG_SESSION_TYPE=x11, GRADLE_HOME=/usr/local/gradle, DISPLAY=:0, LC_NAME=de_DE.UTF-8, GDM_LANG=en_US, XDG_GREETER_DATA_DIR=/var/lib/lightdm-data/mahsa, UPSTART_EVENTS=xsession started, GPG_AGENT_INFO=/home/mahsa/.gnupg/S.gpg-agent:0:1, DESKTOP_SESSION=ubuntu, SESSION=ubuntu, USER=mahsa, XDG_MENU_PREFIX=gnome-, GIO_LAUNCHED_DESKTOP_FILE_PID=8087, QT_ACCESSIBILITY=1, LC_NUMERIC=de_DE.UTF-8, SSH_AUTH_SOCK=/run/user/1000/keyring/ssh, XDG_SEAT=seat0, NLSPATH=/usr/dt/lib/nls/msg/%L/%N.cat, QT_QPA_PLATFORMTHEME=appmenu-qt5, XDG_VTNR=7, XDG_RUNTIME_DIR=/run/user/1000, HOME=/home/mahsa, GNOME_KEYRING_PID=}
15:49:29.474 [DEBUG] [org.gradle.launcher.daemon.server.exec.LogToClient] About to start relaying all logs to the client via the connection.
15:49:29.475 [INFO] [org.gradle.launcher.daemon.server.exec.LogToClient] The client will now receive all logging from the daemon (pid: 9674). The daemon log file: /home/mahsa/Tu Kl/Compiler/group11/ex1/gradle/daemon/2.12/daemon-9674.out.log
15:49:29.496 [INFO] [org.gradle.launcher.daemon.server.health.DaemonHealthTracker] Starting build in new daemon [memory: 954.7 MB]
15:49:29.498 [INFO] [org.gradle.launcher.daemon.server.exec.ForwardClientInput] Closing daemon's stdin at end of input.
15:49:29.499 [INFO] [org.gradle.launcher.daemon.server.exec.ForwardClientInput] The daemon will no longer process any standard input.
15:49:29.502 [DEBUG] [org.gradle.launcher.daemon.server.exec.ExecuteBuild] The daemon has started executing the build.
15:49:29.503 [INFO] [org.gradle.launcher.daemon.server.exec.ExecuteBuild] Executing build with daemon context: DefaultDaemonContext[uid=f529f2ae-193d-4bda-b2c9-7117f5830b95,javaHome=/usr/lib/jvm/java-8-openjdk-amd64,daemonRegistryDir=/home/mahsa/Tu Kl/Compiler/group11/ex1/gradle/daemon,pid=9674,idleTimeout=60000,daemonOpts=-XX:MaxPermSize=256m,-XX:+HeapDumpOnOutOfMemoryError,-Xmx1024m,-Dfile.encoding=UTF-8,-Duser.country=US,-Duser.language=en,-Duser.variant]
:genAst UP-TO-DATE
:genCup UP-TO-DATE
:genJflex UP-TO-DATE
:gen UP-TO-DATE
:compileJava UP-TO-DATE
:processResources UP-TO-DATE
:classes UP-TO-DATE
:jar
:assemble
:compileTestJava
:processTestResources UP-TO-DATE
:testClasses
:test

minijava.parser.FileParsingTest > testParser[testdata/parser/ok/ConstructoCall.java] FAILED
    java.lang.AssertionError at FileParsingTest.java:66

minijava.parser.FileParsingTest > testParser[testdata/parser/ok/NewtonOO.java] FAILED
    java.lang.AssertionError at FileParsingTest.java:66

minijava.parser.FileParsingTest > testParser[testdata/parser/ok/MDeclTest.java] FAILED
    java.lang.AssertionError at FileParsingTest.java:66

minijava.parser.FileParsingTest > testParser[testdata/parser/ok/testPEverything.java] FAILED
    java.lang.AssertionError at FileParsingTest.java:66

minijava.parser.FileParsingTest > testParser[testdata/parser/ok/LinearSearch.java] FAILED
    java.lang.AssertionError at FileParsingTest.java:66

minijava.parser.FileParsingTest > testParser[testdata/parser/ok/TPOK_ArrayAlloc2.java] FAILED
    java.lang.AssertionError at FileParsingTest.java:66

minijava.parser.FileParsingTest > testParser[testdata/parser/ok/GameOfLife10.java] FAILED
    java.lang.AssertionError at FileParsingTest.java:66

minijava.parser.FileParsingTest > testParser[testdata/parser/ok/ManyArgs.java] FAILED
    java.lang.AssertionError at FileParsingTest.java:66

minijava.parser.FileParsingTest > testParser[testdata/parser/ok/Primes.java] FAILED
    java.lang.AssertionError at FileParsingTest.java:66

minijava.parser.FileParsingTest > testParser[testdata/parser/ok/6-MaxArray.java] FAILED
    java.lang.AssertionError at FileParsingTest.java:66

minijava.parser.FileParsingTest > testParser[testdata/parser/ok/ThisOne.java] FAILED
    java.lang.AssertionError at FileParsingTest.java:66

minijava.parser.FileParsingTest > testParser[testdata/parser/ok/Stck.java] FAILED
    java.lang.AssertionError at FileParsingTest.java:66

minijava.parser.FileParsingTest > testParser[testdata/parser/ok/TestX.java] FAILED
    java.lang.AssertionError at FileParsingTest.java:66

minijava.parser.FileParsingTest > testParser[testdata/parser/ok/Fib.java] FAILED
    java.lang.AssertionError at FileParsingTest.java:66

minijava.parser.FileParsingTest > testParser[testdata/parser/ok/ArrayOk.java] FAILED
    java.lang.AssertionError at FileParsingTest.java:66

minijava.parser.FileParsingTest > testParser[testdata/parser/ok/InstanceMethodCall.java] FAILED
    java.lang.AssertionError at FileParsingTest.java:66

minijava.parser.FileParsingTest > testParser[testdata/parser/ok/This.java] FAILED
    java.lang.AssertionError at FileParsingTest.java:66

minijava.parser.FileParsingTest > testParser[testdata/parser/ok/ParamTest2.java] FAILED
    java.lang.AssertionError at FileParsingTest.java:66

minijava.parser.FileParsingTest > testParser[testdata/parser/ok/Factorial.java] FAILED
    java.lang.AssertionError at FileParsingTest.java:66

minijava.parser.FileParsingTest > testParser[testdata/parser/ok/Shapes.java] FAILED
    java.lang.AssertionError at FileParsingTest.java:66

minijava.parser.FileParsingTest > testParser[testdata/parser/ok/Graph.java] FAILED
    java.lang.AssertionError at FileParsingTest.java:66

minijava.parser.FileParsingTest > testParser[testdata/parser/ok/QuickSortOO.java] FAILED
    java.lang.AssertionError at FileParsingTest.java:66

minijava.parser.FileParsingTest > testParser[testdata/parser/ok/Scope2.java] FAILED
    java.lang.AssertionError at FileParsingTest.java:66

minijava.parser.FileParsingTest > testParser[testdata/parser/ok/Example3.java] FAILED
    java.lang.AssertionError at FileParsingTest.java:66

minijava.parser.FileParsingTest > testParser[testdata/parser/ok/ParamTest3.java] FAILED
    java.lang.AssertionError at FileParsingTest.java:66

minijava.parser.FileParsingTest > testParser[testdata/parser/ok/OverrideTest3.java] FAILED
    java.lang.AssertionError at FileParsingTest.java:66

minijava.parser.FileParsingTest > testParser[testdata/parser/ok/Sum.java] FAILED
    java.lang.AssertionError at FileParsingTest.java:66

minijava.parser.FileParsingTest > testParser[testdata/parser/ok/OverrideTest.java] FAILED
    java.lang.AssertionError at FileParsingTest.java:66

minijava.parser.FileParsingTest > testParser[testdata/parser/ok/ArrayTest.java] FAILED
    java.lang.AssertionError at FileParsingTest.java:66

minijava.parser.FileParsingTest > testParser[testdata/parser/ok/ArrayErrorWritePastEnd.java] FAILED
    java.lang.AssertionError at FileParsingTest.java:66

minijava.parser.FileParsingTest > testParser[testdata/parser/ok/EulerOO.java] FAILED
    java.lang.AssertionError at FileParsingTest.java:66

minijava.parser.FileParsingTest > testParser[testdata/parser/ok/Effects.java] FAILED
    java.lang.AssertionError at FileParsingTest.java:66

minijava.parser.FileParsingTest > testParser[testdata/parser/ok/TPF_ArrayLoadNeg.java] FAILED
    java.lang.AssertionError at FileParsingTest.java:66

minijava.parser.FileParsingTest > testParser[testdata/parser/ok/TPOK_ArrayAllocStore.java] FAILED
    java.lang.AssertionError at FileParsingTest.java:66

minijava.parser.FileParsingTest > testParser[testdata/parser/ok/4-Vars.java] FAILED
    java.lang.AssertionError at FileParsingTest.java:66

minijava.parser.FileParsingTest > testParser[testdata/parser/ok/FieldAccessTest.java] FAILED
    java.lang.AssertionError at FileParsingTest.java:66

minijava.parser.FileParsingTest > testParser[testdata/parser/ok/MoreThan4.java] FAILED
    java.lang.AssertionError at FileParsingTest.java:66

minijava.parser.FileParsingTest > testParser[testdata/parser/ok/Newton.java] FAILED
    java.lang.AssertionError at FileParsingTest.java:66

minijava.parser.FileParsingTest > testParser[testdata/parser/ok/TreeVisitor.java] FAILED
    java.lang.AssertionError at FileParsingTest.java:66

minijava.parser.FileParsingTest > testParser[testdata/parser/ok/ParamTest.java] FAILED
    java.lang.AssertionError at FileParsingTest.java:66

minijava.parser.FileParsingTest > testParser[testdata/parser/ok/BinaryTree.java] FAILED
    java.lang.AssertionError at FileParsingTest.java:66

minijava.parser.FileParsingTest > testParser[testdata/parser/ok/BubbleSort.java] FAILED
    java.lang.AssertionError at FileParsingTest.java:66

minijava.parser.FileParsingTest > testParser[testdata/parser/ok/Wurst.java] FAILED
    java.lang.AssertionError at FileParsingTest.java:66

minijava.parser.FileParsingTest > testParser[testdata/parser/ok/MethodDeclTest.java] FAILED
    java.lang.AssertionError at FileParsingTest.java:66

minijava.parser.FileParsingTest > testParser[testdata/parser/ok/FibL.java] FAILED
    java.lang.AssertionError at FileParsingTest.java:66

minijava.parser.FileParsingTest > testParser[testdata/parser/ok/3-Call.java] FAILED
    java.lang.AssertionError at FileParsingTest.java:66

minijava.parser.FileParsingTest > testParser[testdata/parser/ok/WhileLoop.java] FAILED
    java.lang.AssertionError at FileParsingTest.java:66

minijava.parser.FileParsingTest > testParser[testdata/parser/ok/WhileSide.java] FAILED
    java.lang.AssertionError at FileParsingTest.java:66

minijava.parser.FileParsingTest > testParser[testdata/parser/ok/LinkedList.java] FAILED
    java.lang.AssertionError at FileParsingTest.java:66

minijava.parser.FileParsingTest > testParser[testdata/parser/ok/OverrideTest2.java] FAILED
    java.lang.AssertionError at FileParsingTest.java:66

minijava.parser.FileParsingTest > testParser[testdata/parser/ok/TPOK_Inheritance.java] FAILED
    java.lang.AssertionError at FileParsingTest.java:66

minijava.parser.FileParsingTest > testParser[testdata/parser/ok/QuickSort.java] FAILED
    java.lang.AssertionError at FileParsingTest.java:66

minijava.parser.FileParsingTest > testParser[testdata/parser/ok/ShortCutAnd.java] FAILED
    java.lang.AssertionError at FileParsingTest.java:66

minijava.parser.FileParsingTest > testParser[testdata/parser/ok/Euler.java] FAILED
    java.lang.AssertionError at FileParsingTest.java:66

minijava.parser.FileParsingTest > testParser[testdata/parser/ok/InheritedFields.java] FAILED
    java.lang.AssertionError at FileParsingTest.java:66

minijava.parser.FileParsingTest > testParser[testdata/parser/ok/TestFieldAccess.java] FAILED
    java.lang.AssertionError at FileParsingTest.java:66

minijava.parser.FileParsingTest > testParser[testdata/parser/ok/MethodInvokeTest.java] FAILED
    java.lang.AssertionError at FileParsingTest.java:66

minijava.parser.FileParsingTest > testParser[testdata/parser/ok/TPOK_MethodSetGet.java] FAILED
    java.lang.AssertionError at FileParsingTest.java:66

minijava.parser.FileParsingTest > testParser[testdata/parser/ok/ArrayBounds.java] FAILED
    java.lang.AssertionError at FileParsingTest.java:66

minijava.parser.FileParsingTest > testParser[testdata/parser/ok/Graph2.java] FAILED
    java.lang.AssertionError at FileParsingTest.java:66

minijava.parser.FileParsingTest > testParser[testdata/parser/ok/PrimesOO.java] FAILED
    java.lang.AssertionError at FileParsingTest.java:66

minijava.parser.FileParsingTest > testParser[testdata/parser/ok/Arrays.java] FAILED
    java.lang.AssertionError at FileParsingTest.java:66

minijava.parser.FileParsingTest > testParser[testdata/parser/ok/TPOK_ArrayLength.java] FAILED
    java.lang.AssertionError at FileParsingTest.java:66

minijava.parser.FileParsingTest > testParser[testdata/parser/ok/TPOK_MethodBoolean.java] FAILED
    java.lang.AssertionError at FileParsingTest.java:66

minijava.parser.FileParsingTest > testParser[testdata/parser/ok/Example4.java] FAILED
    java.lang.AssertionError at FileParsingTest.java:66

minijava.parser.FileParsingTest > testParser[testdata/parser/ok/BinarySearch.java] FAILED
    java.lang.AssertionError at FileParsingTest.java:66

minijava.parser.FileParsingTest > testParser[testdata/parser/ok/TPF_ArrayStorePos.java] FAILED
    java.lang.AssertionError at FileParsingTest.java:66

minijava.parser.FileParsingTest > testParser[testdata/parser/ok/ArrayErrorWritePastBeginning.java] FAILED
    java.lang.AssertionError at FileParsingTest.java:66

minijava.parser.FileParsingTest > testParser[testdata/parser/error/BadAssignmentErrorNested.java] FAILED
    java.lang.AssertionError at FileParsingTest.java:63

minijava.parser.ParserAstTests > testMultipleArgumetns FAILED
    java.lang.NullPointerException at ParserAstTests.java:165

minijava.parser.ParserAstTests > testMultipleParameters FAILED
    java.lang.NullPointerException at ParserAstTests.java:157

210 tests completed, 71 failed
:test FAILED

FAILURE: Build failed with an exception.

* What went wrong:
Execution failed for task ':test'.
> There were failing tests. See the report at: file:///home/mahsa/Tu%20Kl/Compiler/group11/ex2/build/reports/tests/index.html

* Try:
Run with --stacktrace option to get the stack trace. Run with --info or --debug option to get more log output.

BUILD FAILED

Total time: 33.703 secs
15:49:54.979 [DEBUG] [org.gradle.cache.internal.DefaultFileLockManager] Releasing lock on cp_proj class cache for build file '/home/mahsa/Tu Kl/Compiler/group11/ex2/build.gradle' (/home/mahsa/Tu Kl/Compiler/group11/ex1/gradle/caches/2.12/scripts/build_8y80ghzyvtxk277vx77bwabpq/cp_proj).
15:49:54.980 [DEBUG] [org.gradle.cache.internal.DefaultFileLockManager] Releasing lock on proj class cache for build file '/home/mahsa/Tu Kl/Compiler/group11/ex2/build.gradle' (/home/mahsa/Tu Kl/Compiler/group11/ex1/gradle/caches/2.12/scripts/build_8y80ghzyvtxk277vx77bwabpq/proj).
15:49:54.986 [DEBUG] [org.gradle.cache.internal.btree.BTreePersistentIndexedCache] Closing cache outputFileStates.bin (/home/mahsa/Tu Kl/Compiler/group11/ex2/.gradle/2.12/taskArtifacts/outputFileStates.bin)
15:49:54.988 [DEBUG] [org.gradle.cache.internal.btree.BTreePersistentIndexedCache] Closing cache taskArtifacts.bin (/home/mahsa/Tu Kl/Compiler/group11/ex2/.gradle/2.12/taskArtifacts/taskArtifacts.bin)
15:49:54.989 [DEBUG] [org.gradle.cache.internal.btree.BTreePersistentIndexedCache] Closing cache fileHashes.bin (/home/mahsa/Tu Kl/Compiler/group11/ex2/.gradle/2.12/taskArtifacts/fileHashes.bin)
15:49:54.989 [DEBUG] [org.gradle.cache.internal.btree.BTreePersistentIndexedCache] Closing cache fileSnapshots.bin (/home/mahsa/Tu Kl/Compiler/group11/ex2/.gradle/2.12/taskArtifacts/fileSnapshots.bin)
15:49:54.991 [DEBUG] [org.gradle.cache.internal.DefaultFileLockManager] Releasing lock on task history cache (/home/mahsa/Tu Kl/Compiler/group11/ex2/.gradle/2.12/taskArtifacts).
15:49:54.992 [DEBUG] [org.gradle.cache.internal.btree.BTreePersistentIndexedCache] Closing cache module-metadata.bin (/home/mahsa/Tu Kl/Compiler/group11/ex1/gradle/caches/modules-2/metadata-2.16/module-metadata.bin)
15:49:54.992 [DEBUG] [org.gradle.cache.internal.btree.BTreePersistentIndexedCache] Closing cache artifact-at-repository.bin (/home/mahsa/Tu Kl/Compiler/group11/ex1/gradle/caches/modules-2/metadata-2.16/artifact-at-repository.bin)
15:49:54.993 [DEBUG] [org.gradle.cache.internal.DefaultFileLockManager] Releasing lock on artifact cache (/home/mahsa/Tu Kl/Compiler/group11/ex1/gradle/caches/modules-2).
15:49:54.994 [DEBUG] [org.gradle.api.internal.artifacts.ivyservice.ivyresolve.memcache.InMemoryCachedRepositoryFactory] In-memory dependency metadata cache closed. Repos cached: 3, cache instances: 1, modules served from cache: 4, artifacts: 4
15:49:54.995 [DEBUG] [org.gradle.api.internal.artifacts.ivyservice.resolveengine.store.CachedStoreFactory] Resolution result cache closed. Cache reads: 0, disk reads: 0 (avg: 0.0 secs, total: 0.0 secs)
15:49:55.006 [DEBUG] [org.gradle.api.internal.artifacts.ivyservice.resolveengine.store.CachedStoreFactory] Resolution result cache closed. Cache reads: 0, disk reads: 0 (avg: 0.0 secs, total: 0.0 secs)
15:49:55.007 [DEBUG] [org.gradle.api.internal.artifacts.ivyservice.resolveengine.store.ResolutionResultsStoreFactory] Deleted 2 resolution results binary files in 0.012 secs
15:49:55.008 [DEBUG] [org.gradle.cache.internal.DefaultCacheAccess] Cache Plugin Resolution Cache (/home/mahsa/Tu Kl/Compiler/group11/ex1/gradle/caches/2.12/plugin-resolution) was closed 0 times.
15:49:55.021 [DEBUG] [org.gradle.cache.internal.DefaultFileLockManager] Releasing lock on cache directory workerMain (/home/mahsa/Tu Kl/Compiler/group11/ex1/gradle/caches/2.12/workerMain).
15:49:55.022 [DEBUG] [org.gradle.api.internal.tasks.compile.daemon.CompilerDaemonManager] Stopping 0 compiler daemon(s).
15:49:55.023 [INFO] [org.gradle.api.internal.tasks.compile.daemon.CompilerDaemonManager] Stopped 0 compiler daemon(s).
15:49:55.023 [DEBUG] [org.gradle.launcher.daemon.server.exec.ExecuteBuild] The daemon has finished executing the build.
15:49:55.784 [DEBUG] [org.gradle.launcher.daemon.server.DaemonStateCoordinator] Daemon is busy, sleeping until state changes.
15:49:55.785 [DEBUG] [org.gradle.launcher.daemon.server.DaemonStateCoordinator] Command execution: finished waiting for DaemonCommandExecution[command = Build{id=07a2304d-006e-4acd-a974-0d3799d12aef.1, currentDir=/home/mahsa/Tu Kl/Compiler/group11/ex2}, connection = org.gradle.launcher.daemon.server.DefaultDaemonConnection@3ded2d7d]. Result org.gradle.launcher.daemon.server.DaemonStateCoordinator@f8c6a7 with state Running
15:49:55.786 [DEBUG] [org.gradle.launcher.daemon.server.DaemonStateCoordinator] Command execution: completed DaemonCommandExecution[command = Build{id=07a2304d-006e-4acd-a974-0d3799d12aef.1, currentDir=/home/mahsa/Tu Kl/Compiler/group11/ex2}, connection = org.gradle.launcher.daemon.server.DefaultDaemonConnection@3ded2d7d]
15:49:55.786 [DEBUG] [org.gradle.launcher.daemon.server.DaemonStateCoordinator] updating lastActivityAt to 1494856195786
15:49:55.786 [INFO] [org.gradle.launcher.daemon.server.DomainRegistryUpdater] Marking the daemon as idle, address: [3696fef6-c3d6-48b6-9cb8-a58f42a783a5 port:40499, addresses:[/0:0:0:0:0:0:0:1%lo, /127.0.0.1]]
15:49:55.787 [DEBUG] [org.gradle.launcher.daemon.registry.PersistentDaemonRegistry] Marking idle by address: [3696fef6-c3d6-48b6-9cb8-a58f42a783a5 port:40499, addresses:[/0:0:0:0:0:0:0:1%lo, /127.0.0.1]]
15:49:55.788 [DEBUG] [org.gradle.cache.internal.DefaultFileLockManager] Waiting to acquire exclusive lock on daemon addresses registry.
15:49:55.789 [DEBUG] [org.gradle.cache.internal.DefaultFileLockManager] Lock acquired.
15:49:55.793 [DEBUG] [org.gradle.cache.internal.DefaultFileLockManager] Releasing lock on daemon addresses registry.
15:49:55.793 [DEBUG] [org.gradle.launcher.daemon.server.DaemonStateCoordinator] Daemon is idle, sleeping until state change or idle timeout at Mon May 15 15:50:55 CEST 2017
15:49:55.794 [DEBUG] [org.gradle.launcher.daemon.server.exec.ReturnResult] Daemon is dispatching the build result: Failure[value=org.gradle.initialization.ReportedException: org.gradle.internal.exceptions.LocationAwareException: Execution failed for task ':test'.]
15:49:55.805 [DEBUG] [org.gradle.launcher.daemon.server.SynchronizedDispatchConnection] thread 13: dispatching class org.gradle.launcher.daemon.protocol.Failure
15:49:55.863 [DEBUG] [org.gradle.launcher.daemon.server.DefaultIncomingConnectionHandler] Finishing executing command: Build{id=07a2304d-006e-4acd-a974-0d3799d12aef.1, currentDir=/home/mahsa/Tu Kl/Compiler/group11/ex2}
15:49:55.995 [DEBUG] [org.gradle.launcher.daemon.server.SynchronizedDispatchConnection] thread 14: received class org.gradle.launcher.daemon.protocol.Finished
15:49:55.996 [DEBUG] [org.gradle.launcher.daemon.server.DefaultDaemonConnection] Received non-IO message from client: org.gradle.launcher.daemon.protocol.Finished@48082dc6
15:49:55.996 [DEBUG] [org.gradle.launcher.daemon.server.DefaultIncomingConnectionHandler] Received finished message: org.gradle.launcher.daemon.protocol.Finished@48082dc6
15:49:55.997 [DEBUG] [org.gradle.launcher.daemon.server.SynchronizedDispatchConnection] thread 13: stopping connection
15:49:56.000 [DEBUG] [org.gradle.messaging.remote.internal.inet.SocketConnection] Discarding EOFException: java.io.EOFException
15:49:56.006 [DEBUG] [org.gradle.launcher.daemon.server.SynchronizedDispatchConnection] thread 14: received null
15:49:56.006 [DEBUG] [org.gradle.launcher.daemon.server.DefaultDaemonConnection] Received end-of-input from client.
15:49:56.009 [DEBUG] [org.gradle.launcher.daemon.server.SynchronizedDispatchConnection] thread 13: stopping connection
15:50:55.787 [DEBUG] [org.gradle.launcher.daemon.server.DaemonStateCoordinator] Idle timeout: daemon has been idle for requested period. Stopping now.
15:50:55.787 [DEBUG] [org.gradle.launcher.daemon.server.DaemonStateCoordinator] Marking daemon stopped due to idle timeout. The daemon is running a build: false
15:50:55.788 [DEBUG] [org.gradle.launcher.daemon.server.Daemon] stop() called on daemon
15:50:55.788 [INFO] [org.gradle.launcher.daemon.server.Daemon] Stop requested. Daemon is removing its presence from the registry...
15:50:55.789 [DEBUG] [org.gradle.launcher.daemon.server.DomainRegistryUpdater] Removing our presence to clients, eg. removing this address from the registry: [3696fef6-c3d6-48b6-9cb8-a58f42a783a5 port:40499, addresses:[/0:0:0:0:0:0:0:1%lo, /127.0.0.1]]
15:50:55.790 [DEBUG] [org.gradle.launcher.daemon.registry.PersistentDaemonRegistry] Removing daemon address: [3696fef6-c3d6-48b6-9cb8-a58f42a783a5 port:40499, addresses:[/0:0:0:0:0:0:0:1%lo, /127.0.0.1]]
15:50:55.799 [DEBUG] [org.gradle.cache.internal.DefaultFileLockManager] Waiting to acquire exclusive lock on daemon addresses registry.
15:50:55.800 [DEBUG] [org.gradle.cache.internal.DefaultFileLockManager] Lock acquired.
15:50:55.802 [DEBUG] [org.gradle.cache.internal.DefaultFileLockManager] Releasing lock on daemon addresses registry.
15:50:55.803 [DEBUG] [org.gradle.launcher.daemon.server.DomainRegistryUpdater] Address removed from registry.
Daemon vm is shutting down... The daemon has exited normally or was terminated in response to a user interrupt.
15:50:55.820 [DEBUG] [org.gradle.launcher.daemon.registry.PersistentDaemonRegistry] Removing daemon address: [3696fef6-c3d6-48b6-9cb8-a58f42a783a5 port:40499, addresses:[/0:0:0:0:0:0:0:1%lo, /127.0.0.1]]
15:50:55.821 [DEBUG] [org.gradle.cache.internal.DefaultFileLockManager] Waiting to acquire exclusive lock on daemon addresses registry.
15:50:55.822 [DEBUG] [org.gradle.cache.internal.DefaultFileLockManager] Lock acquired.
15:50:55.823 [DEBUG] [org.gradle.cache.internal.DefaultFileLockManager] Releasing lock on daemon addresses registry.
