15:02:36.293 [INFO] [org.gradle.launcher.daemon.server.Daemon] start() called on daemon - DefaultDaemonContext[uid=85dc90fa-52b5-43c3-b08b-e3447023bcd7,javaHome=/usr/lib/jvm/java-8-openjdk-amd64,daemonRegistryDir=/home/mahsa/Tu Kl/Compiler/group11/ex1/gradle/daemon,pid=7930,idleTimeout=60000,daemonOpts=-XX:MaxPermSize=256m,-XX:+HeapDumpOnOutOfMemoryError,-Xmx1024m,-Dfile.encoding=UTF-8,-Duser.country=US,-Duser.language=en,-Duser.variant]
15:02:36.299 [DEBUG] [org.gradle.launcher.daemon.server.DaemonStateCoordinator] updating lastActivityAt to 1494334956299
15:02:36.313 [DEBUG] [org.gradle.messaging.remote.internal.inet.InetAddressFactory] Adding IP addresses for network interface wlp2s0
15:02:36.314 [DEBUG] [org.gradle.messaging.remote.internal.inet.InetAddressFactory] Is this a loopback interface? false
15:02:36.314 [DEBUG] [org.gradle.messaging.remote.internal.inet.InetAddressFactory] Is this a multicast interface? true
15:02:36.315 [DEBUG] [org.gradle.messaging.remote.internal.inet.InetAddressFactory] Adding remote address /fe80:0:0:0:6e6f:d075:b957:48a5%wlp2s0
15:02:36.316 [DEBUG] [org.gradle.messaging.remote.internal.inet.InetAddressFactory] Adding remote address /fe80:0:0:0:82e5:94a5:451c:80b8%wlp2s0
15:02:36.317 [DEBUG] [org.gradle.messaging.remote.internal.inet.InetAddressFactory] Adding remote address /fe80:0:0:0:6d0e:ae32:c9a2:9e22%wlp2s0
15:02:36.318 [DEBUG] [org.gradle.messaging.remote.internal.inet.InetAddressFactory] Adding remote address /131.246.175.212
15:02:36.318 [DEBUG] [org.gradle.messaging.remote.internal.inet.InetAddressFactory] Adding remote multicast interface wlp2s0
15:02:36.319 [DEBUG] [org.gradle.messaging.remote.internal.inet.InetAddressFactory] Adding IP addresses for network interface lo
15:02:36.319 [DEBUG] [org.gradle.messaging.remote.internal.inet.InetAddressFactory] Is this a loopback interface? true
15:02:36.320 [DEBUG] [org.gradle.messaging.remote.internal.inet.InetAddressFactory] Is this a multicast interface? false
15:02:36.320 [DEBUG] [org.gradle.messaging.remote.internal.inet.InetAddressFactory] Adding loopback address /0:0:0:0:0:0:0:1%lo
15:02:36.321 [DEBUG] [org.gradle.messaging.remote.internal.inet.InetAddressFactory] Adding loopback address /127.0.0.1
15:02:36.342 [DEBUG] [org.gradle.messaging.remote.internal.inet.TcpIncomingConnector] Listening on [5667eaae-98b9-442d-b5d6-5c5f661f8c44 port:40709, addresses:[/0:0:0:0:0:0:0:1%lo, /127.0.0.1]].
15:02:36.347 [DEBUG] [org.gradle.launcher.daemon.server.Daemon] Daemon starting at: Tue May 09 15:02:36 CEST 2017, with address: [5667eaae-98b9-442d-b5d6-5c5f661f8c44 port:40709, addresses:[/0:0:0:0:0:0:0:1%lo, /127.0.0.1]]
15:02:36.348 [INFO] [org.gradle.launcher.daemon.server.DomainRegistryUpdater] Advertising the daemon address to the clients: [5667eaae-98b9-442d-b5d6-5c5f661f8c44 port:40709, addresses:[/0:0:0:0:0:0:0:1%lo, /127.0.0.1]]
15:02:36.349 [DEBUG] [org.gradle.launcher.daemon.server.DomainRegistryUpdater] Advertised daemon context: DefaultDaemonContext[uid=85dc90fa-52b5-43c3-b08b-e3447023bcd7,javaHome=/usr/lib/jvm/java-8-openjdk-amd64,daemonRegistryDir=/home/mahsa/Tu Kl/Compiler/group11/ex1/gradle/daemon,pid=7930,idleTimeout=60000,daemonOpts=-XX:MaxPermSize=256m,-XX:+HeapDumpOnOutOfMemoryError,-Xmx1024m,-Dfile.encoding=UTF-8,-Duser.country=US,-Duser.language=en,-Duser.variant]
15:02:36.350 [DEBUG] [org.gradle.launcher.daemon.registry.PersistentDaemonRegistry] Storing daemon address: [5667eaae-98b9-442d-b5d6-5c5f661f8c44 port:40709, addresses:[/0:0:0:0:0:0:0:1%lo, /127.0.0.1]], context: DefaultDaemonContext[uid=85dc90fa-52b5-43c3-b08b-e3447023bcd7,javaHome=/usr/lib/jvm/java-8-openjdk-amd64,daemonRegistryDir=/home/mahsa/Tu Kl/Compiler/group11/ex1/gradle/daemon,pid=7930,idleTimeout=60000,daemonOpts=-XX:MaxPermSize=256m,-XX:+HeapDumpOnOutOfMemoryError,-Xmx1024m,-Dfile.encoding=UTF-8,-Duser.country=US,-Duser.language=en,-Duser.variant]
15:02:36.361 [DEBUG] [org.gradle.cache.internal.DefaultFileLockManager] Waiting to acquire exclusive lock on daemon addresses registry.
15:02:36.363 [DEBUG] [org.gradle.cache.internal.DefaultFileLockManager] Lock acquired.
15:02:36.477 [DEBUG] [org.gradle.cache.internal.DefaultFileLockManager] Releasing lock on daemon addresses registry.
15:02:36.478 [LIFECYCLE] [org.gradle.launcher.daemon.server.Daemon] Daemon server started.
15:02:36.481 [DEBUG] [org.gradle.launcher.daemon.bootstrap.DaemonStartupCommunication] Completed writing the daemon greeting. Closing streams...
15:02:36.482 [DEBUG] [org.gradle.launcher.daemon.server.Daemon] requestStopOnIdleTimeout(60000 MILLISECONDS) called on daemon
15:02:36.482 [DEBUG] [org.gradle.launcher.daemon.server.DaemonStateCoordinator] Idle timeout: waiting for daemon to stop or be idle for 60000ms
15:02:36.484 [DEBUG] [org.gradle.launcher.daemon.server.DaemonStateCoordinator] Daemon is idle, sleeping until state change or idle timeout at Tue May 09 15:03:36 CEST 2017
15:02:36.500 [DEBUG] [org.gradle.messaging.remote.internal.inet.TcpIncomingConnector] Accepted connection from /127.0.0.1:49844 to /127.0.0.1:40709.
15:02:36.600 [DEBUG] [org.gradle.launcher.daemon.server.SynchronizedDispatchConnection] thread 14: received class org.gradle.launcher.daemon.protocol.Build
15:02:36.602 [DEBUG] [org.gradle.launcher.daemon.server.DefaultDaemonConnection] Received non-IO message from client: Build{id=b985f642-3f2d-4c38-93e3-27a23aeb9ec6.1, currentDir=/home/mahsa/Tu Kl/Compiler/group11/ex2}
15:02:36.603 [INFO] [org.gradle.launcher.daemon.server.DefaultIncomingConnectionHandler] Received command: Build{id=b985f642-3f2d-4c38-93e3-27a23aeb9ec6.1, currentDir=/home/mahsa/Tu Kl/Compiler/group11/ex2}.
15:02:36.604 [DEBUG] [org.gradle.launcher.daemon.server.DefaultIncomingConnectionHandler] Starting executing command: Build{id=b985f642-3f2d-4c38-93e3-27a23aeb9ec6.1, currentDir=/home/mahsa/Tu Kl/Compiler/group11/ex2} with connection: socket connection from /127.0.0.1:40709 to /127.0.0.1:49844.
15:02:36.621 [DEBUG] [org.gradle.launcher.daemon.server.DaemonStateCoordinator] Command execution: started DaemonCommandExecution[command = Build{id=b985f642-3f2d-4c38-93e3-27a23aeb9ec6.1, currentDir=/home/mahsa/Tu Kl/Compiler/group11/ex2}, connection = org.gradle.launcher.daemon.server.DefaultDaemonConnection@63041d38] after 0.0 minutes of idle
15:02:36.622 [INFO] [org.gradle.launcher.daemon.server.DomainRegistryUpdater] Marking the daemon as busy, address: [5667eaae-98b9-442d-b5d6-5c5f661f8c44 port:40709, addresses:[/0:0:0:0:0:0:0:1%lo, /127.0.0.1]]
15:02:36.623 [DEBUG] [org.gradle.launcher.daemon.registry.PersistentDaemonRegistry] Marking busy by address: [5667eaae-98b9-442d-b5d6-5c5f661f8c44 port:40709, addresses:[/0:0:0:0:0:0:0:1%lo, /127.0.0.1]]
15:02:36.624 [DEBUG] [org.gradle.cache.internal.DefaultFileLockManager] Waiting to acquire exclusive lock on daemon addresses registry.
15:02:36.624 [DEBUG] [org.gradle.cache.internal.DefaultFileLockManager] Lock acquired.
15:02:36.629 [DEBUG] [org.gradle.cache.internal.DefaultFileLockManager] Releasing lock on daemon addresses registry.
15:02:36.630 [DEBUG] [org.gradle.launcher.daemon.server.DaemonStateCoordinator] updating lastActivityAt to 1494334956630
15:02:36.630 [DEBUG] [org.gradle.launcher.daemon.server.DaemonStateCoordinator] Daemon is busy, sleeping until state changes.
15:02:36.631 [INFO] [org.gradle.launcher.daemon.server.exec.StartBuildOrRespondWithBusy] Daemon is about to start building Build{id=b985f642-3f2d-4c38-93e3-27a23aeb9ec6.1, currentDir=/home/mahsa/Tu Kl/Compiler/group11/ex2}. Dispatching build started information...
15:02:36.633 [DEBUG] [org.gradle.launcher.daemon.server.SynchronizedDispatchConnection] thread 16: dispatching class org.gradle.launcher.daemon.protocol.BuildStarted
15:02:36.649 [DEBUG] [org.gradle.launcher.daemon.server.exec.EstablishBuildEnvironment] Configuring env variables: {PATH=/usr/local/gradle/bin:/usr/local/sbin:/usr/local/bin:/usr/sbin:/usr/bin:/sbin:/bin:/usr/games:/usr/local/games:/snap/bin:/home/mahsa/.rvm/bin, LC_MEASUREMENT=de_DE.UTF-8, XAUTHORITY=/home/mahsa/.Xauthority, XMODIFIERS=@im=ibus, LC_TELEPHONE=de_DE.UTF-8, XDG_DATA_DIRS=/usr/share/ubuntu:/usr/share/gnome:/usr/local/share/:/usr/share/:/var/lib/snapd/desktop, GDMSESSION=ubuntu, MANDATORY_PATH=/usr/share/gconf/ubuntu.mandatory.path, LC_TIME=de_DE.UTF-8, GTK_IM_MODULE=ibus, DBUS_SESSION_BUS_ADDRESS=unix:abstract=/tmp/dbus-ddvhlDCAEQ, DEFAULTS_PATH=/usr/share/gconf/ubuntu.default.path, XDG_CURRENT_DESKTOP=Unity, LD_LIBRARY_PATH=/home/mahsa/Downloads/idea-IC-171.4073.35/bin:, UPSTART_SESSION=unix:abstract=/com/ubuntu/upstart-session/1000/1690, QT4_IM_MODULE=xim, LC_PAPER=de_DE.UTF-8, SESSION_MANAGER=local/mahsa-VPCEA15FG:@/tmp/.ICE-unix/2015,unix/mahsa-VPCEA15FG:/tmp/.ICE-unix/2015, QT_LINUX_ACCESSIBILITY_ALWAYS_ON=1, LOGNAME=mahsa, JOB=unity-settings-daemon, PWD=/home/mahsa, IM_CONFIG_PHASE=1, LANGUAGE=en_US, SHELL=/bin/bash, LC_ADDRESS=de_DE.UTF-8, GIO_LAUNCHED_DESKTOP_FILE=/usr/share/applications/jetbrains-idea-ce.desktop, GTK2_MODULES=overlay-scrollbar, INSTANCE=, GNOME_DESKTOP_SESSION_ID=this-is-deprecated, UPSTART_INSTANCE=, GTK_MODULES=gail:atk-bridge:unity-gtk-module, CLUTTER_IM_MODULE=xim, XDG_SESSION_PATH=/org/freedesktop/DisplayManager/Session0, COMPIZ_BIN_PATH=/usr/bin/, SESSIONTYPE=gnome-session, XDG_SESSION_DESKTOP=ubuntu, SHLVL=0, LC_IDENTIFICATION=de_DE.UTF-8, LC_MONETARY=de_DE.UTF-8, COMPIZ_CONFIG_PROFILE=ubuntu, QT_IM_MODULE=ibus, UPSTART_JOB=unity7, XFILESEARCHPATH=/usr/dt/app-defaults/%L/Dt, XDG_CONFIG_DIRS=/etc/xdg/xdg-ubuntu:/usr/share/upstart/xdg:/etc/xdg, LANG=en_US.UTF-8, GNOME_KEYRING_CONTROL=, XDG_SEAT_PATH=/org/freedesktop/DisplayManager/Seat0, XDG_SESSION_ID=c2, XDG_SESSION_TYPE=x11, GRADLE_HOME=/usr/local/gradle, DISPLAY=:0, LC_NAME=de_DE.UTF-8, GDM_LANG=en_US, XDG_GREETER_DATA_DIR=/var/lib/lightdm-data/mahsa, UPSTART_EVENTS=xsession started, GPG_AGENT_INFO=/home/mahsa/.gnupg/S.gpg-agent:0:1, DESKTOP_SESSION=ubuntu, SESSION=ubuntu, USER=mahsa, XDG_MENU_PREFIX=gnome-, GIO_LAUNCHED_DESKTOP_FILE_PID=2480, QT_ACCESSIBILITY=1, LC_NUMERIC=de_DE.UTF-8, SSH_AUTH_SOCK=/run/user/1000/keyring/ssh, XDG_SEAT=seat0, NLSPATH=/usr/dt/lib/nls/msg/%L/%N.cat, QT_QPA_PLATFORMTHEME=appmenu-qt5, XDG_VTNR=7, XDG_RUNTIME_DIR=/run/user/1000, HOME=/home/mahsa, GNOME_KEYRING_PID=}
15:02:36.663 [DEBUG] [org.gradle.launcher.daemon.server.SynchronizedDispatchConnection] thread 14: received class org.gradle.launcher.daemon.protocol.CloseInput
15:02:36.664 [DEBUG] [org.gradle.launcher.daemon.server.DefaultDaemonConnection] Received IO message from client: org.gradle.launcher.daemon.protocol.CloseInput@b0be9c2
15:02:36.675 [DEBUG] [org.gradle.launcher.daemon.server.exec.LogToClient] About to start relaying all logs to the client via the connection.
15:02:36.676 [INFO] [org.gradle.launcher.daemon.server.exec.LogToClient] The client will now receive all logging from the daemon (pid: 7930). The daemon log file: /home/mahsa/Tu Kl/Compiler/group11/ex1/gradle/daemon/2.12/daemon-7930.out.log
15:02:36.691 [INFO] [org.gradle.launcher.daemon.server.health.DaemonHealthTracker] Starting build in new daemon [memory: 954.7 MB]
15:02:36.696 [INFO] [org.gradle.launcher.daemon.server.exec.ForwardClientInput] Closing daemon's stdin at end of input.
15:02:36.697 [INFO] [org.gradle.launcher.daemon.server.exec.ForwardClientInput] The daemon will no longer process any standard input.
15:02:36.698 [DEBUG] [org.gradle.launcher.daemon.server.exec.ExecuteBuild] The daemon has started executing the build.
15:02:36.698 [INFO] [org.gradle.launcher.daemon.server.exec.ExecuteBuild] Executing build with daemon context: DefaultDaemonContext[uid=85dc90fa-52b5-43c3-b08b-e3447023bcd7,javaHome=/usr/lib/jvm/java-8-openjdk-amd64,daemonRegistryDir=/home/mahsa/Tu Kl/Compiler/group11/ex1/gradle/daemon,pid=7930,idleTimeout=60000,daemonOpts=-XX:MaxPermSize=256m,-XX:+HeapDumpOnOutOfMemoryError,-Xmx1024m,-Dfile.encoding=UTF-8,-Duser.country=US,-Duser.language=en,-Duser.variant]
:genAst UP-TO-DATE
:genCupError : java_cup.runtime.Symbol "memberdecllist" has not been declared
------- CUP v0.11c 20160501 Parser Generation Summary -------
  1 error and 0 warnings
  82 terminals, 16 non-terminals, and 48 productions declared, 
  producing 0 unique parse states.
  0 terminals declared but not used.
  0 non-terminals declared but not used.
  0 productions never reduced.
  0 conflicts detected (0 expected).
  No code produced.
---------------------------------------------------- (CUP v0.11c 20160501)
 FAILED

FAILURE: Build failed with an exception.

* Where:
Build file '/home/mahsa/Tu Kl/Compiler/group11/ex2/build.gradle' line: 119

* What went wrong:
Execution failed for task ':genCup'.
> Process 'command '/usr/lib/jvm/java-8-openjdk-amd64/bin/java'' finished with non-zero exit value 100

* Try:
Run with --stacktrace option to get the stack trace. Run with --info or --debug option to get more log output.

BUILD FAILED

Total time: 9.108 secs
15:02:44.374 [DEBUG] [org.gradle.cache.internal.DefaultFileLockManager] Releasing lock on cp_proj class cache for build file '/home/mahsa/Tu Kl/Compiler/group11/ex2/build.gradle' (/home/mahsa/Tu Kl/Compiler/group11/ex1/gradle/caches/2.12/scripts/build_8y80ghzyvtxk277vx77bwabpq/cp_proj).
15:02:44.374 [DEBUG] [org.gradle.cache.internal.DefaultFileLockManager] Releasing lock on proj class cache for build file '/home/mahsa/Tu Kl/Compiler/group11/ex2/build.gradle' (/home/mahsa/Tu Kl/Compiler/group11/ex1/gradle/caches/2.12/scripts/build_8y80ghzyvtxk277vx77bwabpq/proj).
15:02:44.377 [DEBUG] [org.gradle.cache.internal.btree.BTreePersistentIndexedCache] Closing cache taskArtifacts.bin (/home/mahsa/Tu Kl/Compiler/group11/ex2/.gradle/2.12/taskArtifacts/taskArtifacts.bin)
15:02:44.378 [DEBUG] [org.gradle.cache.internal.btree.BTreePersistentIndexedCache] Closing cache fileSnapshots.bin (/home/mahsa/Tu Kl/Compiler/group11/ex2/.gradle/2.12/taskArtifacts/fileSnapshots.bin)
15:02:44.379 [DEBUG] [org.gradle.cache.internal.btree.BTreePersistentIndexedCache] Closing cache outputFileStates.bin (/home/mahsa/Tu Kl/Compiler/group11/ex2/.gradle/2.12/taskArtifacts/outputFileStates.bin)
15:02:44.379 [DEBUG] [org.gradle.cache.internal.btree.BTreePersistentIndexedCache] Closing cache fileHashes.bin (/home/mahsa/Tu Kl/Compiler/group11/ex2/.gradle/2.12/taskArtifacts/fileHashes.bin)
15:02:44.380 [DEBUG] [org.gradle.cache.internal.DefaultFileLockManager] Releasing lock on task history cache (/home/mahsa/Tu Kl/Compiler/group11/ex2/.gradle/2.12/taskArtifacts).
15:02:44.381 [DEBUG] [org.gradle.api.internal.artifacts.ivyservice.ivyresolve.memcache.InMemoryCachedRepositoryFactory] In-memory dependency metadata cache closed. Repos cached: 1, cache instances: 1, modules served from cache: 0, artifacts: 0
15:02:44.382 [DEBUG] [org.gradle.cache.internal.btree.BTreePersistentIndexedCache] Closing cache module-metadata.bin (/home/mahsa/Tu Kl/Compiler/group11/ex1/gradle/caches/modules-2/metadata-2.16/module-metadata.bin)
15:02:44.383 [DEBUG] [org.gradle.cache.internal.btree.BTreePersistentIndexedCache] Closing cache artifact-at-repository.bin (/home/mahsa/Tu Kl/Compiler/group11/ex1/gradle/caches/modules-2/metadata-2.16/artifact-at-repository.bin)
15:02:44.384 [DEBUG] [org.gradle.cache.internal.DefaultFileLockManager] Releasing lock on artifact cache (/home/mahsa/Tu Kl/Compiler/group11/ex1/gradle/caches/modules-2).
15:02:44.385 [DEBUG] [org.gradle.api.internal.artifacts.ivyservice.resolveengine.store.CachedStoreFactory] Resolution result cache closed. Cache reads: 0, disk reads: 0 (avg: 0.0 secs, total: 0.0 secs)
15:02:44.386 [DEBUG] [org.gradle.api.internal.artifacts.ivyservice.resolveengine.store.CachedStoreFactory] Resolution result cache closed. Cache reads: 0, disk reads: 0 (avg: 0.0 secs, total: 0.0 secs)
15:02:44.387 [DEBUG] [org.gradle.api.internal.artifacts.ivyservice.resolveengine.store.ResolutionResultsStoreFactory] Deleted 2 resolution results binary files in 0.002 secs
15:02:44.388 [DEBUG] [org.gradle.cache.internal.DefaultCacheAccess] Cache Plugin Resolution Cache (/home/mahsa/Tu Kl/Compiler/group11/ex1/gradle/caches/2.12/plugin-resolution) was closed 0 times.
15:02:44.389 [DEBUG] [org.gradle.api.internal.tasks.compile.daemon.CompilerDaemonManager] Stopping 0 compiler daemon(s).
15:02:44.390 [INFO] [org.gradle.api.internal.tasks.compile.daemon.CompilerDaemonManager] Stopped 0 compiler daemon(s).
15:02:44.390 [DEBUG] [org.gradle.launcher.daemon.server.exec.ExecuteBuild] The daemon has finished executing the build.
15:02:44.643 [DEBUG] [org.gradle.launcher.daemon.server.DaemonStateCoordinator] Daemon is busy, sleeping until state changes.
15:02:44.644 [DEBUG] [org.gradle.launcher.daemon.server.DaemonStateCoordinator] Command execution: finished waiting for DaemonCommandExecution[command = Build{id=b985f642-3f2d-4c38-93e3-27a23aeb9ec6.1, currentDir=/home/mahsa/Tu Kl/Compiler/group11/ex2}, connection = org.gradle.launcher.daemon.server.DefaultDaemonConnection@63041d38]. Result org.gradle.launcher.daemon.server.DaemonStateCoordinator@153ed385 with state Running
15:02:44.644 [DEBUG] [org.gradle.launcher.daemon.server.DaemonStateCoordinator] Command execution: completed DaemonCommandExecution[command = Build{id=b985f642-3f2d-4c38-93e3-27a23aeb9ec6.1, currentDir=/home/mahsa/Tu Kl/Compiler/group11/ex2}, connection = org.gradle.launcher.daemon.server.DefaultDaemonConnection@63041d38]
15:02:44.645 [DEBUG] [org.gradle.launcher.daemon.server.DaemonStateCoordinator] updating lastActivityAt to 1494334964645
15:02:44.649 [INFO] [org.gradle.launcher.daemon.server.DomainRegistryUpdater] Marking the daemon as idle, address: [5667eaae-98b9-442d-b5d6-5c5f661f8c44 port:40709, addresses:[/0:0:0:0:0:0:0:1%lo, /127.0.0.1]]
15:02:44.649 [DEBUG] [org.gradle.launcher.daemon.registry.PersistentDaemonRegistry] Marking idle by address: [5667eaae-98b9-442d-b5d6-5c5f661f8c44 port:40709, addresses:[/0:0:0:0:0:0:0:1%lo, /127.0.0.1]]
15:02:44.651 [DEBUG] [org.gradle.cache.internal.DefaultFileLockManager] Waiting to acquire exclusive lock on daemon addresses registry.
15:02:44.654 [DEBUG] [org.gradle.cache.internal.DefaultFileLockManager] Lock acquired.
15:02:44.659 [DEBUG] [org.gradle.cache.internal.DefaultFileLockManager] Releasing lock on daemon addresses registry.
15:02:44.660 [DEBUG] [org.gradle.launcher.daemon.server.DaemonStateCoordinator] Daemon is idle, sleeping until state change or idle timeout at Tue May 09 15:03:44 CEST 2017
15:02:44.661 [DEBUG] [org.gradle.launcher.daemon.server.exec.ReturnResult] Daemon is dispatching the build result: Failure[value=org.gradle.initialization.ReportedException: org.gradle.internal.exceptions.LocationAwareException: Build file '/home/mahsa/Tu Kl/Compiler/group11/ex2/build.gradle' line: 119
Execution failed for task ':genCup'.]
15:02:44.661 [DEBUG] [org.gradle.launcher.daemon.server.SynchronizedDispatchConnection] thread 13: dispatching class org.gradle.launcher.daemon.protocol.Failure
15:02:44.716 [DEBUG] [org.gradle.launcher.daemon.server.DefaultIncomingConnectionHandler] Finishing executing command: Build{id=b985f642-3f2d-4c38-93e3-27a23aeb9ec6.1, currentDir=/home/mahsa/Tu Kl/Compiler/group11/ex2}
15:02:44.738 [DEBUG] [org.gradle.launcher.daemon.server.SynchronizedDispatchConnection] thread 14: received class org.gradle.launcher.daemon.protocol.Finished
15:02:44.739 [DEBUG] [org.gradle.launcher.daemon.server.DefaultDaemonConnection] Received non-IO message from client: org.gradle.launcher.daemon.protocol.Finished@3cba157f
15:02:44.740 [DEBUG] [org.gradle.messaging.remote.internal.inet.SocketConnection] Discarding EOFException: java.io.EOFException
15:02:44.740 [DEBUG] [org.gradle.launcher.daemon.server.DefaultIncomingConnectionHandler] Received finished message: org.gradle.launcher.daemon.protocol.Finished@3cba157f
15:02:44.741 [DEBUG] [org.gradle.launcher.daemon.server.SynchronizedDispatchConnection] thread 13: stopping connection
15:02:44.740 [DEBUG] [org.gradle.launcher.daemon.server.SynchronizedDispatchConnection] thread 14: received null
15:02:44.745 [DEBUG] [org.gradle.launcher.daemon.server.DefaultDaemonConnection] Received end-of-input from client.
15:02:44.746 [DEBUG] [org.gradle.launcher.daemon.server.SynchronizedDispatchConnection] thread 13: stopping connection
15:03:24.147 [DEBUG] [org.gradle.messaging.remote.internal.inet.TcpIncomingConnector] Accepted connection from /127.0.0.1:49850 to /127.0.0.1:40709.
15:03:24.169 [DEBUG] [org.gradle.launcher.daemon.server.SynchronizedDispatchConnection] thread 26: received class org.gradle.launcher.daemon.protocol.Build
15:03:24.170 [DEBUG] [org.gradle.launcher.daemon.server.DefaultDaemonConnection] Received non-IO message from client: Build{id=37b7989f-6c31-4a72-a82b-bc4a623f4e99.1, currentDir=/home/mahsa/Tu Kl/Compiler/group11/ex2}
15:03:24.170 [INFO] [org.gradle.launcher.daemon.server.DefaultIncomingConnectionHandler] Received command: Build{id=37b7989f-6c31-4a72-a82b-bc4a623f4e99.1, currentDir=/home/mahsa/Tu Kl/Compiler/group11/ex2}.
15:03:24.171 [DEBUG] [org.gradle.launcher.daemon.server.DefaultIncomingConnectionHandler] Starting executing command: Build{id=37b7989f-6c31-4a72-a82b-bc4a623f4e99.1, currentDir=/home/mahsa/Tu Kl/Compiler/group11/ex2} with connection: socket connection from /127.0.0.1:40709 to /127.0.0.1:49850.
15:03:24.173 [DEBUG] [org.gradle.launcher.daemon.server.DaemonStateCoordinator] Command execution: started DaemonCommandExecution[command = Build{id=37b7989f-6c31-4a72-a82b-bc4a623f4e99.1, currentDir=/home/mahsa/Tu Kl/Compiler/group11/ex2}, connection = org.gradle.launcher.daemon.server.DefaultDaemonConnection@36b2f74d] after 0.0 minutes of idle
15:03:24.174 [INFO] [org.gradle.launcher.daemon.server.DomainRegistryUpdater] Marking the daemon as busy, address: [5667eaae-98b9-442d-b5d6-5c5f661f8c44 port:40709, addresses:[/0:0:0:0:0:0:0:1%lo, /127.0.0.1]]
15:03:24.175 [DEBUG] [org.gradle.launcher.daemon.registry.PersistentDaemonRegistry] Marking busy by address: [5667eaae-98b9-442d-b5d6-5c5f661f8c44 port:40709, addresses:[/0:0:0:0:0:0:0:1%lo, /127.0.0.1]]
15:03:24.176 [DEBUG] [org.gradle.cache.internal.DefaultFileLockManager] Waiting to acquire exclusive lock on daemon addresses registry.
15:03:24.179 [DEBUG] [org.gradle.cache.internal.DefaultFileLockManager] Lock acquired.
15:03:24.186 [DEBUG] [org.gradle.cache.internal.DefaultFileLockManager] Releasing lock on daemon addresses registry.
15:03:24.186 [DEBUG] [org.gradle.launcher.daemon.server.DaemonStateCoordinator] updating lastActivityAt to 1494335004186
15:03:24.192 [DEBUG] [org.gradle.launcher.daemon.server.DaemonStateCoordinator] Daemon is busy, sleeping until state changes.
15:03:24.193 [INFO] [org.gradle.launcher.daemon.server.exec.StartBuildOrRespondWithBusy] Daemon is about to start building Build{id=37b7989f-6c31-4a72-a82b-bc4a623f4e99.1, currentDir=/home/mahsa/Tu Kl/Compiler/group11/ex2}. Dispatching build started information...
15:03:24.193 [DEBUG] [org.gradle.launcher.daemon.server.SynchronizedDispatchConnection] thread 16: dispatching class org.gradle.launcher.daemon.protocol.BuildStarted
15:03:24.195 [DEBUG] [org.gradle.launcher.daemon.server.exec.EstablishBuildEnvironment] Configuring env variables: {PATH=/usr/local/gradle/bin:/usr/local/sbin:/usr/local/bin:/usr/sbin:/usr/bin:/sbin:/bin:/usr/games:/usr/local/games:/snap/bin:/home/mahsa/.rvm/bin, LC_MEASUREMENT=de_DE.UTF-8, XAUTHORITY=/home/mahsa/.Xauthority, XMODIFIERS=@im=ibus, LC_TELEPHONE=de_DE.UTF-8, XDG_DATA_DIRS=/usr/share/ubuntu:/usr/share/gnome:/usr/local/share/:/usr/share/:/var/lib/snapd/desktop, GDMSESSION=ubuntu, MANDATORY_PATH=/usr/share/gconf/ubuntu.mandatory.path, LC_TIME=de_DE.UTF-8, GTK_IM_MODULE=ibus, DBUS_SESSION_BUS_ADDRESS=unix:abstract=/tmp/dbus-ddvhlDCAEQ, DEFAULTS_PATH=/usr/share/gconf/ubuntu.default.path, XDG_CURRENT_DESKTOP=Unity, LD_LIBRARY_PATH=/home/mahsa/Downloads/idea-IC-171.4073.35/bin:, UPSTART_SESSION=unix:abstract=/com/ubuntu/upstart-session/1000/1690, QT4_IM_MODULE=xim, LC_PAPER=de_DE.UTF-8, SESSION_MANAGER=local/mahsa-VPCEA15FG:@/tmp/.ICE-unix/2015,unix/mahsa-VPCEA15FG:/tmp/.ICE-unix/2015, QT_LINUX_ACCESSIBILITY_ALWAYS_ON=1, LOGNAME=mahsa, JOB=unity-settings-daemon, PWD=/home/mahsa, IM_CONFIG_PHASE=1, LANGUAGE=en_US, SHELL=/bin/bash, LC_ADDRESS=de_DE.UTF-8, GIO_LAUNCHED_DESKTOP_FILE=/usr/share/applications/jetbrains-idea-ce.desktop, GTK2_MODULES=overlay-scrollbar, INSTANCE=, GNOME_DESKTOP_SESSION_ID=this-is-deprecated, UPSTART_INSTANCE=, GTK_MODULES=gail:atk-bridge:unity-gtk-module, CLUTTER_IM_MODULE=xim, XDG_SESSION_PATH=/org/freedesktop/DisplayManager/Session0, COMPIZ_BIN_PATH=/usr/bin/, SESSIONTYPE=gnome-session, XDG_SESSION_DESKTOP=ubuntu, SHLVL=0, LC_IDENTIFICATION=de_DE.UTF-8, LC_MONETARY=de_DE.UTF-8, COMPIZ_CONFIG_PROFILE=ubuntu, QT_IM_MODULE=ibus, UPSTART_JOB=unity7, XFILESEARCHPATH=/usr/dt/app-defaults/%L/Dt, XDG_CONFIG_DIRS=/etc/xdg/xdg-ubuntu:/usr/share/upstart/xdg:/etc/xdg, LANG=en_US.UTF-8, GNOME_KEYRING_CONTROL=, XDG_SEAT_PATH=/org/freedesktop/DisplayManager/Seat0, XDG_SESSION_ID=c2, XDG_SESSION_TYPE=x11, GRADLE_HOME=/usr/local/gradle, DISPLAY=:0, LC_NAME=de_DE.UTF-8, GDM_LANG=en_US, XDG_GREETER_DATA_DIR=/var/lib/lightdm-data/mahsa, UPSTART_EVENTS=xsession started, GPG_AGENT_INFO=/home/mahsa/.gnupg/S.gpg-agent:0:1, DESKTOP_SESSION=ubuntu, SESSION=ubuntu, USER=mahsa, XDG_MENU_PREFIX=gnome-, GIO_LAUNCHED_DESKTOP_FILE_PID=2480, QT_ACCESSIBILITY=1, LC_NUMERIC=de_DE.UTF-8, SSH_AUTH_SOCK=/run/user/1000/keyring/ssh, XDG_SEAT=seat0, NLSPATH=/usr/dt/lib/nls/msg/%L/%N.cat, QT_QPA_PLATFORMTHEME=appmenu-qt5, XDG_VTNR=7, XDG_RUNTIME_DIR=/run/user/1000, HOME=/home/mahsa, GNOME_KEYRING_PID=}
15:03:24.198 [DEBUG] [org.gradle.launcher.daemon.server.exec.LogToClient] About to start relaying all logs to the client via the connection.
15:03:24.199 [INFO] [org.gradle.launcher.daemon.server.exec.LogToClient] The client will now receive all logging from the daemon (pid: 7930). The daemon log file: /home/mahsa/Tu Kl/Compiler/group11/ex1/gradle/daemon/2.12/daemon-7930.out.log
15:03:24.200 [INFO] [org.gradle.launcher.daemon.server.health.DaemonHealthTracker] Starting 2nd build in daemon [uptime: 47.911 secs, performance: 97%, memory: 18% of 954.7 MB]
15:03:24.201 [DEBUG] [org.gradle.launcher.daemon.server.exec.ExecuteBuild] The daemon has started executing the build.
15:03:24.202 [INFO] [org.gradle.launcher.daemon.server.exec.ExecuteBuild] Executing build with daemon context: DefaultDaemonContext[uid=85dc90fa-52b5-43c3-b08b-e3447023bcd7,javaHome=/usr/lib/jvm/java-8-openjdk-amd64,daemonRegistryDir=/home/mahsa/Tu Kl/Compiler/group11/ex1/gradle/daemon,pid=7930,idleTimeout=60000,daemonOpts=-XX:MaxPermSize=256m,-XX:+HeapDumpOnOutOfMemoryError,-Xmx1024m,-Dfile.encoding=UTF-8,-Duser.country=US,-Duser.language=en,-Duser.variant]
:genAst UP-TO-DATE
:genCupWarning : Terminal "SHORT" was declared but never used
Warning : Terminal "IMPLEMENTS" was declared but never used
Warning : Terminal "CONST" was declared but never used
Warning : Terminal "STRICTFP" was declared but never used
Warning : Terminal "ENUM" was declared but never used
Warning : Terminal "CATCH" was declared but never used
Warning : Terminal "THROW" was declared but never used
Warning : Terminal "DOUBLE" was declared but never used
Warning : Terminal "TRANSIENT" was declared but never used
Warning : Terminal "PROTECTED" was declared but never used
Warning : Terminal "FINAL" was declared but never used
Warning : Terminal "FLOAT" was declared but never used
Warning : Terminal "GOTO" was declared but never used
Warning : Terminal "PACKAGE" was declared but never used
Warning : Terminal "SUPER" was declared but never used
Warning : Terminal "ABSTRACT" was declared but never used
Warning : Terminal "NATIVE" was declared but never used
Warning : Terminal "LONG" was declared but never used
Warning : Terminal "INTERFACE" was declared but never used
Warning : Terminal "CHAR" was declared but never used
Warning : Terminal "SWITCH" was declared but never used
Warning : Terminal "DO" was declared but never used
Warning : Terminal "FOR" was declared but never used
Warning : Terminal "TRY" was declared but never used
Warning : Terminal "BREAK" was declared but never used
Warning : Terminal "THROWS" was declared but never used
Warning : Terminal "DEFAULT" was declared but never used
Warning : Terminal "IMPORT" was declared but never used
Warning : Terminal "SYNCHRONIZED" was declared but never used
Warning : Terminal "FINALLY" was declared but never used
Warning : Terminal "CONTINUE" was declared but never used
Warning : Terminal "INSTANCEOF" was declared but never used
Warning : Terminal "ASSERT" was declared but never used
Warning : Terminal "INVALID_TOKEN" was declared but never used
Warning : Terminal "VOLATILE" was declared but never used
Warning : Terminal "CASE" was declared but never used
Warning : Terminal "BYTE" was declared but never used
Warning : Terminal "PRIVATE" was declared but never used
Warning : Non terminal "exp" was declared but never used
Warning : *** Production "op ::= EQUALS " never reduced
Warning : *** Production "op ::= LESS " never reduced
Warning : *** Production "op ::= DIV " never reduced
Warning : *** Production "op ::= TIMES " never reduced
Warning : *** Production "op ::= MINUS " never reduced
Warning : *** Production "op ::= expr PLUS expr " never reduced
Warning : *** Production "op ::= AND " never reduced
Warning : *** Production "exprRest ::= COMMA expr " never reduced
Warning : *** Production "exprlist ::= expr exprRest " never reduced
Warning : *** Production "expr ::= LPAREN expr RPAREN " never reduced
Warning : *** Production "expr ::= NEW ID LPAREN RPAREN " never reduced
Warning : *** Production "expr ::= NEW INT LBRACKET expr RBRACKET " never reduced
Warning : *** Production "expr ::= NULL " never reduced
Warning : *** Production "expr ::= THIS " never reduced
Warning : *** Production "expr ::= NUMBER " never reduced
Warning : *** Production "expr ::= ID " never reduced
Warning : *** Production "expr ::= FALSE " never reduced
Warning : *** Production "expr ::= TRUE " never reduced
Warning : *** Production "expr ::= expr DOT ID LPAREN exprlist RPAREN " never reduced
Warning : *** Production "expr ::= expr DOT ID " never reduced
Warning : *** Production "expr ::= expr DOT ID " never reduced
Warning : *** Production "expr ::= expr DOT LENGTH " never reduced
Warning : *** Production "expr ::= expr LBRACKET expr RBRACKET " never reduced
Warning : *** Production "expr ::= MINUS expr " never reduced
Warning : *** Production "expr ::= NEG expr " never reduced
Warning : *** Production "expr ::= expr op expr " never reduced
Warning : *** Production "statement ::= expr EQ expr " never reduced
Warning : *** Production "statement ::= expr SEMI " never reduced
Warning : *** Production "statement ::= SYSTEM DOT OUT DOT PRINTLN LPAREN expr RPAREN " never reduced
Warning : *** Production "statement ::= RETURN expr " never reduced
Warning : *** Production "statement ::= WHILE LPAREN expr RPAREN statement " never reduced
Warning : *** Production "statement ::= IF LPAREN expr RPAREN statement ELSE statement " never reduced
Warning : *** Production "statement ::= block " never reduced
Warning : *** Production "type ::= ID " never reduced
Warning : *** Production "type ::= INT " never reduced
Warning : *** Production "type ::= BOOLEAN " never reduced
Warning : *** Production "type ::= INT LBRACKET RBRACKET " never reduced
Warning : *** Production "vardeclist ::= COMMA type ID " never reduced
Warning : *** Production "vardeclist ::= type ID vardeclist " never reduced
Warning : *** Production "methodecl ::= type ID LBRACE vardeclist RBRACE block " never reduced
Warning : *** Production "vardecl ::= type ID SEMI " never reduced
Warning : *** Production "memberdecl ::= methodecl " never reduced
Warning : *** Production "memberdecl ::= vardecl " never reduced
Warning : *** Production "classdecl ::= CLASS ID EXTENDS ID LBRACE memberdecllist RBRACE " never reduced
Warning : *** Production "classdecl ::= CLASS ID LBRACE memberdecllist RBRACE " never reduced
Warning : *** Production "mainclass ::= CLASS ID LBRACE PUBLIC STATIC VOID MAIN LPAREN STRING LBRACKET RBRACKET ID RPAREN block RBRACE " never reduced
------- CUP v0.11c 20160501 Parser Generation Summary -------
  0 errors and 85 warnings
  82 terminals, 17 non-terminals, and 48 productions declared, 
  producing 20 unique parse states.
  39 terminals declared but not used.
  0 non-terminals declared but not used.
  0 productions never reduced.
  0 conflicts detected (0 expected).
  Code written to "MiniJavaParser.java", and "MiniJavaParserSym.java".
---------------------------------------------------- (CUP v0.11c 20160501)

:genJflex UP-TO-DATE
:gen
:compileJava/home/mahsa/Tu Kl/Compiler/group11/ex2/src-generated/minijava/syntax/MiniJavaParser.java:273: error: method ClassDeclList in class MJ cannot be applied to given types;
                RESULT =  ClassDeclList(name,mdl);
                          ^
  required: MJClassDecl[]
  found: String,MJMemberDecl
  reason: varargs mismatch; String cannot be converted to MJClassDecl
/home/mahsa/Tu Kl/Compiler/group11/ex2/src-generated/minijava/syntax/MiniJavaParser.java:290: error: method ClassDeclList in class MJ cannot be applied to given types;
                RESULT =  ClassDeclList(name, mdl);
                          ^
  required: MJClassDecl[]
  found: String,MJMemberDecl
  reason: varargs mismatch; String cannot be converted to MJClassDecl
/home/mahsa/Tu Kl/Compiler/group11/ex2/src-generated/minijava/syntax/MiniJavaParser.java:303: error: cannot find symbol
		 RESULT=new MemberDecl(vd); 
		            ^
  symbol:   class MemberDecl
  location: class MiniJavaParser.CUP$MiniJavaParser$actions
/home/mahsa/Tu Kl/Compiler/group11/ex2/src-generated/minijava/syntax/MiniJavaParser.java:315: error: cannot find symbol
		 RESULT= MemberDecl(mtd); 
		         ^
  symbol:   method MemberDecl(MJMethodDecl)
  location: class MiniJavaParser.CUP$MiniJavaParser$actions
/home/mahsa/Tu Kl/Compiler/group11/ex2/src-generated/minijava/syntax/MiniJavaParser.java:371: error: method VarDeclList in class MJ cannot be applied to given types;
    RESULT =  VarDeclList(t,name,vdlrest);
              ^
  required: MJVarDecl[]
  found: MJType,String,MJVarDeclList
  reason: varargs mismatch; MJType cannot be converted to MJVarDecl
/home/mahsa/Tu Kl/Compiler/group11/ex2/src-generated/minijava/syntax/MiniJavaParser.java:387: error: method VarDeclList in class MJ cannot be applied to given types;
    RESULT =  VarDeclList(t,name); 
              ^
  required: MJVarDecl[]
  found: MJType,String
  reason: varargs mismatch; MJType cannot be converted to MJVarDecl
/home/mahsa/Tu Kl/Compiler/group11/ex2/src-generated/minijava/syntax/MiniJavaParser.java:540: error: cannot find symbol
		 RESULT =  Operator(e1,e2,op1); 
		           ^
  symbol:   method Operator(MJExpr,MJExpr,MJOperator)
  location: class MiniJavaParser.CUP$MiniJavaParser$actions
/home/mahsa/Tu Kl/Compiler/group11/ex2/src-generated/minijava/syntax/MiniJavaParser.java:552: error: method Negate in class MJ cannot be applied to given types;
		 RESULT =  Negate(e1); 
		           ^
  required: no arguments
  found: MJExpr
  reason: actual and formal argument lists differ in length
/home/mahsa/Tu Kl/Compiler/group11/ex2/src-generated/minijava/syntax/MiniJavaParser.java:564: error: method UnaryMinus in class MJ cannot be applied to given types;
		 RESULT =  UnaryMinus(e1); 
		           ^
  required: no arguments
  found: MJExpr
  reason: actual and formal argument lists differ in length
/home/mahsa/Tu Kl/Compiler/group11/ex2/src-generated/minijava/syntax/MiniJavaParser.java:621: error: method MethodCall in class MJ cannot be applied to given types;
		 RESULT =  MethodCall(e1,id); 
		           ^
  required: MJExpr,String,MJExprList
  found: MJExpr,String
  reason: actual and formal argument lists differ in length
/home/mahsa/Tu Kl/Compiler/group11/ex2/src-generated/minijava/syntax/MiniJavaParser.java:648: error: incompatible types: MJTypeBool cannot be converted to MJExpr
		 RESULT =  TypeBool(); 
		                   ^
/home/mahsa/Tu Kl/Compiler/group11/ex2/src-generated/minijava/syntax/MiniJavaParser.java:657: error: incompatible types: MJTypeBool cannot be converted to MJExpr
		 RESULT =  TypeBool(); 
		                   ^
/home/mahsa/Tu Kl/Compiler/group11/ex2/src-generated/minijava/syntax/MiniJavaParser.java:669: error: method VarDecl in class MJ cannot be applied to given types;
		 RESULT =  VarDecl(id);  
		           ^
  required: MJType,String
  found: String
  reason: actual and formal argument lists differ in length
/home/mahsa/Tu Kl/Compiler/group11/ex2/src-generated/minijava/syntax/MiniJavaParser.java:753: error: method ExprList in class MJ cannot be applied to given types;
		 RESULT =  ExprList(e1,er); 
		           ^
  required: MJExpr[]
  found: MJExpr,MJExprList
  reason: varargs mismatch; MJExprList cannot be converted to MJExpr
/home/mahsa/Tu Kl/Compiler/group11/ex2/src-generated/minijava/syntax/MiniJavaParser.java:789: error: incompatible types: MJExprBinary cannot be converted to MJOperator
		 RESULT = ExprBinary(el,Plus(),er); 
		                    ^
Note: Some input files use or override a deprecated API.
Note: Recompile with -Xlint:deprecation for details.
Note: Some messages have been simplified; recompile with -Xdiags:verbose to get full output
15 errors
 FAILED

FAILURE: Build failed with an exception.

* What went wrong:
Execution failed for task ':compileJava'.
> Compilation failed; see the compiler error output for details.

* Try:
Run with --stacktrace option to get the stack trace. Run with --info or --debug option to get more log output.

BUILD FAILED

Total time: 5.174 secs
15:03:29.316 [DEBUG] [org.gradle.cache.internal.DefaultFileLockManager] Releasing lock on cp_proj class cache for build file '/home/mahsa/Tu Kl/Compiler/group11/ex2/build.gradle' (/home/mahsa/Tu Kl/Compiler/group11/ex1/gradle/caches/2.12/scripts/build_8y80ghzyvtxk277vx77bwabpq/cp_proj).
15:03:29.320 [DEBUG] [org.gradle.cache.internal.DefaultFileLockManager] Releasing lock on proj class cache for build file '/home/mahsa/Tu Kl/Compiler/group11/ex2/build.gradle' (/home/mahsa/Tu Kl/Compiler/group11/ex1/gradle/caches/2.12/scripts/build_8y80ghzyvtxk277vx77bwabpq/proj).
15:03:29.331 [DEBUG] [org.gradle.cache.internal.btree.BTreePersistentIndexedCache] Closing cache taskArtifacts.bin (/home/mahsa/Tu Kl/Compiler/group11/ex2/.gradle/2.12/taskArtifacts/taskArtifacts.bin)
15:03:29.334 [DEBUG] [org.gradle.cache.internal.btree.BTreePersistentIndexedCache] Closing cache fileHashes.bin (/home/mahsa/Tu Kl/Compiler/group11/ex2/.gradle/2.12/taskArtifacts/fileHashes.bin)
15:03:29.335 [DEBUG] [org.gradle.cache.internal.btree.BTreePersistentIndexedCache] Closing cache outputFileStates.bin (/home/mahsa/Tu Kl/Compiler/group11/ex2/.gradle/2.12/taskArtifacts/outputFileStates.bin)
15:03:29.336 [DEBUG] [org.gradle.cache.internal.btree.BTreePersistentIndexedCache] Closing cache fileSnapshots.bin (/home/mahsa/Tu Kl/Compiler/group11/ex2/.gradle/2.12/taskArtifacts/fileSnapshots.bin)
15:03:29.336 [DEBUG] [org.gradle.cache.internal.DefaultFileLockManager] Releasing lock on task history cache (/home/mahsa/Tu Kl/Compiler/group11/ex2/.gradle/2.12/taskArtifacts).
15:03:29.337 [DEBUG] [org.gradle.api.internal.artifacts.ivyservice.ivyresolve.memcache.InMemoryCachedRepositoryFactory] In-memory dependency metadata cache closed. Repos cached: 2, cache instances: 1, modules served from cache: 8, artifacts: 8
15:03:29.337 [DEBUG] [org.gradle.cache.internal.btree.BTreePersistentIndexedCache] Closing cache artifact-at-repository.bin (/home/mahsa/Tu Kl/Compiler/group11/ex1/gradle/caches/modules-2/metadata-2.16/artifact-at-repository.bin)
15:03:29.338 [DEBUG] [org.gradle.cache.internal.btree.BTreePersistentIndexedCache] Closing cache module-metadata.bin (/home/mahsa/Tu Kl/Compiler/group11/ex1/gradle/caches/modules-2/metadata-2.16/module-metadata.bin)
15:03:29.338 [DEBUG] [org.gradle.cache.internal.DefaultFileLockManager] Releasing lock on artifact cache (/home/mahsa/Tu Kl/Compiler/group11/ex1/gradle/caches/modules-2).
15:03:29.356 [DEBUG] [org.gradle.api.internal.artifacts.ivyservice.resolveengine.store.CachedStoreFactory] Resolution result cache closed. Cache reads: 0, disk reads: 0 (avg: 0.0 secs, total: 0.0 secs)
15:03:29.357 [DEBUG] [org.gradle.api.internal.artifacts.ivyservice.resolveengine.store.CachedStoreFactory] Resolution result cache closed. Cache reads: 0, disk reads: 0 (avg: 0.0 secs, total: 0.0 secs)
15:03:29.357 [DEBUG] [org.gradle.api.internal.artifacts.ivyservice.resolveengine.store.ResolutionResultsStoreFactory] Deleted 2 resolution results binary files in 0.011 secs
15:03:29.358 [DEBUG] [org.gradle.cache.internal.DefaultCacheAccess] Cache Plugin Resolution Cache (/home/mahsa/Tu Kl/Compiler/group11/ex1/gradle/caches/2.12/plugin-resolution) was closed 0 times.
15:03:29.358 [DEBUG] [org.gradle.api.internal.tasks.compile.daemon.CompilerDaemonManager] Stopping 0 compiler daemon(s).
15:03:29.358 [INFO] [org.gradle.api.internal.tasks.compile.daemon.CompilerDaemonManager] Stopped 0 compiler daemon(s).
15:03:29.359 [DEBUG] [org.gradle.launcher.daemon.server.exec.ExecuteBuild] The daemon has finished executing the build.
15:03:29.362 [DEBUG] [org.gradle.launcher.daemon.server.DaemonStateCoordinator] Daemon is busy, sleeping until state changes.
15:03:29.363 [DEBUG] [org.gradle.launcher.daemon.server.DaemonStateCoordinator] Command execution: finished waiting for DaemonCommandExecution[command = Build{id=37b7989f-6c31-4a72-a82b-bc4a623f4e99.1, currentDir=/home/mahsa/Tu Kl/Compiler/group11/ex2}, connection = org.gradle.launcher.daemon.server.DefaultDaemonConnection@36b2f74d]. Result org.gradle.launcher.daemon.server.DaemonStateCoordinator@153ed385 with state Running
15:03:29.363 [DEBUG] [org.gradle.launcher.daemon.server.DaemonStateCoordinator] Command execution: completed DaemonCommandExecution[command = Build{id=37b7989f-6c31-4a72-a82b-bc4a623f4e99.1, currentDir=/home/mahsa/Tu Kl/Compiler/group11/ex2}, connection = org.gradle.launcher.daemon.server.DefaultDaemonConnection@36b2f74d]
15:03:29.363 [DEBUG] [org.gradle.launcher.daemon.server.DaemonStateCoordinator] updating lastActivityAt to 1494335009363
15:03:29.364 [INFO] [org.gradle.launcher.daemon.server.DomainRegistryUpdater] Marking the daemon as idle, address: [5667eaae-98b9-442d-b5d6-5c5f661f8c44 port:40709, addresses:[/0:0:0:0:0:0:0:1%lo, /127.0.0.1]]
15:03:29.364 [DEBUG] [org.gradle.launcher.daemon.registry.PersistentDaemonRegistry] Marking idle by address: [5667eaae-98b9-442d-b5d6-5c5f661f8c44 port:40709, addresses:[/0:0:0:0:0:0:0:1%lo, /127.0.0.1]]
15:03:29.365 [DEBUG] [org.gradle.cache.internal.DefaultFileLockManager] Waiting to acquire exclusive lock on daemon addresses registry.
15:03:29.365 [DEBUG] [org.gradle.cache.internal.DefaultFileLockManager] Lock acquired.
15:03:29.370 [DEBUG] [org.gradle.cache.internal.DefaultFileLockManager] Releasing lock on daemon addresses registry.
15:03:29.370 [DEBUG] [org.gradle.launcher.daemon.server.DaemonStateCoordinator] Daemon is idle, sleeping until state change or idle timeout at Tue May 09 15:04:29 CEST 2017
15:03:29.371 [DEBUG] [org.gradle.launcher.daemon.server.exec.ReturnResult] Daemon is dispatching the build result: Failure[value=org.gradle.initialization.ReportedException: org.gradle.internal.exceptions.LocationAwareException: Execution failed for task ':compileJava'.]
15:03:29.371 [DEBUG] [org.gradle.launcher.daemon.server.SynchronizedDispatchConnection] thread 13: dispatching class org.gradle.launcher.daemon.protocol.Failure
15:03:29.392 [DEBUG] [org.gradle.launcher.daemon.server.DefaultIncomingConnectionHandler] Finishing executing command: Build{id=37b7989f-6c31-4a72-a82b-bc4a623f4e99.1, currentDir=/home/mahsa/Tu Kl/Compiler/group11/ex2}
15:03:29.393 [DEBUG] [org.gradle.launcher.daemon.server.SynchronizedDispatchConnection] thread 26: received class org.gradle.launcher.daemon.protocol.Finished
15:03:29.393 [DEBUG] [org.gradle.launcher.daemon.server.DefaultDaemonConnection] Received non-IO message from client: org.gradle.launcher.daemon.protocol.Finished@2ac6cf64
15:03:29.394 [DEBUG] [org.gradle.messaging.remote.internal.inet.SocketConnection] Discarding EOFException: java.io.EOFException
15:03:29.394 [DEBUG] [org.gradle.launcher.daemon.server.SynchronizedDispatchConnection] thread 26: received null
15:03:29.394 [DEBUG] [org.gradle.launcher.daemon.server.DefaultDaemonConnection] Received end-of-input from client.
15:03:29.395 [DEBUG] [org.gradle.launcher.daemon.server.DefaultIncomingConnectionHandler] Received finished message: null
15:03:29.395 [DEBUG] [org.gradle.launcher.daemon.server.SynchronizedDispatchConnection] thread 13: stopping connection
15:03:29.397 [DEBUG] [org.gradle.launcher.daemon.server.SynchronizedDispatchConnection] thread 13: stopping connection
15:04:29.364 [DEBUG] [org.gradle.launcher.daemon.server.DaemonStateCoordinator] Idle timeout: daemon has been idle for requested period. Stopping now.
15:04:29.364 [DEBUG] [org.gradle.launcher.daemon.server.DaemonStateCoordinator] Marking daemon stopped due to idle timeout. The daemon is running a build: false
15:04:29.365 [DEBUG] [org.gradle.launcher.daemon.server.Daemon] stop() called on daemon
15:04:29.365 [INFO] [org.gradle.launcher.daemon.server.Daemon] Stop requested. Daemon is removing its presence from the registry...
15:04:29.365 [DEBUG] [org.gradle.launcher.daemon.server.DomainRegistryUpdater] Removing our presence to clients, eg. removing this address from the registry: [5667eaae-98b9-442d-b5d6-5c5f661f8c44 port:40709, addresses:[/0:0:0:0:0:0:0:1%lo, /127.0.0.1]]
15:04:29.365 [DEBUG] [org.gradle.launcher.daemon.registry.PersistentDaemonRegistry] Removing daemon address: [5667eaae-98b9-442d-b5d6-5c5f661f8c44 port:40709, addresses:[/0:0:0:0:0:0:0:1%lo, /127.0.0.1]]
15:04:29.367 [DEBUG] [org.gradle.cache.internal.DefaultFileLockManager] Waiting to acquire exclusive lock on daemon addresses registry.
15:04:29.367 [DEBUG] [org.gradle.cache.internal.DefaultFileLockManager] Lock acquired.
15:04:29.370 [DEBUG] [org.gradle.cache.internal.DefaultFileLockManager] Releasing lock on daemon addresses registry.
15:04:29.371 [DEBUG] [org.gradle.launcher.daemon.server.DomainRegistryUpdater] Address removed from registry.
Daemon vm is shutting down... The daemon has exited normally or was terminated in response to a user interrupt.
15:04:29.375 [DEBUG] [org.gradle.launcher.daemon.registry.PersistentDaemonRegistry] Removing daemon address: [5667eaae-98b9-442d-b5d6-5c5f661f8c44 port:40709, addresses:[/0:0:0:0:0:0:0:1%lo, /127.0.0.1]]
15:04:29.376 [DEBUG] [org.gradle.cache.internal.DefaultFileLockManager] Waiting to acquire exclusive lock on daemon addresses registry.
15:04:29.376 [DEBUG] [org.gradle.cache.internal.DefaultFileLockManager] Lock acquired.
15:04:29.377 [DEBUG] [org.gradle.cache.internal.DefaultFileLockManager] Releasing lock on daemon addresses registry.
