#
# There is insufficient memory for the Java Runtime Environment to continue.
# Native memory allocation (malloc) failed to allocate 32744 bytes for ChunkPool::allocate
# Possible reasons:
#   The system is out of physical RAM or swap space
#   In 32 bit mode, the process size limit was hit
# Possible solutions:
#   Reduce memory load on the system
#   Increase physical memory or swap space
#   Check if swap backing store is full
#   Use 64 bit Java on a 64 bit OS
#   Decrease Java heap size (-Xmx/-Xms)
#   Decrease number of Java threads
#   Decrease Java thread stack sizes (-Xss)
#   Set larger code cache with -XX:ReservedCodeCacheSize=
# This output file may be truncated or incomplete.
#
#  Out of Memory Error (allocation.cpp:273), pid=3812, tid=0x0000000000007568
#
# JRE version: Java(TM) SE Runtime Environment (8.0_131-b11) (build 1.8.0_131-b11)
# Java VM: Java HotSpot(TM) 64-Bit Server VM (25.131-b11 mixed mode windows-amd64 compressed oops)
# Failed to write core dump. Minidumps are not enabled by default on client versions of Windows
#

---------------  T H R E A D  ---------------

Current thread (0x0000000019456800):  JavaThread "C2 CompilerThread0" daemon [_thread_in_vm, id=30056, stack(0x0000000019940000,0x0000000019a40000)]

Stack: [0x0000000019940000,0x0000000019a40000]
[error occurred during error reporting (printing stack bounds), id 0xc0000005]

Native frames: (J=compiled Java code, j=interpreted, Vv=VM code, C=native code)


---------------  P R O C E S S  ---------------

Java Threads: ( => current thread )
  0x000000001945e000 JavaThread "C1 CompilerThread2" daemon [_thread_in_native, id=20124, stack(0x0000000019b40000,0x0000000019c40000)]
  0x0000000019459000 JavaThread "C2 CompilerThread1" daemon [_thread_blocked, id=28656, stack(0x0000000019a40000,0x0000000019b40000)]
=>0x0000000019456800 JavaThread "C2 CompilerThread0" daemon [_thread_in_vm, id=30056, stack(0x0000000019940000,0x0000000019a40000)]
  0x0000000017e3c800 JavaThread "Monitor Ctrl-Break" daemon [_thread_in_native, id=13992, stack(0x0000000019840000,0x0000000019940000)]
  0x0000000017ddf800 JavaThread "Attach Listener" daemon [_thread_blocked, id=2156, stack(0x0000000019340000,0x0000000019440000)]
  0x0000000017dde000 JavaThread "Signal Dispatcher" daemon [_thread_blocked, id=11508, stack(0x0000000019240000,0x0000000019340000)]
  0x0000000017dc9800 JavaThread "Finalizer" daemon [_thread_blocked, id=2904, stack(0x0000000019050000,0x0000000019150000)]
  0x0000000003302000 JavaThread "Reference Handler" daemon [_thread_blocked, id=20280, stack(0x0000000018f50000,0x0000000019050000)]
  0x0000000003212800 JavaThread "main" [_thread_in_vm, id=24836, stack(0x0000000002f40000,0x0000000003040000)]

Other Threads:
  0x0000000017da7800 VMThread [stack: 0x0000000018e50000,0x0000000018f50000] [id=23892]

VM state:not at safepoint (normal execution)

VM Mutex/Monitor currently owned by a thread: None

Heap:
 PSYoungGen      total 37888K, used 1968K [0x00000000d6100000, 0x00000000d8b00000, 0x0000000100000000)
  eden space 32768K, 6% used [0x00000000d6100000,0x00000000d62ec108,0x00000000d8100000)
  from space 5120K, 0% used [0x00000000d8600000,0x00000000d8600000,0x00000000d8b00000)
  to   space 5120K, 0% used [0x00000000d8100000,0x00000000d8100000,0x00000000d8600000)
 ParOldGen       total 86016K, used 0K [0x0000000082200000, 0x0000000087600000, 0x00000000d6100000)
  object space 86016K, 0% used [0x0000000082200000,0x0000000082200000,0x0000000087600000)
 Metaspace       used 3180K, capacity 4494K, committed 4864K, reserved 1056768K
  class space    used 352K, capacity 386K, committed 512K, reserved 1048576K

Card table byte_map: [0x00000000126d0000,0x0000000012ac0000] byte_map_base: 0x00000000122bf000

Marking Bits: (ParMarkBitMap*) 0x00000000740dc720
 Begin Bits: [0x0000000013160000, 0x00000000150d8000)
 End Bits:   [0x00000000150d8000, 0x0000000017050000)

Polling page: 0x00000000017c0000

CodeCache: size=245760Kb used=1041Kb max_used=1041Kb free=244718Kb
 bounds [0x0000000003310000, 0x0000000003580000, 0x0000000012310000]
 total_blobs=235 nmethods=4 adapters=160
 compilation: enabled

Compilation events (0 events):
No events

GC Heap History (0 events):
No events

Deoptimization events (0 events):
No events

Internal exceptions (2 events):
Event: 0.139 Thread 0x0000000003212800 Exception <a 'java/lang/NoSuchMethodError': Method sun.misc.Unsafe.defineClass(Ljava/lang/String;[BII)Ljava/lang/Class; name or signature does not match> (0x00000000d6107ca8) thrown at [C:\re\workspace\8-2-build-windows-amd64-cygwin\jdk8u131\8869\hotspot\
Event: 0.139 Thread 0x0000000003212800 Exception <a 'java/lang/NoSuchMethodError': Method sun.misc.Unsafe.prefetchRead(Ljava/lang/Object;J)V name or signature does not match> (0x00000000d6107f90) thrown at [C:\re\workspace\8-2-build-windows-amd64-cygwin\jdk8u131\8869\hotspot\src\share\vm\prims

Events (10 events):
Event: 0.587 loading class java/lang/NoSuchMethodException done
Event: 0.812 Thread 0x0000000017e3c800 Thread added: 0x0000000017e3c800
Event: 0.813 Thread 0x0000000019456800 Thread added: 0x0000000019456800
Event: 0.813 Thread 0x0000000019459000 Thread added: 0x0000000019459000
Event: 0.813 loading class java/net/Socket
Event: 0.813 Thread 0x000000001945e000 Thread added: 0x000000001945e000
Event: 0.813 loading class java/net/Socket done
Event: 0.813 loading class java/lang/invoke/MethodHandleImpl
Event: 0.813 loading class java/net/InetSocketAddress
Event: 0.813 loading class java/net/SocketAddress


Dynamic libraries:
0x00007ff6f5580000 - 0x00007ff6f55b7000 	C:\Program Files\Java\jdk1.8.0_131\bin\java.exe
0x00007ffb47ca0000 - 0x00007ffb47e71000 	C:\WINDOWS\SYSTEM32\ntdll.dll
0x00007ffb47780000 - 0x00007ffb4782c000 	C:\WINDOWS\System32\KERNEL32.DLL
0x00007ffb44d20000 - 0x00007ffb44f3d000 	C:\WINDOWS\System32\KERNELBASE.dll
0x00007ffb47bf0000 - 0x00007ffb47c92000 	C:\WINDOWS\System32\ADVAPI32.dll
0x00007ffb45870000 - 0x00007ffb4590e000 	C:\WINDOWS\System32\msvcrt.dll
0x00007ffb45910000 - 0x00007ffb45969000 	C:\WINDOWS\System32\sechost.dll
0x00007ffb470b0000 - 0x00007ffb471d1000 	C:\WINDOWS\System32\RPCRT4.dll
0x00007ffb471e0000 - 0x00007ffb47345000 	C:\WINDOWS\System32\USER32.dll
0x00007ffb450f0000 - 0x00007ffb4510e000 	C:\WINDOWS\System32\win32u.dll
0x00007ffb47350000 - 0x00007ffb47384000 	C:\WINDOWS\System32\GDI32.dll
0x00007ffb44230000 - 0x00007ffb443b2000 	C:\WINDOWS\System32\gdi32full.dll
0x00007ffb360b0000 - 0x00007ffb3632a000 	C:\WINDOWS\WinSxS\amd64_microsoft.windows.common-controls_6595b64144ccf1df_6.0.14393.953_none_42151e83c686086b\COMCTL32.dll
0x00007ffb478c0000 - 0x00007ffb47b88000 	C:\WINDOWS\System32\combase.dll
0x00007ffb44ff0000 - 0x00007ffb450e5000 	C:\WINDOWS\System32\ucrtbase.dll
0x00007ffb451c0000 - 0x00007ffb4522a000 	C:\WINDOWS\System32\bcryptPrimitives.dll
0x00007ffb47890000 - 0x00007ffb478be000 	C:\WINDOWS\System32\IMM32.DLL
0x0000000075860000 - 0x0000000075932000 	C:\Program Files\Java\jdk1.8.0_131\jre\bin\msvcr100.dll
0x00000000738c0000 - 0x000000007415c000 	C:\Program Files\Java\jdk1.8.0_131\jre\bin\server\jvm.dll
0x00007ffb47000000 - 0x00007ffb47008000 	C:\WINDOWS\System32\PSAPI.DLL
0x00007ffb34960000 - 0x00007ffb34969000 	C:\WINDOWS\SYSTEM32\WSOCK32.dll
0x00007ffb45370000 - 0x00007ffb453da000 	C:\WINDOWS\System32\WS2_32.dll
0x00007ffb42310000 - 0x00007ffb42333000 	C:\WINDOWS\SYSTEM32\WINMM.dll
0x00007ffb34a70000 - 0x00007ffb34a7a000 	C:\WINDOWS\SYSTEM32\VERSION.dll
0x00007ffb42210000 - 0x00007ffb4223b000 	C:\WINDOWS\SYSTEM32\WINMMBASE.dll
0x00007ffb45170000 - 0x00007ffb451b2000 	C:\WINDOWS\System32\cfgmgr32.dll
0x0000000050000000 - 0x000000005000f000 	C:\Program Files\Java\jdk1.8.0_131\jre\bin\verify.dll
0x0000000077b30000 - 0x0000000077b59000 	C:\Program Files\Java\jdk1.8.0_131\jre\bin\java.dll
0x00000000757f0000 - 0x0000000075813000 	C:\Program Files\Java\jdk1.8.0_131\jre\bin\instrument.dll
0x0000000077b10000 - 0x0000000077b26000 	C:\Program Files\Java\jdk1.8.0_131\jre\bin\zip.dll
0x00007ffb45970000 - 0x00007ffb46e78000 	C:\WINDOWS\System32\SHELL32.dll
0x00007ffb44640000 - 0x00007ffb44d1a000 	C:\WINDOWS\System32\windows.storage.dll
0x00007ffb44140000 - 0x00007ffb4418c000 	C:\WINDOWS\System32\powrprof.dll
0x00007ffb45810000 - 0x00007ffb45862000 	C:\WINDOWS\System32\shlwapi.dll
0x00007ffb44130000 - 0x00007ffb4413f000 	C:\WINDOWS\System32\kernel.appcore.dll
0x00007ffb44f40000 - 0x00007ffb44fe9000 	C:\WINDOWS\System32\shcore.dll
0x00007ffb44110000 - 0x00007ffb44124000 	C:\WINDOWS\System32\profapi.dll
0x00007ffb30400000 - 0x00007ffb3041a000 	C:\Program Files\JetBrains\IntelliJ IDEA Community Edition 2017.1.2\bin\breakgen64.dll
0x0000000050030000 - 0x000000005004a000 	C:\Program Files\Java\jdk1.8.0_131\jre\bin\net.dll
0x00007ffb43a30000 - 0x00007ffb43a8c000 	C:\WINDOWS\system32\mswsock.dll

VM Arguments:
jvm_args: -ea -Didea.test.cyclic.buffer.size=1048576 -javaagent:C:\Program Files\JetBrains\IntelliJ IDEA Community Edition 2017.1.2\lib\idea_rt.jar=55422:C:\Program Files\JetBrains\IntelliJ IDEA Community Edition 2017.1.2\bin -Dfile.encoding=UTF-8 
java_command: com.intellij.rt.execution.junit.JUnitStarter -ideVersion5 minijava.translation.SimpleTests,test0
java_class_path (initial): C:\Program Files\JetBrains\IntelliJ IDEA Community Edition 2017.1.2\lib\idea_rt.jar;C:\Program Files\JetBrains\IntelliJ IDEA Community Edition 2017.1.2\plugins\junit\lib\junit-rt.jar;C:\Program Files\Java\jdk1.8.0_131\jre\lib\charsets.jar;C:\Program Files\Java\jdk1.8.0_131\jre\lib\deploy.jar;C:\Program Files\Java\jdk1.8.0_131\jre\lib\ext\access-bridge-64.jar;C:\Program Files\Java\jdk1.8.0_131\jre\lib\ext\cldrdata.jar;C:\Program Files\Java\jdk1.8.0_131\jre\lib\ext\dnsns.jar;C:\Program Files\Java\jdk1.8.0_131\jre\lib\ext\jaccess.jar;C:\Program Files\Java\jdk1.8.0_131\jre\lib\ext\jfxrt.jar;C:\Program Files\Java\jdk1.8.0_131\jre\lib\ext\localedata.jar;C:\Program Files\Java\jdk1.8.0_131\jre\lib\ext\nashorn.jar;C:\Program Files\Java\jdk1.8.0_131\jre\lib\ext\sunec.jar;C:\Program Files\Java\jdk1.8.0_131\jre\lib\ext\sunjce_provider.jar;C:\Program Files\Java\jdk1.8.0_131\jre\lib\ext\sunmscapi.jar;C:\Program Files\Java\jdk1.8.0_131\jre\lib\ext\sunpkcs11.jar;C:\Program Files\Java\jdk1.8.0_131\jre\lib\ext\zipfs.jar;C:\Program Files\Java\jdk1.8.0_131\jre\lib\javaws.jar;C:\Program Files\Java\jdk1.8.0_131\jre\lib\jce.jar;C:\Program Files\Java\jdk1.8.0_131\jre\lib\jfr.jar;C:\Program Files\Java\jdk1.8.0_131\jre\lib\jfxswt.jar;C:\Program Files\Java\jdk1.8.0_131\jre\lib\jsse.jar;C:\Program Files\Java\jdk1.8.0_131\jre\lib\management-agent.jar;C:\Program Files\Java\jdk1.8.0_131\jre\lib\plugin.jar;C:\Program Files\Java\jdk1.8.0_131\jre\lib\resources.jar;C:\Program Files\Java\jdk1.8.0_131\jre\lib\rt.jar;D:\compiler progect\group11\ex4\build\classes\test;D:\compiler progect\group11\ex4\build\classes\main;C:\Users\rama\.gradle\caches\modules-2\files-2.1\com.github.vbmacher\java-cup-runtime\11b\18b595e963a770cce107e629ddd5e143c8c0b52b\java-cup-runtime-11b.jar;C:\Users\rama\.gradle\caches\modules-2\files-2.1\com.google.guava\guava\21.0\3a3d111be1be1b745edfa7d91678a12d7ed38709\guava-21.0.jar;C:\Users\rama\.gradle\caches\modules-2\files-2.1\junit\junit\4.12\2973d150c
Launcher Type: SUN_STANDARD

Environment Variables:
JAVA_HOME=C:\Program Files\Java\jdk1.8.0_131
PATH=C:\Program Files (x86)\Lenovo\FusionEngine;C:\WINDOWS\system32;C:\WINDOWS;C:\WINDOWS\System32\Wbem;C:\WINDOWS\System32\WindowsPowerShell\v1.0\;C:\Program Files (x86)\Common Files\lenovo\easyplussdk\bin;C:\Program Files (x86)\ATI Technologies\ATI.ACE\Core-Static;C:\Program Files\Intel\WiFi\bin\;C:\Program Files\Common Files\Intel\WirelessCommon\;C:\Gradle\gradle-3.5-bin\gradle-3.5\bin;C:\Program Files\LLVM\bin;D:\python;D:\python\Scripts;D:\python\Library\bin;C:\Users\rama\Anaconda2;C:\Users\rama\Anaconda2\Scripts;C:\Users\rama\Anaconda2\Library\bin;C:\Users\rama\AppData\Local\Microsoft\WindowsApps;
USERNAME=rama
OS=Windows_NT
PROCESSOR_IDENTIFIER=Intel64 Family 6 Model 78 Stepping 3, GenuineIntel



---------------  S Y S T E M  ---------------

OS: Windows 10.0 , 64 bit Build 14393 (10.0.14393.1198)

CPU:total 4 (initial active 4) (2 cores per cpu, 2 threads per core) family 6 model 78 stepping 3, cmov, cx8, fxsr, mmx, sse, sse2, sse3, ssse3, sse4.1, sse4.2, popcnt, avx, avx2, aes, clmul, erms, 3dnowpref, lzcnt, ht, tsc, tscinvbit, bmi1, bmi2, adx

Memory: 4k page, physical 8245152k(1263156k free), swap 33410976k(198348k free)

vm_info: Java HotSpot(TM) 64-Bit Server VM (25.131-b11) for windows-amd64 JRE (1.8.0_131-b11), built on Mar 15 2017 01:23:53 by "java_re" with MS VC++ 10.0 (VS2010)

time: Fri Jun 16 13:51:44 2017
elapsed time: 1 seconds (0d 0h 0m 1s)

