#
# There is insufficient memory for the Java Runtime Environment to continue.
# Native memory allocation (malloc) failed to allocate 1093696 bytes for Chunk::new
# Possible reasons:
#   The system is out of physical RAM or swap space
#   In 32 bit mode, the process size limit was hit
# Possible solutions:
#   Reduce memory load on the system
#   Increase physical memory or swap space
#   Check if swap backing store is full
#   Use 64 bit Java on a 64 bit OS
#   Decrease Java heap size (-Xmx/-Xms)
#   Decrease number of Java threads
#   Decrease Java thread stack sizes (-Xss)
#   Set larger code cache with -XX:ReservedCodeCacheSize=
# This output file may be truncated or incomplete.
#
#  Out of Memory Error (allocation.cpp:390), pid=26276, tid=0x000000000000244c
#
# JRE version: Java(TM) SE Runtime Environment (8.0_131-b11) (build 1.8.0_131-b11)
# Java VM: Java HotSpot(TM) 64-Bit Server VM (25.131-b11 mixed mode windows-amd64 compressed oops)
# Failed to write core dump. Minidumps are not enabled by default on client versions of Windows
#

---------------  T H R E A D  ---------------

Current thread (0x000000001549a800):  JavaThread "C2 CompilerThread0" daemon [_thread_in_native, id=9292, stack(0x0000000016ae0000,0x0000000016be0000)]

Stack: [0x0000000016ae0000,0x0000000016be0000]
[error occurred during error reporting (printing stack bounds), id 0xc0000005]

Native frames: (J=compiled Java code, j=interpreted, Vv=VM code, C=native code)


Current CompileTask:
C2:  28991 5262       4       com.sun.tools.javac.comp.Attr::visitIdent (554 bytes)


---------------  P R O C E S S  ---------------

Java Threads: ( => current thread )
  0x000000001a3b8000 JavaThread "File lock request listener" [_thread_in_native, id=23112, stack(0x0000000019880000,0x0000000019980000)]
  0x0000000018174000 JavaThread "Stdin handler" [_thread_blocked, id=4676, stack(0x0000000019780000,0x0000000019880000)]
  0x0000000017f20800 JavaThread "Daemon worker" [_thread_in_Java, id=23732, stack(0x0000000019680000,0x0000000019780000)]
  0x0000000017f27000 JavaThread "Cancel handler" [_thread_blocked, id=9392, stack(0x0000000019580000,0x0000000019680000)]
  0x0000000017f09000 JavaThread "Handler for socket connection from /127.0.0.1:55438 to /127.0.0.1:55439" [_thread_in_native, id=12308, stack(0x0000000019480000,0x0000000019580000)]
  0x00000000182d2800 JavaThread "Daemon" [_thread_blocked, id=20096, stack(0x0000000019380000,0x0000000019480000)]
  0x0000000017e46000 JavaThread "Incoming local TCP Connector on port 55438" [_thread_in_native, id=5316, stack(0x0000000017be0000,0x0000000017ce0000)]
  0x0000000016e09800 JavaThread "Service Thread" daemon [_thread_blocked, id=21400, stack(0x00000000171e0000,0x00000000172e0000)]
  0x00000000154a8000 JavaThread "C1 CompilerThread2" daemon [_thread_in_vm, id=9820, stack(0x0000000016ce0000,0x0000000016de0000)]
  0x00000000154a0000 JavaThread "C2 CompilerThread1" daemon [_thread_in_native, id=25016, stack(0x0000000016be0000,0x0000000016ce0000)]
=>0x000000001549a800 JavaThread "C2 CompilerThread0" daemon [_thread_in_native, id=9292, stack(0x0000000016ae0000,0x0000000016be0000)]
  0x0000000015499800 JavaThread "Attach Listener" daemon [_thread_blocked, id=11576, stack(0x00000000169e0000,0x0000000016ae0000)]
  0x00000000154a6000 JavaThread "Signal Dispatcher" daemon [_thread_blocked, id=8004, stack(0x00000000168e0000,0x00000000169e0000)]
  0x0000000002dcd000 JavaThread "Finalizer" daemon [_thread_blocked, id=2352, stack(0x00000000166f0000,0x00000000167f0000)]
  0x0000000002dc2000 JavaThread "Reference Handler" daemon [_thread_blocked, id=19092, stack(0x00000000165f0000,0x00000000166f0000)]
  0x0000000002cce000 JavaThread "main" [_thread_blocked, id=23156, stack(0x0000000002b40000,0x0000000002c40000)]

Other Threads:
  0x0000000015467000 VMThread [stack: 0x00000000164f0000,0x00000000165f0000] [id=21364]
  0x0000000016e0e800 WatcherThread [stack: 0x00000000172e0000,0x00000000173e0000] [id=7872]

VM state:not at safepoint (normal execution)

VM Mutex/Monitor currently owned by a thread: None

Heap:
 PSYoungGen      total 121344K, used 68905K [0x00000000eab00000, 0x00000000f2f00000, 0x0000000100000000)
  eden space 110592K, 62% used [0x00000000eab00000,0x00000000eee4a6b0,0x00000000f1700000)
  from space 10752K, 0% used [0x00000000f2280000,0x00000000f2280000,0x00000000f2d00000)
  to   space 11776K, 0% used [0x00000000f1700000,0x00000000f1700000,0x00000000f2280000)
 ParOldGen       total 88064K, used 22607K [0x00000000c0000000, 0x00000000c5600000, 0x00000000eab00000)
  object space 88064K, 25% used [0x00000000c0000000,0x00000000c1613c88,0x00000000c5600000)
 Metaspace       used 38233K, capacity 38980K, committed 39128K, reserved 1083392K
  class space    used 5258K, capacity 5518K, committed 5632K, reserved 1048576K

Card table byte_map: [0x0000000012190000,0x00000000123a0000] byte_map_base: 0x0000000011b90000

Marking Bits: (ParMarkBitMap*) 0x00000000740dc720
 Begin Bits: [0x0000000012900000, 0x0000000013900000)
 End Bits:   [0x0000000013900000, 0x0000000014900000)

Polling page: 0x0000000002b10000

CodeCache: size=245760Kb used=19259Kb max_used=19259Kb free=226500Kb
 bounds [0x0000000002dd0000, 0x00000000040c0000, 0x0000000011dd0000]
 total_blobs=5573 nmethods=4898 adapters=586
 compilation: enabled

Compilation events (10 events):
Event: 28.965 Thread 0x00000000154a8000 5413       3       com.sun.tools.javac.jvm.Code$LocalVar::lastRange (40 bytes)
Event: 28.965 Thread 0x00000000154a8000 nmethod 5413 0x00000000040a9450 code [0x00000000040a95e0, 0x00000000040a9ac8]
Event: 28.965 Thread 0x00000000154a8000 5414       3       com.sun.tools.javac.jvm.Items$StackItem::<init> (12 bytes)
Event: 28.965 Thread 0x00000000154a8000 nmethod 5414 0x00000000040a9c10 code [0x00000000040a9d80, 0x00000000040a9fd0]
Event: 28.965 Thread 0x00000000154a8000 5422       3       com.sun.tools.javac.util.ByteBuffer::appendBytes (42 bytes)
Event: 28.966 Thread 0x00000000154a8000 nmethod 5422 0x00000000040aa0d0 code [0x00000000040aa280, 0x00000000040aa838]
Event: 28.966 Thread 0x00000000154a8000 5420       3       com.sun.tools.javac.jvm.ClassWriter$CWSignatureGenerator::assembleSig (74 bytes)
Event: 28.967 Thread 0x00000000154a8000 nmethod 5420 0x00000000040aaad0 code [0x00000000040aad00, 0x00000000040ab9a8]
Event: 28.967 Thread 0x00000000154a8000 5421       3       com.sun.tools.javac.code.Types$SignatureGenerator::assembleSig (506 bytes)
Event: 28.969 Thread 0x00000000154a8000 nmethod 5421 0x00000000040abfd0 code [0x00000000040ac520, 0x00000000040afde8]

GC Heap History (10 events):
Event: 7.337 GC heap before
{Heap before GC invocations=6 (full 1):
 PSYoungGen      total 70656K, used 65536K [0x00000000eab00000, 0x00000000ef500000, 0x0000000100000000)
  eden space 65536K, 100% used [0x00000000eab00000,0x00000000eeb00000,0x00000000eeb00000)
  from space 5120K, 0% used [0x00000000ef000000,0x00000000ef000000,0x00000000ef500000)
  to   space 5120K, 0% used [0x00000000eeb00000,0x00000000eeb00000,0x00000000ef000000)
 ParOldGen       total 55808K, used 8986K [0x00000000c0000000, 0x00000000c3680000, 0x00000000eab00000)
  object space 55808K, 16% used [0x00000000c0000000,0x00000000c08c6b78,0x00000000c3680000)
 Metaspace       used 24473K, capacity 24906K, committed 25088K, reserved 1071104K
  class space    used 3370K, capacity 3475K, committed 3584K, reserved 1048576K
Event: 7.352 GC heap after
Heap after GC invocations=6 (full 1):
 PSYoungGen      total 70656K, used 5091K [0x00000000eab00000, 0x00000000f2d00000, 0x0000000100000000)
  eden space 65536K, 0% used [0x00000000eab00000,0x00000000eab00000,0x00000000eeb00000)
  from space 5120K, 99% used [0x00000000eeb00000,0x00000000eeff8c08,0x00000000ef000000)
  to   space 10752K, 0% used [0x00000000f2280000,0x00000000f2280000,0x00000000f2d00000)
 ParOldGen       total 55808K, used 9542K [0x00000000c0000000, 0x00000000c3680000, 0x00000000eab00000)
  object space 55808K, 17% used [0x00000000c0000000,0x00000000c0951b38,0x00000000c3680000)
 Metaspace       used 24473K, capacity 24906K, committed 25088K, reserved 1071104K
  class space    used 3370K, capacity 3475K, committed 3584K, reserved 1048576K
}
Event: 8.724 GC heap before
{Heap before GC invocations=7 (full 1):
 PSYoungGen      total 70656K, used 70627K [0x00000000eab00000, 0x00000000f2d00000, 0x0000000100000000)
  eden space 65536K, 100% used [0x00000000eab00000,0x00000000eeb00000,0x00000000eeb00000)
  from space 5120K, 99% used [0x00000000eeb00000,0x00000000eeff8c08,0x00000000ef000000)
  to   space 10752K, 0% used [0x00000000f2280000,0x00000000f2280000,0x00000000f2d00000)
 ParOldGen       total 55808K, used 9542K [0x00000000c0000000, 0x00000000c3680000, 0x00000000eab00000)
  object space 55808K, 17% used [0x00000000c0000000,0x00000000c0951b38,0x00000000c3680000)
 Metaspace       used 26491K, capacity 26994K, committed 27264K, reserved 1073152K
  class space    used 3716K, capacity 3891K, committed 3968K, reserved 1048576K
Event: 8.764 GC heap after
Heap after GC invocations=7 (full 1):
 PSYoungGen      total 121344K, used 8976K [0x00000000eab00000, 0x00000000f2f00000, 0x0000000100000000)
  eden space 110592K, 0% used [0x00000000eab00000,0x00000000eab00000,0x00000000f1700000)
  from space 10752K, 83% used [0x00000000f2280000,0x00000000f2b44058,0x00000000f2d00000)
  to   space 11776K, 0% used [0x00000000f1700000,0x00000000f1700000,0x00000000f2280000)
 ParOldGen       total 55808K, used 9550K [0x00000000c0000000, 0x00000000c3680000, 0x00000000eab00000)
  object space 55808K, 17% used [0x00000000c0000000,0x00000000c0953b38,0x00000000c3680000)
 Metaspace       used 26491K, capacity 26994K, committed 27264K, reserved 1073152K
  class space    used 3716K, capacity 3891K, committed 3968K, reserved 1048576K
}
Event: 13.695 GC heap before
{Heap before GC invocations=8 (full 1):
 PSYoungGen      total 121344K, used 119568K [0x00000000eab00000, 0x00000000f2f00000, 0x0000000100000000)
  eden space 110592K, 100% used [0x00000000eab00000,0x00000000f1700000,0x00000000f1700000)
  from space 10752K, 83% used [0x00000000f2280000,0x00000000f2b44058,0x00000000f2d00000)
  to   space 11776K, 0% used [0x00000000f1700000,0x00000000f1700000,0x00000000f2280000)
 ParOldGen       total 55808K, used 9550K [0x00000000c0000000, 0x00000000c3680000, 0x00000000eab00000)
  object space 55808K, 17% used [0x00000000c0000000,0x00000000c0953b38,0x00000000c3680000)
 Metaspace       used 30724K, capacity 31344K, committed 31616K, reserved 1077248K
  class space    used 4389K, capacity 4614K, committed 4736K, reserved 1048576K
Event: 13.715 GC heap after
Heap after GC invocations=8 (full 1):
 PSYoungGen      total 122368K, used 11744K [0x00000000eab00000, 0x00000000f2f00000, 0x0000000100000000)
  eden space 110592K, 0% used [0x00000000eab00000,0x00000000eab00000,0x00000000f1700000)
  from space 11776K, 99% used [0x00000000f1700000,0x00000000f2278010,0x00000000f2280000)
  to   space 10752K, 0% used [0x00000000f2280000,0x00000000f2280000,0x00000000f2d00000)
 ParOldGen       total 55808K, used 16065K [0x00000000c0000000, 0x00000000c3680000, 0x00000000eab00000)
  object space 55808K, 28% used [0x00000000c0000000,0x00000000c0fb0430,0x00000000c3680000)
 Metaspace       used 30724K, capacity 31344K, committed 31616K, reserved 1077248K
  class space    used 4389K, capacity 4614K, committed 4736K, reserved 1048576K
}
Event: 17.834 GC heap before
{Heap before GC invocations=9 (full 1):
 PSYoungGen      total 122368K, used 32648K [0x00000000eab00000, 0x00000000f2f00000, 0x0000000100000000)
  eden space 110592K, 18% used [0x00000000eab00000,0x00000000ebf6a020,0x00000000f1700000)
  from space 11776K, 99% used [0x00000000f1700000,0x00000000f2278010,0x00000000f2280000)
  to   space 10752K, 0% used [0x00000000f2280000,0x00000000f2280000,0x00000000f2d00000)
 ParOldGen       total 55808K, used 16065K [0x00000000c0000000, 0x00000000c3680000, 0x00000000eab00000)
  object space 55808K, 28% used [0x00000000c0000000,0x00000000c0fb0430,0x00000000c3680000)
 Metaspace       used 34639K, capacity 35332K, committed 35416K, reserved 1079296K
  class space    used 4944K, capacity 5198K, committed 5248K, reserved 1048576K
Event: 17.852 GC heap after
Heap after GC invocations=9 (full 1):
 PSYoungGen      total 121344K, used 10740K [0x00000000eab00000, 0x00000000f2f00000, 0x0000000100000000)
  eden space 110592K, 0% used [0x00000000eab00000,0x00000000eab00000,0x00000000f1700000)
  from space 10752K, 99% used [0x00000000f2280000,0x00000000f2cfd020,0x00000000f2d00000)
  to   space 11776K, 0% used [0x00000000f1700000,0x00000000f1700000,0x00000000f2280000)
 ParOldGen       total 55808K, used 18882K [0x00000000c0000000, 0x00000000c3680000, 0x00000000eab00000)
  object space 55808K, 33% used [0x00000000c0000000,0x00000000c12709b0,0x00000000c3680000)
 Metaspace       used 34639K, capacity 35332K, committed 35416K, reserved 1079296K
  class space    used 4944K, capacity 5198K, committed 5248K, reserved 1048576K
}
Event: 17.852 GC heap before
{Heap before GC invocations=10 (full 2):
 PSYoungGen      total 121344K, used 10740K [0x00000000eab00000, 0x00000000f2f00000, 0x0000000100000000)
  eden space 110592K, 0% used [0x00000000eab00000,0x00000000eab00000,0x00000000f1700000)
  from space 10752K, 99% used [0x00000000f2280000,0x00000000f2cfd020,0x00000000f2d00000)
  to   space 11776K, 0% used [0x00000000f1700000,0x00000000f1700000,0x00000000f2280000)
 ParOldGen       total 55808K, used 18882K [0x00000000c0000000, 0x00000000c3680000, 0x00000000eab00000)
  object space 55808K, 33% used [0x00000000c0000000,0x00000000c12709b0,0x00000000c3680000)
 Metaspace       used 34639K, capacity 35332K, committed 35416K, reserved 1079296K
  class space    used 4944K, capacity 5198K, committed 5248K, reserved 1048576K
Event: 18.004 GC heap after
Heap after GC invocations=10 (full 2):
 PSYoungGen      total 121344K, used 0K [0x00000000eab00000, 0x00000000f2f00000, 0x0000000100000000)
  eden space 110592K, 0% used [0x00000000eab00000,0x00000000eab00000,0x00000000f1700000)
  from space 10752K, 0% used [0x00000000f2280000,0x00000000f2280000,0x00000000f2d00000)
  to   space 11776K, 0% used [0x00000000f1700000,0x00000000f1700000,0x00000000f2280000)
 ParOldGen       total 88064K, used 22607K [0x00000000c0000000, 0x00000000c5600000, 0x00000000eab00000)
  object space 88064K, 25% used [0x00000000c0000000,0x00000000c1613c88,0x00000000c5600000)
 Metaspace       used 34639K, capacity 35332K, committed 35416K, reserved 1079296K
  class space    used 4944K, capacity 5198K, committed 5248K, reserved 1048576K
}

Deoptimization events (10 events):
Event: 28.767 Thread 0x0000000017f20800 Uncommon trap: reason=unstable_if action=reinterpret pc=0x0000000003d63864 method=com.sun.tools.javac.code.Scope.enter(Lcom/sun/tools/javac/code/Symbol;Lcom/sun/tools/javac/code/Scope;Lcom/sun/tools/javac/code/Scope;Z)V @ 116
Event: 28.767 Thread 0x0000000017f20800 Uncommon trap: reason=unstable_if action=reinterpret pc=0x0000000003df00a8 method=com.sun.tools.javac.code.Types$15.visitClassType(Lcom/sun/tools/javac/code/Type$ClassType;Ljava/lang/Boolean;)Lcom/sun/tools/javac/code/Type; @ 16
Event: 28.767 Thread 0x0000000017f20800 Uncommon trap: reason=unstable_if action=reinterpret pc=0x0000000003decd7c method=com.sun.tools.javac.code.Types$15.visitType(Lcom/sun/tools/javac/code/Type;Ljava/lang/Boolean;)Lcom/sun/tools/javac/code/Type; @ 14
Event: 28.767 Thread 0x0000000017f20800 Uncommon trap: reason=bimorphic action=maybe_recompile pc=0x00000000034a5c14 method=com.sun.tools.javac.code.Types$19.visitClassType(Lcom/sun/tools/javac/code/Type$ClassType;Ljava/lang/Void;)Lcom/sun/tools/javac/util/List; @ 46
Event: 28.768 Thread 0x0000000017f20800 Uncommon trap: reason=class_check action=maybe_recompile pc=0x0000000004046028 method=com.sun.tools.javac.code.Types$13.visitClassType(Lcom/sun/tools/javac/code/Type$ClassType;Lcom/sun/tools/javac/code/Symbol;)Lcom/sun/tools/javac/code/Type; @ 94
Event: 28.814 Thread 0x0000000017f20800 Uncommon trap: reason=class_check action=maybe_recompile pc=0x0000000004046028 method=com.sun.tools.javac.code.Types$13.visitClassType(Lcom/sun/tools/javac/code/Type$ClassType;Lcom/sun/tools/javac/code/Symbol;)Lcom/sun/tools/javac/code/Type; @ 94
Event: 28.824 Thread 0x0000000017f20800 Uncommon trap: reason=bimorphic action=maybe_recompile pc=0x000000000402b05c method=com.sun.tools.javac.code.Scope$CompoundScope$CompoundScopeIterator.next()Lcom/sun/tools/javac/code/Symbol; @ 4
Event: 28.825 Thread 0x0000000017f20800 Uncommon trap: reason=bimorphic action=maybe_recompile pc=0x000000000402b05c method=com.sun.tools.javac.code.Scope$CompoundScope$CompoundScopeIterator.next()Lcom/sun/tools/javac/code/Symbol; @ 4
Event: 28.825 Thread 0x0000000017f20800 Uncommon trap: reason=bimorphic action=maybe_recompile pc=0x000000000402b05c method=com.sun.tools.javac.code.Scope$CompoundScope$CompoundScopeIterator.next()Lcom/sun/tools/javac/code/Symbol; @ 4
Event: 28.825 Thread 0x0000000017f20800 Uncommon trap: reason=bimorphic action=maybe_recompile pc=0x000000000402b05c method=com.sun.tools.javac.code.Scope$CompoundScope$CompoundScopeIterator.next()Lcom/sun/tools/javac/code/Symbol; @ 4

Internal exceptions (10 events):
Event: 10.937 Thread 0x0000000017f20800 Exception <a 'java/lang/ClassNotFoundException': org/gradle/api/internal/file/DefaultFileLookupCustomizer> (0x00000000ef6bc560) thrown at [C:\re\workspace\8-2-build-windows-amd64-cygwin\jdk8u131\8869\hotspot\src\share\vm\classfile\systemDictionary.cpp, li
Event: 10.939 Thread 0x0000000017f20800 Exception <a 'java/lang/ClassNotFoundException': org/gradle/api/internal/file/BaseDirFileResolverBeanInfo> (0x00000000ef6eaf68) thrown at [C:\re\workspace\8-2-build-windows-amd64-cygwin\jdk8u131\8869\hotspot\src\share\vm\classfile\systemDictionary.cpp, li
Event: 10.940 Thread 0x0000000017f20800 Exception <a 'java/lang/ClassNotFoundException': org/gradle/api/internal/file/AbstractFileResolverBeanInfo> (0x00000000ef6fa2a8) thrown at [C:\re\workspace\8-2-build-windows-amd64-cygwin\jdk8u131\8869\hotspot\src\share\vm\classfile\systemDictionary.cpp, l
Event: 10.940 Thread 0x0000000017f20800 Exception <a 'java/lang/ClassNotFoundException': org/gradle/api/internal/file/AbstractFileResolverCustomizer> (0x00000000ef709f28) thrown at [C:\re\workspace\8-2-build-windows-amd64-cygwin\jdk8u131\8869\hotspot\src\share\vm\classfile\systemDictionary.cpp,
Event: 10.940 Thread 0x0000000017f20800 Exception <a 'java/lang/ClassNotFoundException': org/gradle/api/internal/file/BaseDirFileResolverCustomizer> (0x00000000ef7266c8) thrown at [C:\re\workspace\8-2-build-windows-amd64-cygwin\jdk8u131\8869\hotspot\src\share\vm\classfile\systemDictionary.cpp, 
Event: 13.496 Thread 0x0000000017f20800 Implicit null exception at 0x0000000003b4cb2f to 0x0000000003b4ce05
Event: 13.740 Thread 0x0000000017f20800 Implicit null exception at 0x0000000003285da5 to 0x00000000032862f5
Event: 25.301 Thread 0x0000000017f20800 Exception <a 'java/io/FileNotFoundException'> (0x00000000ec5fe3b8) thrown at [C:\re\workspace\8-2-build-windows-amd64-cygwin\jdk8u131\8869\hotspot\src\share\vm\prims\jni.cpp, line 709]
Event: 25.305 Thread 0x0000000017f20800 Exception <a 'java/io/FileNotFoundException'> (0x00000000ec631ef0) thrown at [C:\re\workspace\8-2-build-windows-amd64-cygwin\jdk8u131\8869\hotspot\src\share\vm\prims\jni.cpp, line 709]
Event: 27.868 Thread 0x0000000017f20800 Implicit null exception at 0x0000000003fe1fa8 to 0x0000000003fe2f29

Events (10 events):
Event: 28.919 loading class com/sun/tools/javac/jvm/ClassFile$NameAndType
Event: 28.919 loading class com/sun/tools/javac/jvm/ClassFile$NameAndType done
Event: 28.921 Thread 0x00000000154a8000 flushing nmethod 0x00000000036f0e50
Event: 28.923 Thread 0x00000000154a8000 flushing nmethod 0x0000000003978550
Event: 28.927 Thread 0x00000000154a8000 flushing nmethod 0x0000000003a4ad50
Event: 28.927 Thread 0x00000000154a8000 flushing nmethod 0x0000000003a4dcd0
Event: 28.927 Thread 0x00000000154a8000 flushing nmethod 0x0000000003aa4550
Event: 28.927 Thread 0x00000000154a8000 flushing nmethod 0x0000000003ab5290
Event: 28.928 Thread 0x00000000154a8000 flushing nmethod 0x0000000003ab7450
Event: 28.928 Thread 0x00000000154a8000 flushing nmethod 0x0000000003ab9a10


Dynamic libraries:
0x00007ff6f5580000 - 0x00007ff6f55b7000 	C:\Program Files\Java\jdk1.8.0_131\bin\java.exe
0x00007ffb47ca0000 - 0x00007ffb47e71000 	C:\WINDOWS\SYSTEM32\ntdll.dll
0x00007ffb47780000 - 0x00007ffb4782c000 	C:\WINDOWS\System32\KERNEL32.DLL
0x00007ffb44d20000 - 0x00007ffb44f3d000 	C:\WINDOWS\System32\KERNELBASE.dll
0x00007ffb47bf0000 - 0x00007ffb47c92000 	C:\WINDOWS\System32\ADVAPI32.dll
0x00007ffb45870000 - 0x00007ffb4590e000 	C:\WINDOWS\System32\msvcrt.dll
0x00007ffb45910000 - 0x00007ffb45969000 	C:\WINDOWS\System32\sechost.dll
0x00007ffb470b0000 - 0x00007ffb471d1000 	C:\WINDOWS\System32\RPCRT4.dll
0x00007ffb471e0000 - 0x00007ffb47345000 	C:\WINDOWS\System32\USER32.dll
0x00007ffb450f0000 - 0x00007ffb4510e000 	C:\WINDOWS\System32\win32u.dll
0x00007ffb47350000 - 0x00007ffb47384000 	C:\WINDOWS\System32\GDI32.dll
0x00007ffb44230000 - 0x00007ffb443b2000 	C:\WINDOWS\System32\gdi32full.dll
0x00007ffb360b0000 - 0x00007ffb3632a000 	C:\WINDOWS\WinSxS\amd64_microsoft.windows.common-controls_6595b64144ccf1df_6.0.14393.953_none_42151e83c686086b\COMCTL32.dll
0x00007ffb478c0000 - 0x00007ffb47b88000 	C:\WINDOWS\System32\combase.dll
0x00007ffb44ff0000 - 0x00007ffb450e5000 	C:\WINDOWS\System32\ucrtbase.dll
0x00007ffb451c0000 - 0x00007ffb4522a000 	C:\WINDOWS\System32\bcryptPrimitives.dll
0x00007ffb47890000 - 0x00007ffb478be000 	C:\WINDOWS\System32\IMM32.DLL
0x0000000075860000 - 0x0000000075932000 	C:\Program Files\Java\jdk1.8.0_131\jre\bin\msvcr100.dll
0x00000000738c0000 - 0x000000007415c000 	C:\Program Files\Java\jdk1.8.0_131\jre\bin\server\jvm.dll
0x00007ffb47000000 - 0x00007ffb47008000 	C:\WINDOWS\System32\PSAPI.DLL
0x00007ffb42310000 - 0x00007ffb42333000 	C:\WINDOWS\SYSTEM32\WINMM.dll
0x00007ffb34a70000 - 0x00007ffb34a7a000 	C:\WINDOWS\SYSTEM32\VERSION.dll
0x00007ffb34960000 - 0x00007ffb34969000 	C:\WINDOWS\SYSTEM32\WSOCK32.dll
0x00007ffb45370000 - 0x00007ffb453da000 	C:\WINDOWS\System32\WS2_32.dll
0x00007ffb42210000 - 0x00007ffb4223b000 	C:\WINDOWS\SYSTEM32\WINMMBASE.dll
0x00007ffb45170000 - 0x00007ffb451b2000 	C:\WINDOWS\System32\cfgmgr32.dll
0x0000000050000000 - 0x000000005000f000 	C:\Program Files\Java\jdk1.8.0_131\jre\bin\verify.dll
0x0000000077b30000 - 0x0000000077b59000 	C:\Program Files\Java\jdk1.8.0_131\jre\bin\java.dll
0x0000000077b10000 - 0x0000000077b26000 	C:\Program Files\Java\jdk1.8.0_131\jre\bin\zip.dll
0x00007ffb45970000 - 0x00007ffb46e78000 	C:\WINDOWS\System32\SHELL32.dll
0x00007ffb44640000 - 0x00007ffb44d1a000 	C:\WINDOWS\System32\windows.storage.dll
0x00007ffb44140000 - 0x00007ffb4418c000 	C:\WINDOWS\System32\powrprof.dll
0x00007ffb45810000 - 0x00007ffb45862000 	C:\WINDOWS\System32\shlwapi.dll
0x00007ffb44130000 - 0x00007ffb4413f000 	C:\WINDOWS\System32\kernel.appcore.dll
0x00007ffb44f40000 - 0x00007ffb44fe9000 	C:\WINDOWS\System32\shcore.dll
0x00007ffb44110000 - 0x00007ffb44124000 	C:\WINDOWS\System32\profapi.dll
0x0000000050030000 - 0x000000005004a000 	C:\Program Files\Java\jdk1.8.0_131\jre\bin\net.dll
0x00007ffb43a30000 - 0x00007ffb43a8c000 	C:\WINDOWS\system32\mswsock.dll
0x0000000050010000 - 0x0000000050021000 	C:\Program Files\Java\jdk1.8.0_131\jre\bin\nio.dll
0x00007ffb38ab0000 - 0x00007ffb38ac2000 	C:\Users\rama\.gradle\native\19\windows-amd64\native-platform.dll
0x00007ffb437b0000 - 0x00007ffb437e8000 	C:\WINDOWS\SYSTEM32\IPHLPAPI.DLL
0x00007ffb46ef0000 - 0x00007ffb46ef8000 	C:\WINDOWS\System32\NSI.dll
0x00007ffb40760000 - 0x00007ffb40776000 	C:\WINDOWS\SYSTEM32\dhcpcsvc6.DLL
0x00007ffb407d0000 - 0x00007ffb407ea000 	C:\WINDOWS\SYSTEM32\dhcpcsvc.DLL
0x00007ffb43bd0000 - 0x00007ffb43be7000 	C:\WINDOWS\SYSTEM32\CRYPTSP.dll
0x00007ffb43630000 - 0x00007ffb43663000 	C:\WINDOWS\system32\rsaenh.dll
0x00007ffb43ce0000 - 0x00007ffb43d0b000 	C:\WINDOWS\SYSTEM32\bcrypt.dll
0x00007ffb438b0000 - 0x00007ffb438cf000 	C:\WINDOWS\SYSTEM32\USERENV.dll
0x00007ffb43bf0000 - 0x00007ffb43bfb000 	C:\WINDOWS\SYSTEM32\CRYPTBASE.dll

VM Arguments:
jvm_args: -XX:MaxPermSize=256m -XX:+HeapDumpOnOutOfMemoryError -Xmx1024m -Dfile.encoding=windows-1252 -Duser.country=US -Duser.language=en -Duser.variant 
java_command: org.gradle.launcher.daemon.bootstrap.GradleDaemon 2.12
java_class_path (initial): C:\Users\rama\.gradle\wrapper\dists\gradle-2.12-all\8ywkdai6puj5z81fume4e7njw\gradle-2.12\lib\gradle-launcher-2.12.jar
Launcher Type: SUN_STANDARD

Environment Variables:
JAVA_HOME=C:\Program Files\Java\jdk1.8.0_131
PATH=C:\Program Files (x86)\Lenovo\FusionEngine;C:\WINDOWS\system32;C:\WINDOWS;C:\WINDOWS\System32\Wbem;C:\WINDOWS\System32\WindowsPowerShell\v1.0\;C:\Program Files (x86)\Common Files\lenovo\easyplussdk\bin;C:\Program Files (x86)\ATI Technologies\ATI.ACE\Core-Static;C:\Program Files\Intel\WiFi\bin\;C:\Program Files\Common Files\Intel\WirelessCommon\;C:\Gradle\gradle-3.5-bin\gradle-3.5\bin;C:\Program Files\LLVM\bin;D:\python;D:\python\Scripts;D:\python\Library\bin;C:\Users\rama\Anaconda2;C:\Users\rama\Anaconda2\Scripts;C:\Users\rama\Anaconda2\Library\bin;C:\Users\rama\AppData\Local\Microsoft\WindowsApps;
USERNAME=rama
OS=Windows_NT
PROCESSOR_IDENTIFIER=Intel64 Family 6 Model 78 Stepping 3, GenuineIntel



---------------  S Y S T E M  ---------------

OS: Windows 10.0 , 64 bit Build 14393 (10.0.14393.1198)

CPU:total 4 (initial active 4) (2 cores per cpu, 2 threads per core) family 6 model 78 stepping 3, cmov, cx8, fxsr, mmx, sse, sse2, sse3, ssse3, sse4.1, sse4.2, popcnt, avx, avx2, aes, clmul, erms, 3dnowpref, lzcnt, ht, tsc, tscinvbit, bmi1, bmi2, adx

Memory: 4k page, physical 8245152k(1472668k free), swap 33410976k(1052k free)

vm_info: Java HotSpot(TM) 64-Bit Server VM (25.131-b11) for windows-amd64 JRE (1.8.0_131-b11), built on Mar 15 2017 01:23:53 by "java_re" with MS VC++ 10.0 (VS2010)

time: Fri Jun 16 13:53:55 2017
elapsed time: 28 seconds (0d 0h 0m 28s)

